[0.019s] Invoking command in '/home/lenovo/Desktop/mogi_ws/build/ros2_tutorials_cpp': CMAKE_PREFIX_PATH=${CMAKE_PREFIX_PATH}:/home/lenovo/Desktop/mogi_ws/install/ros2_tutorials_py:/home/lenovo/Desktop/ws_camera/install/ros2_opencv:/home/lenovo/Desktop/ros2_ws/install/my_py_pkg:/opt/ros/jazzy DEBUGINFOD_URLS=https://debuginfod.ubuntu.com /usr/bin/cmake --build /home/lenovo/Desktop/mogi_ws/build/ros2_tutorials_cpp -- -j12 -l12
[0.071s] [ 50%] Built target publisher_cpp
[0.078s] [ 75%] [32mBuilding CXX object CMakeFiles/subscriber_cpp.dir/src/subscriber.cpp.o[0m
[4.958s] [100%] [32m[1mLinking CXX executable subscriber_cpp[0m
[5.156s] [100%] Built target subscriber_cpp
[5.166s] Invoked command in '/home/lenovo/Desktop/mogi_ws/build/ros2_tutorials_cpp' returned '0': CMAKE_PREFIX_PATH=${CMAKE_PREFIX_PATH}:/home/lenovo/Desktop/mogi_ws/install/ros2_tutorials_py:/home/lenovo/Desktop/ws_camera/install/ros2_opencv:/home/lenovo/Desktop/ros2_ws/install/my_py_pkg:/opt/ros/jazzy DEBUGINFOD_URLS=https://debuginfod.ubuntu.com /usr/bin/cmake --build /home/lenovo/Desktop/mogi_ws/build/ros2_tutorials_cpp -- -j12 -l12
[5.167s] Invoking command in '/home/lenovo/Desktop/mogi_ws/build/ros2_tutorials_cpp': CMAKE_PREFIX_PATH=${CMAKE_PREFIX_PATH}:/home/lenovo/Desktop/mogi_ws/install/ros2_tutorials_py:/home/lenovo/Desktop/ws_camera/install/ros2_opencv:/home/lenovo/Desktop/ros2_ws/install/my_py_pkg:/opt/ros/jazzy DEBUGINFOD_URLS=https://debuginfod.ubuntu.com /usr/bin/cmake --install /home/lenovo/Desktop/mogi_ws/build/ros2_tutorials_cpp
[5.174s] -- Install configuration: ""
[5.174s] -- Up-to-date: /home/lenovo/Desktop/mogi_ws/install/ros2_tutorials_cpp/lib/ros2_tutorials_cpp/publisher_cpp
[5.174s] -- Installing: /home/lenovo/Desktop/mogi_ws/install/ros2_tutorials_cpp/lib/ros2_tutorials_cpp/subscriber_cpp
[5.177s] -- Set non-toolchain portion of runtime path of "/home/lenovo/Desktop/mogi_ws/install/ros2_tutorials_cpp/lib/ros2_tutorials_cpp/subscriber_cpp" to ""
[5.177s] -- Up-to-date: /home/lenovo/Desktop/mogi_ws/install/ros2_tutorials_cpp/share/ament_index/resource_index/package_run_dependencies/ros2_tutorials_cpp
[5.177s] -- Up-to-date: /home/lenovo/Desktop/mogi_ws/install/ros2_tutorials_cpp/share/ament_index/resource_index/parent_prefix_path/ros2_tutorials_cpp
[5.177s] -- Up-to-date: /home/lenovo/Desktop/mogi_ws/install/ros2_tutorials_cpp/share/ros2_tutorials_cpp/environment/ament_prefix_path.sh
[5.177s] -- Up-to-date: /home/lenovo/Desktop/mogi_ws/install/ros2_tutorials_cpp/share/ros2_tutorials_cpp/environment/ament_prefix_path.dsv
[5.177s] -- Up-to-date: /home/lenovo/Desktop/mogi_ws/install/ros2_tutorials_cpp/share/ros2_tutorials_cpp/environment/path.sh
[5.177s] -- Up-to-date: /home/lenovo/Desktop/mogi_ws/install/ros2_tutorials_cpp/share/ros2_tutorials_cpp/environment/path.dsv
[5.178s] -- Up-to-date: /home/lenovo/Desktop/mogi_ws/install/ros2_tutorials_cpp/share/ros2_tutorials_cpp/local_setup.bash
[5.178s] -- Up-to-date: /home/lenovo/Desktop/mogi_ws/install/ros2_tutorials_cpp/share/ros2_tutorials_cpp/local_setup.sh
[5.178s] -- Up-to-date: /home/lenovo/Desktop/mogi_ws/install/ros2_tutorials_cpp/share/ros2_tutorials_cpp/local_setup.zsh
[5.178s] -- Up-to-date: /home/lenovo/Desktop/mogi_ws/install/ros2_tutorials_cpp/share/ros2_tutorials_cpp/local_setup.dsv
[5.178s] -- Installing: /home/lenovo/Desktop/mogi_ws/install/ros2_tutorials_cpp/share/ros2_tutorials_cpp/package.dsv
[5.178s] -- Up-to-date: /home/lenovo/Desktop/mogi_ws/install/ros2_tutorials_cpp/share/ament_index/resource_index/packages/ros2_tutorials_cpp
[5.178s] -- Up-to-date: /home/lenovo/Desktop/mogi_ws/install/ros2_tutorials_cpp/share/ros2_tutorials_cpp/cmake/ros2_tutorials_cppConfig.cmake
[5.178s] -- Up-to-date: /home/lenovo/Desktop/mogi_ws/install/ros2_tutorials_cpp/share/ros2_tutorials_cpp/cmake/ros2_tutorials_cppConfig-version.cmake
[5.178s] -- Up-to-date: /home/lenovo/Desktop/mogi_ws/install/ros2_tutorials_cpp/share/ros2_tutorials_cpp/package.xml
[5.179s] Invoked command in '/home/lenovo/Desktop/mogi_ws/build/ros2_tutorials_cpp' returned '0': CMAKE_PREFIX_PATH=${CMAKE_PREFIX_PATH}:/home/lenovo/Desktop/mogi_ws/install/ros2_tutorials_py:/home/lenovo/Desktop/ws_camera/install/ros2_opencv:/home/lenovo/Desktop/ros2_ws/install/my_py_pkg:/opt/ros/jazzy DEBUGINFOD_URLS=https://debuginfod.ubuntu.com /usr/bin/cmake --install /home/lenovo/Desktop/mogi_ws/build/ros2_tutorials_cpp
