[0.050s] Invoking command in '/home/lenovo/Desktop/mogi_ws/build/ros2_tutorials_interfaces': CMAKE_PREFIX_PATH=${CMAKE_PREFIX_PATH}:/home/lenovo/Desktop/mogi_ws/install/ros2_tutorials_py:/home/lenovo/Desktop/ws_camera/install/ros2_opencv:/home/lenovo/Desktop/ros2_ws/install/my_py_pkg:/opt/ros/jazzy DEBUGINFOD_URLS=https://debuginfod.ubuntu.com /usr/bin/cmake /home/lenovo/Desktop/mogi_ws/src/ros2_tutorials_interfaces -DCMAKE_INSTALL_PREFIX=/home/lenovo/Desktop/mogi_ws/install/ros2_tutorials_interfaces
[0.260s] -- The C compiler identification is GNU 13.3.0
[0.537s] -- The CXX compiler identification is GNU 13.3.0
[0.638s] -- Detecting C compiler ABI info
[1.093s] -- Detecting C compiler ABI info - done
[1.132s] -- Check for working C compiler: /usr/bin/cc - skipped
[1.133s] -- Detecting C compile features
[1.134s] -- Detecting C compile features - done
[1.190s] -- Detecting CXX compiler ABI info
[1.662s] -- Detecting CXX compiler ABI info - done
[1.729s] -- Check for working CXX compiler: /usr/bin/c++ - skipped
[1.731s] -- Detecting CXX compile features
[1.734s] -- Detecting CXX compile features - done
[1.772s] -- Found ament_cmake: 2.5.3 (/opt/ros/jazzy/share/ament_cmake/cmake)
[2.195s] -- Found Python3: /usr/bin/python3 (found version "3.12.3") found components: Interpreter 
[2.950s] -- Found rosidl_default_generators: 1.6.0 (/opt/ros/jazzy/share/rosidl_default_generators/cmake)
[3.013s] -- Using all available rosidl_typesupport_c: rosidl_typesupport_fastrtps_c;rosidl_typesupport_introspection_c
[3.382s] -- Using all available rosidl_typesupport_cpp: rosidl_typesupport_fastrtps_cpp;rosidl_typesupport_introspection_cpp
[3.732s] -- Found rosidl_adapter: 4.6.5 (/opt/ros/jazzy/share/rosidl_adapter/cmake)
[6.037s] -- Found ament_cmake_ros: 0.12.0 (/opt/ros/jazzy/share/ament_cmake_ros/cmake)
[7.370s] -- Using all available rosidl_typesupport_c: rosidl_typesupport_fastrtps_c;rosidl_typesupport_introspection_c
[9.134s] -- Using all available rosidl_typesupport_cpp: rosidl_typesupport_fastrtps_cpp;rosidl_typesupport_introspection_cpp
[9.152s] -- Found python_cmake_module: 0.11.1 (/opt/ros/jazzy/share/python_cmake_module/cmake)
[9.689s] -- Found PythonExtra: /usr/bin/python3  
[10.625s] -- Found Python3: /usr/bin/python3 (found version "3.12.3") found components: Interpreter Development NumPy Development.Module Development.Embed 
[10.708s] -- Found ament_lint_auto: 0.17.1 (/opt/ros/jazzy/share/ament_lint_auto/cmake)
[10.761s] -- Added test 'lint_cmake' to check CMake code style
[10.764s] -- Added test 'xmllint' to check XML markup files
[10.774s] -- Configuring done (10.7s)
[10.886s] -- Generating done (0.1s)
[10.913s] -- Build files have been written to: /home/lenovo/Desktop/mogi_ws/build/ros2_tutorials_interfaces
[10.947s] Invoked command in '/home/lenovo/Desktop/mogi_ws/build/ros2_tutorials_interfaces' returned '0': CMAKE_PREFIX_PATH=${CMAKE_PREFIX_PATH}:/home/lenovo/Desktop/mogi_ws/install/ros2_tutorials_py:/home/lenovo/Desktop/ws_camera/install/ros2_opencv:/home/lenovo/Desktop/ros2_ws/install/my_py_pkg:/opt/ros/jazzy DEBUGINFOD_URLS=https://debuginfod.ubuntu.com /usr/bin/cmake /home/lenovo/Desktop/mogi_ws/src/ros2_tutorials_interfaces -DCMAKE_INSTALL_PREFIX=/home/lenovo/Desktop/mogi_ws/install/ros2_tutorials_interfaces
[10.950s] Invoking command in '/home/lenovo/Desktop/mogi_ws/build/ros2_tutorials_interfaces': CMAKE_PREFIX_PATH=${CMAKE_PREFIX_PATH}:/home/lenovo/Desktop/mogi_ws/install/ros2_tutorials_py:/home/lenovo/Desktop/ws_camera/install/ros2_opencv:/home/lenovo/Desktop/ros2_ws/install/my_py_pkg:/opt/ros/jazzy DEBUGINFOD_URLS=https://debuginfod.ubuntu.com /usr/bin/cmake --build /home/lenovo/Desktop/mogi_ws/build/ros2_tutorials_interfaces -- -j12 -l12
[11.081s] [  2%] [34m[1mGenerating type hashes for ROS interfaces[0m
[11.116s] [  2%] Built target ament_cmake_python_copy_ros2_tutorials_interfaces
[12.219s] [  2%] Built target ros2_tutorials_interfaces__rosidl_generator_type_description
[12.280s] [  5%] [34m[1mGenerating C code for ROS interfaces[0m
[12.353s] [  8%] [34m[1mGenerating C++ code for ROS interfaces[0m
[12.442s] running egg_info
[12.446s] creating ros2_tutorials_interfaces.egg-info
[12.610s] writing ros2_tutorials_interfaces.egg-info/PKG-INFO
[12.612s] writing dependency_links to ros2_tutorials_interfaces.egg-info/dependency_links.txt
[12.613s] writing top-level names to ros2_tutorials_interfaces.egg-info/top_level.txt
[12.614s] writing manifest file 'ros2_tutorials_interfaces.egg-info/SOURCES.txt'
[13.091s] reading manifest file 'ros2_tutorials_interfaces.egg-info/SOURCES.txt'
[13.096s] writing manifest file 'ros2_tutorials_interfaces.egg-info/SOURCES.txt'
[13.339s] [  8%] Built target ament_cmake_python_build_ros2_tutorials_interfaces_egg
[13.976s] [  8%] Built target ros2_tutorials_interfaces__cpp
[13.997s] [ 14%] [32mBuilding C object CMakeFiles/ros2_tutorials_interfaces__rosidl_generator_c.dir/rosidl_generator_c/ros2_tutorials_interfaces/srv/detail/custom_calc__functions.c.o[0m
[13.998s] [ 14%] [32mBuilding C object CMakeFiles/ros2_tutorials_interfaces__rosidl_generator_c.dir/rosidl_generator_c/ros2_tutorials_interfaces/srv/detail/custom_calc__description.c.o[0m
[14.006s] [ 17%] [32mBuilding C object CMakeFiles/ros2_tutorials_interfaces__rosidl_generator_c.dir/rosidl_generator_c/ros2_tutorials_interfaces/srv/detail/custom_calc__type_support.c.o[0m
[14.235s] [ 20%] [32m[1mLinking C shared library libros2_tutorials_interfaces__rosidl_generator_c.so[0m
[14.426s] [ 20%] Built target ros2_tutorials_interfaces__rosidl_generator_c
[14.476s] [ 26%] [34m[1mGenerating C++ type support dispatch for ROS interfaces[0m
[14.477s] [ 26%] [34m[1mGenerating C++ introspection for ROS interfaces[0m
[14.477s] [ 29%] [34m[1mGenerating C type support dispatch for ROS interfaces[0m
[14.478s] [ 35%] [34m[1mGenerating C++ type support for eProsima Fast-RTPS[0m
[14.478s] [ 35%] [34m[1mGenerating C type support for eProsima Fast-RTPS[0m
[14.478s] [ 38%] [34m[1mGenerating C introspection for ROS interfaces[0m
[15.156s] [ 41%] [32mBuilding CXX object CMakeFiles/ros2_tutorials_interfaces__rosidl_typesupport_c.dir/rosidl_typesupport_c/ros2_tutorials_interfaces/srv/custom_calc__type_support.cpp.o[0m
[15.174s] [ 44%] [32mBuilding CXX object CMakeFiles/ros2_tutorials_interfaces__rosidl_typesupport_cpp.dir/rosidl_typesupport_cpp/ros2_tutorials_interfaces/srv/custom_calc__type_support.cpp.o[0m
[15.476s] [ 47%] [32mBuilding C object CMakeFiles/ros2_tutorials_interfaces__rosidl_typesupport_introspection_c.dir/rosidl_typesupport_introspection_c/ros2_tutorials_interfaces/srv/detail/custom_calc__type_support.c.o[0m
[15.486s] [ 50%] [32m[1mLinking CXX shared library libros2_tutorials_interfaces__rosidl_typesupport_c.so[0m
[15.523s] [ 52%] [32mBuilding CXX object CMakeFiles/ros2_tutorials_interfaces__rosidl_typesupport_introspection_cpp.dir/rosidl_typesupport_introspection_cpp/ros2_tutorials_interfaces/srv/detail/custom_calc__type_support.cpp.o[0m
[15.770s] [ 52%] Built target ros2_tutorials_interfaces__rosidl_typesupport_c
[15.800s] [ 55%] [32m[1mLinking C shared library libros2_tutorials_interfaces__rosidl_typesupport_introspection_c.so[0m
[15.978s] [ 58%] [32mBuilding CXX object CMakeFiles/ros2_tutorials_interfaces__rosidl_typesupport_fastrtps_cpp.dir/rosidl_typesupport_fastrtps_cpp/ros2_tutorials_interfaces/srv/detail/dds_fastrtps/custom_calc__type_support.cpp.o[0m
[16.000s] [ 58%] Built target ros2_tutorials_interfaces__rosidl_typesupport_introspection_c
[16.012s] [ 61%] [32mBuilding CXX object CMakeFiles/ros2_tutorials_interfaces__rosidl_typesupport_fastrtps_c.dir/rosidl_typesupport_fastrtps_c/ros2_tutorials_interfaces/srv/detail/custom_calc__type_support_c.cpp.o[0m
[17.647s] [ 64%] [32m[1mLinking CXX shared library libros2_tutorials_interfaces__rosidl_typesupport_cpp.so[0m
[17.784s] [ 67%] [32m[1mLinking CXX shared library libros2_tutorials_interfaces__rosidl_typesupport_introspection_cpp.so[0m
[17.889s] [ 67%] Built target ros2_tutorials_interfaces__rosidl_typesupport_cpp
[17.969s] [ 67%] Built target ros2_tutorials_interfaces__rosidl_typesupport_introspection_cpp
[18.092s] [ 70%] [32m[1mLinking CXX shared library libros2_tutorials_interfaces__rosidl_typesupport_fastrtps_c.so[0m
[18.204s] [ 70%] Built target ros2_tutorials_interfaces__rosidl_typesupport_fastrtps_c
[18.324s] [ 73%] [32m[1mLinking CXX shared library libros2_tutorials_interfaces__rosidl_typesupport_fastrtps_cpp.so[0m
[18.538s] [ 73%] Built target ros2_tutorials_interfaces__rosidl_typesupport_fastrtps_cpp
[18.585s] [ 73%] Built target ros2_tutorials_interfaces
[18.629s] [ 76%] [34m[1mGenerating Python code for ROS interfaces[0m
[19.604s] [ 76%] Built target ros2_tutorials_interfaces__py
[19.702s] [ 79%] [32mBuilding C object CMakeFiles/ros2_tutorials_interfaces__rosidl_generator_py.dir/rosidl_generator_py/ros2_tutorials_interfaces/srv/_custom_calc_s.c.o[0m
[20.107s] [ 82%] [32m[1mLinking C shared library libros2_tutorials_interfaces__rosidl_generator_py.so[0m
[20.254s] [ 82%] Built target ros2_tutorials_interfaces__rosidl_generator_py
[20.360s] [ 88%] [32mBuilding C object CMakeFiles/ros2_tutorials_interfaces_s__rosidl_typesupport_fastrtps_c.dir/rosidl_generator_py/ros2_tutorials_interfaces/_ros2_tutorials_interfaces_s.ep.rosidl_typesupport_fastrtps_c.c.o[0m
[20.361s] [ 88%] [32mBuilding C object CMakeFiles/ros2_tutorials_interfaces_s__rosidl_typesupport_c.dir/rosidl_generator_py/ros2_tutorials_interfaces/_ros2_tutorials_interfaces_s.ep.rosidl_typesupport_c.c.o[0m
[20.378s] [ 91%] [32mBuilding C object CMakeFiles/ros2_tutorials_interfaces_s__rosidl_typesupport_introspection_c.dir/rosidl_generator_py/ros2_tutorials_interfaces/_ros2_tutorials_interfaces_s.ep.rosidl_typesupport_introspection_c.c.o[0m
[20.743s] [ 94%] [32m[1mLinking C shared module rosidl_generator_py/ros2_tutorials_interfaces/ros2_tutorials_interfaces_s__rosidl_typesupport_c.so[0m
[20.747s] [ 97%] [32m[1mLinking C shared module rosidl_generator_py/ros2_tutorials_interfaces/ros2_tutorials_interfaces_s__rosidl_typesupport_introspection_c.so[0m
[20.753s] [100%] [32m[1mLinking C shared module rosidl_generator_py/ros2_tutorials_interfaces/ros2_tutorials_interfaces_s__rosidl_typesupport_fastrtps_c.so[0m
[20.806s] [100%] Built target ros2_tutorials_interfaces_s__rosidl_typesupport_c
[20.809s] [100%] Built target ros2_tutorials_interfaces_s__rosidl_typesupport_introspection_c
[20.820s] [100%] Built target ros2_tutorials_interfaces_s__rosidl_typesupport_fastrtps_c
[20.847s] Invoked command in '/home/lenovo/Desktop/mogi_ws/build/ros2_tutorials_interfaces' returned '0': CMAKE_PREFIX_PATH=${CMAKE_PREFIX_PATH}:/home/lenovo/Desktop/mogi_ws/install/ros2_tutorials_py:/home/lenovo/Desktop/ws_camera/install/ros2_opencv:/home/lenovo/Desktop/ros2_ws/install/my_py_pkg:/opt/ros/jazzy DEBUGINFOD_URLS=https://debuginfod.ubuntu.com /usr/bin/cmake --build /home/lenovo/Desktop/mogi_ws/build/ros2_tutorials_interfaces -- -j12 -l12
[20.850s] Invoking command in '/home/lenovo/Desktop/mogi_ws/build/ros2_tutorials_interfaces': CMAKE_PREFIX_PATH=${CMAKE_PREFIX_PATH}:/home/lenovo/Desktop/mogi_ws/install/ros2_tutorials_py:/home/lenovo/Desktop/ws_camera/install/ros2_opencv:/home/lenovo/Desktop/ros2_ws/install/my_py_pkg:/opt/ros/jazzy DEBUGINFOD_URLS=https://debuginfod.ubuntu.com /usr/bin/cmake --install /home/lenovo/Desktop/mogi_ws/build/ros2_tutorials_interfaces
[20.869s] -- Install configuration: ""
[20.869s] -- Installing: /home/lenovo/Desktop/mogi_ws/install/ros2_tutorials_interfaces/share/ament_index/resource_index/rosidl_interfaces/ros2_tutorials_interfaces
[20.869s] -- Installing: /home/lenovo/Desktop/mogi_ws/install/ros2_tutorials_interfaces/share/ros2_tutorials_interfaces/srv/CustomCalc.json
[20.870s] -- Installing: /home/lenovo/Desktop/mogi_ws/install/ros2_tutorials_interfaces/include/ros2_tutorials_interfaces/ros2_tutorials_interfaces
[20.871s] -- Installing: /home/lenovo/Desktop/mogi_ws/install/ros2_tutorials_interfaces/include/ros2_tutorials_interfaces/ros2_tutorials_interfaces/srv
[20.871s] -- Installing: /home/lenovo/Desktop/mogi_ws/install/ros2_tutorials_interfaces/include/ros2_tutorials_interfaces/ros2_tutorials_interfaces/srv/custom_calc.h
[20.871s] -- Installing: /home/lenovo/Desktop/mogi_ws/install/ros2_tutorials_interfaces/include/ros2_tutorials_interfaces/ros2_tutorials_interfaces/srv/detail
[20.871s] -- Installing: /home/lenovo/Desktop/mogi_ws/install/ros2_tutorials_interfaces/include/ros2_tutorials_interfaces/ros2_tutorials_interfaces/srv/detail/custom_calc__description.c
[20.871s] -- Installing: /home/lenovo/Desktop/mogi_ws/install/ros2_tutorials_interfaces/include/ros2_tutorials_interfaces/ros2_tutorials_interfaces/srv/detail/custom_calc__functions.h
[20.872s] -- Installing: /home/lenovo/Desktop/mogi_ws/install/ros2_tutorials_interfaces/include/ros2_tutorials_interfaces/ros2_tutorials_interfaces/srv/detail/custom_calc__type_support.h
[20.872s] -- Installing: /home/lenovo/Desktop/mogi_ws/install/ros2_tutorials_interfaces/include/ros2_tutorials_interfaces/ros2_tutorials_interfaces/srv/detail/custom_calc__functions.c
[20.872s] -- Installing: /home/lenovo/Desktop/mogi_ws/install/ros2_tutorials_interfaces/include/ros2_tutorials_interfaces/ros2_tutorials_interfaces/srv/detail/custom_calc__type_support.c
[20.872s] -- Installing: /home/lenovo/Desktop/mogi_ws/install/ros2_tutorials_interfaces/include/ros2_tutorials_interfaces/ros2_tutorials_interfaces/srv/detail/custom_calc__struct.h
[20.872s] -- Installing: /home/lenovo/Desktop/mogi_ws/install/ros2_tutorials_interfaces/include/ros2_tutorials_interfaces/ros2_tutorials_interfaces/msg
[20.873s] -- Installing: /home/lenovo/Desktop/mogi_ws/install/ros2_tutorials_interfaces/include/ros2_tutorials_interfaces/ros2_tutorials_interfaces/msg/rosidl_generator_c__visibility_control.h
[20.873s] -- Installing: /home/lenovo/Desktop/mogi_ws/install/ros2_tutorials_interfaces/share/ros2_tutorials_interfaces/environment/library_path.sh
[20.873s] -- Installing: /home/lenovo/Desktop/mogi_ws/install/ros2_tutorials_interfaces/share/ros2_tutorials_interfaces/environment/library_path.dsv
[20.873s] -- Installing: /home/lenovo/Desktop/mogi_ws/install/ros2_tutorials_interfaces/lib/libros2_tutorials_interfaces__rosidl_generator_c.so
[20.873s] -- Set non-toolchain portion of runtime path of "/home/lenovo/Desktop/mogi_ws/install/ros2_tutorials_interfaces/lib/libros2_tutorials_interfaces__rosidl_generator_c.so" to ""
[20.873s] -- Up-to-date: /home/lenovo/Desktop/mogi_ws/install/ros2_tutorials_interfaces/include/ros2_tutorials_interfaces/ros2_tutorials_interfaces
[20.873s] -- Up-to-date: /home/lenovo/Desktop/mogi_ws/install/ros2_tutorials_interfaces/include/ros2_tutorials_interfaces/ros2_tutorials_interfaces/srv
[20.874s] -- Up-to-date: /home/lenovo/Desktop/mogi_ws/install/ros2_tutorials_interfaces/include/ros2_tutorials_interfaces/ros2_tutorials_interfaces/srv/detail
[20.874s] -- Installing: /home/lenovo/Desktop/mogi_ws/install/ros2_tutorials_interfaces/include/ros2_tutorials_interfaces/ros2_tutorials_interfaces/srv/detail/custom_calc__rosidl_typesupport_fastrtps_c.h
[20.874s] -- Up-to-date: /home/lenovo/Desktop/mogi_ws/install/ros2_tutorials_interfaces/include/ros2_tutorials_interfaces/ros2_tutorials_interfaces/msg
[20.874s] -- Installing: /home/lenovo/Desktop/mogi_ws/install/ros2_tutorials_interfaces/include/ros2_tutorials_interfaces/ros2_tutorials_interfaces/msg/rosidl_typesupport_fastrtps_c__visibility_control.h
[20.874s] -- Installing: /home/lenovo/Desktop/mogi_ws/install/ros2_tutorials_interfaces/lib/libros2_tutorials_interfaces__rosidl_typesupport_fastrtps_c.so
[20.874s] -- Set non-toolchain portion of runtime path of "/home/lenovo/Desktop/mogi_ws/install/ros2_tutorials_interfaces/lib/libros2_tutorials_interfaces__rosidl_typesupport_fastrtps_c.so" to ""
[20.875s] -- Up-to-date: /home/lenovo/Desktop/mogi_ws/install/ros2_tutorials_interfaces/include/ros2_tutorials_interfaces/ros2_tutorials_interfaces
[20.875s] -- Up-to-date: /home/lenovo/Desktop/mogi_ws/install/ros2_tutorials_interfaces/include/ros2_tutorials_interfaces/ros2_tutorials_interfaces/srv
[20.875s] -- Up-to-date: /home/lenovo/Desktop/mogi_ws/install/ros2_tutorials_interfaces/include/ros2_tutorials_interfaces/ros2_tutorials_interfaces/srv/detail
[20.875s] -- Installing: /home/lenovo/Desktop/mogi_ws/install/ros2_tutorials_interfaces/include/ros2_tutorials_interfaces/ros2_tutorials_interfaces/srv/detail/custom_calc__rosidl_typesupport_introspection_c.h
[20.875s] -- Installing: /home/lenovo/Desktop/mogi_ws/install/ros2_tutorials_interfaces/include/ros2_tutorials_interfaces/ros2_tutorials_interfaces/srv/detail/custom_calc__type_support.c
[20.876s] -- Up-to-date: /home/lenovo/Desktop/mogi_ws/install/ros2_tutorials_interfaces/include/ros2_tutorials_interfaces/ros2_tutorials_interfaces/msg
[20.876s] -- Installing: /home/lenovo/Desktop/mogi_ws/install/ros2_tutorials_interfaces/include/ros2_tutorials_interfaces/ros2_tutorials_interfaces/msg/rosidl_typesupport_introspection_c__visibility_control.h
[20.876s] -- Installing: /home/lenovo/Desktop/mogi_ws/install/ros2_tutorials_interfaces/lib/libros2_tutorials_interfaces__rosidl_typesupport_introspection_c.so
[20.877s] -- Set non-toolchain portion of runtime path of "/home/lenovo/Desktop/mogi_ws/install/ros2_tutorials_interfaces/lib/libros2_tutorials_interfaces__rosidl_typesupport_introspection_c.so" to ""
[20.877s] -- Installing: /home/lenovo/Desktop/mogi_ws/install/ros2_tutorials_interfaces/lib/libros2_tutorials_interfaces__rosidl_typesupport_c.so
[20.877s] -- Set non-toolchain portion of runtime path of "/home/lenovo/Desktop/mogi_ws/install/ros2_tutorials_interfaces/lib/libros2_tutorials_interfaces__rosidl_typesupport_c.so" to ""
[20.877s] -- Up-to-date: /home/lenovo/Desktop/mogi_ws/install/ros2_tutorials_interfaces/include/ros2_tutorials_interfaces/ros2_tutorials_interfaces
[20.877s] -- Up-to-date: /home/lenovo/Desktop/mogi_ws/install/ros2_tutorials_interfaces/include/ros2_tutorials_interfaces/ros2_tutorials_interfaces/srv
[20.877s] -- Installing: /home/lenovo/Desktop/mogi_ws/install/ros2_tutorials_interfaces/include/ros2_tutorials_interfaces/ros2_tutorials_interfaces/srv/custom_calc.hpp
[20.877s] -- Up-to-date: /home/lenovo/Desktop/mogi_ws/install/ros2_tutorials_interfaces/include/ros2_tutorials_interfaces/ros2_tutorials_interfaces/srv/detail
[20.878s] -- Installing: /home/lenovo/Desktop/mogi_ws/install/ros2_tutorials_interfaces/include/ros2_tutorials_interfaces/ros2_tutorials_interfaces/srv/detail/custom_calc__struct.hpp
[20.878s] -- Installing: /home/lenovo/Desktop/mogi_ws/install/ros2_tutorials_interfaces/include/ros2_tutorials_interfaces/ros2_tutorials_interfaces/srv/detail/custom_calc__builder.hpp
[20.878s] -- Installing: /home/lenovo/Desktop/mogi_ws/install/ros2_tutorials_interfaces/include/ros2_tutorials_interfaces/ros2_tutorials_interfaces/srv/detail/custom_calc__traits.hpp
[20.879s] -- Installing: /home/lenovo/Desktop/mogi_ws/install/ros2_tutorials_interfaces/include/ros2_tutorials_interfaces/ros2_tutorials_interfaces/srv/detail/custom_calc__type_support.hpp
[20.879s] -- Up-to-date: /home/lenovo/Desktop/mogi_ws/install/ros2_tutorials_interfaces/include/ros2_tutorials_interfaces/ros2_tutorials_interfaces/msg
[20.879s] -- Installing: /home/lenovo/Desktop/mogi_ws/install/ros2_tutorials_interfaces/include/ros2_tutorials_interfaces/ros2_tutorials_interfaces/msg/rosidl_generator_cpp__visibility_control.hpp
[20.879s] -- Up-to-date: /home/lenovo/Desktop/mogi_ws/install/ros2_tutorials_interfaces/include/ros2_tutorials_interfaces/ros2_tutorials_interfaces
[20.879s] -- Up-to-date: /home/lenovo/Desktop/mogi_ws/install/ros2_tutorials_interfaces/include/ros2_tutorials_interfaces/ros2_tutorials_interfaces/srv
[20.879s] -- Up-to-date: /home/lenovo/Desktop/mogi_ws/install/ros2_tutorials_interfaces/include/ros2_tutorials_interfaces/ros2_tutorials_interfaces/srv/detail
[20.880s] -- Installing: /home/lenovo/Desktop/mogi_ws/install/ros2_tutorials_interfaces/include/ros2_tutorials_interfaces/ros2_tutorials_interfaces/srv/detail/dds_fastrtps
[20.880s] -- Installing: /home/lenovo/Desktop/mogi_ws/install/ros2_tutorials_interfaces/include/ros2_tutorials_interfaces/ros2_tutorials_interfaces/srv/detail/custom_calc__rosidl_typesupport_fastrtps_cpp.hpp
[20.880s] -- Up-to-date: /home/lenovo/Desktop/mogi_ws/install/ros2_tutorials_interfaces/include/ros2_tutorials_interfaces/ros2_tutorials_interfaces/msg
[20.880s] -- Installing: /home/lenovo/Desktop/mogi_ws/install/ros2_tutorials_interfaces/include/ros2_tutorials_interfaces/ros2_tutorials_interfaces/msg/rosidl_typesupport_fastrtps_cpp__visibility_control.h
[20.880s] -- Installing: /home/lenovo/Desktop/mogi_ws/install/ros2_tutorials_interfaces/lib/libros2_tutorials_interfaces__rosidl_typesupport_fastrtps_cpp.so
[20.881s] -- Set non-toolchain portion of runtime path of "/home/lenovo/Desktop/mogi_ws/install/ros2_tutorials_interfaces/lib/libros2_tutorials_interfaces__rosidl_typesupport_fastrtps_cpp.so" to ""
[20.881s] -- Up-to-date: /home/lenovo/Desktop/mogi_ws/install/ros2_tutorials_interfaces/include/ros2_tutorials_interfaces/ros2_tutorials_interfaces
[20.881s] -- Up-to-date: /home/lenovo/Desktop/mogi_ws/install/ros2_tutorials_interfaces/include/ros2_tutorials_interfaces/ros2_tutorials_interfaces/srv
[20.881s] -- Up-to-date: /home/lenovo/Desktop/mogi_ws/install/ros2_tutorials_interfaces/include/ros2_tutorials_interfaces/ros2_tutorials_interfaces/srv/detail
[20.882s] -- Installing: /home/lenovo/Desktop/mogi_ws/install/ros2_tutorials_interfaces/include/ros2_tutorials_interfaces/ros2_tutorials_interfaces/srv/detail/custom_calc__type_support.cpp
[20.882s] -- Installing: /home/lenovo/Desktop/mogi_ws/install/ros2_tutorials_interfaces/include/ros2_tutorials_interfaces/ros2_tutorials_interfaces/srv/detail/custom_calc__rosidl_typesupport_introspection_cpp.hpp
[20.882s] -- Installing: /home/lenovo/Desktop/mogi_ws/install/ros2_tutorials_interfaces/lib/libros2_tutorials_interfaces__rosidl_typesupport_introspection_cpp.so
[20.882s] -- Set non-toolchain portion of runtime path of "/home/lenovo/Desktop/mogi_ws/install/ros2_tutorials_interfaces/lib/libros2_tutorials_interfaces__rosidl_typesupport_introspection_cpp.so" to ""
[20.882s] -- Installing: /home/lenovo/Desktop/mogi_ws/install/ros2_tutorials_interfaces/lib/libros2_tutorials_interfaces__rosidl_typesupport_cpp.so
[20.882s] -- Set non-toolchain portion of runtime path of "/home/lenovo/Desktop/mogi_ws/install/ros2_tutorials_interfaces/lib/libros2_tutorials_interfaces__rosidl_typesupport_cpp.so" to ""
[20.883s] -- Installing: /home/lenovo/Desktop/mogi_ws/install/ros2_tutorials_interfaces/share/ros2_tutorials_interfaces/environment/pythonpath.sh
[20.883s] -- Installing: /home/lenovo/Desktop/mogi_ws/install/ros2_tutorials_interfaces/share/ros2_tutorials_interfaces/environment/pythonpath.dsv
[20.883s] -- Installing: /home/lenovo/Desktop/mogi_ws/install/ros2_tutorials_interfaces/lib/python3.12/site-packages/ros2_tutorials_interfaces-0.0.0-py3.12.egg-info
[20.883s] -- Installing: /home/lenovo/Desktop/mogi_ws/install/ros2_tutorials_interfaces/lib/python3.12/site-packages/ros2_tutorials_interfaces-0.0.0-py3.12.egg-info/SOURCES.txt
[20.883s] -- Installing: /home/lenovo/Desktop/mogi_ws/install/ros2_tutorials_interfaces/lib/python3.12/site-packages/ros2_tutorials_interfaces-0.0.0-py3.12.egg-info/PKG-INFO
[20.883s] -- Installing: /home/lenovo/Desktop/mogi_ws/install/ros2_tutorials_interfaces/lib/python3.12/site-packages/ros2_tutorials_interfaces-0.0.0-py3.12.egg-info/top_level.txt
[20.883s] -- Installing: /home/lenovo/Desktop/mogi_ws/install/ros2_tutorials_interfaces/lib/python3.12/site-packages/ros2_tutorials_interfaces-0.0.0-py3.12.egg-info/dependency_links.txt
[20.884s] -- Installing: /home/lenovo/Desktop/mogi_ws/install/ros2_tutorials_interfaces/lib/python3.12/site-packages/ros2_tutorials_interfaces
[20.884s] -- Installing: /home/lenovo/Desktop/mogi_ws/install/ros2_tutorials_interfaces/lib/python3.12/site-packages/ros2_tutorials_interfaces/_ros2_tutorials_interfaces_s.ep.rosidl_typesupport_fastrtps_c.c
[20.884s] -- Installing: /home/lenovo/Desktop/mogi_ws/install/ros2_tutorials_interfaces/lib/python3.12/site-packages/ros2_tutorials_interfaces/_ros2_tutorials_interfaces_s.ep.rosidl_typesupport_c.c
[20.884s] -- Installing: /home/lenovo/Desktop/mogi_ws/install/ros2_tutorials_interfaces/lib/python3.12/site-packages/ros2_tutorials_interfaces/ros2_tutorials_interfaces_s__rosidl_typesupport_introspection_c.so
[20.884s] -- Installing: /home/lenovo/Desktop/mogi_ws/install/ros2_tutorials_interfaces/lib/python3.12/site-packages/ros2_tutorials_interfaces/srv
[20.884s] -- Installing: /home/lenovo/Desktop/mogi_ws/install/ros2_tutorials_interfaces/lib/python3.12/site-packages/ros2_tutorials_interfaces/srv/__init__.py
[20.884s] -- Installing: /home/lenovo/Desktop/mogi_ws/install/ros2_tutorials_interfaces/lib/python3.12/site-packages/ros2_tutorials_interfaces/srv/_custom_calc_s.c
[20.884s] -- Installing: /home/lenovo/Desktop/mogi_ws/install/ros2_tutorials_interfaces/lib/python3.12/site-packages/ros2_tutorials_interfaces/srv/_custom_calc.py
[20.885s] -- Installing: /home/lenovo/Desktop/mogi_ws/install/ros2_tutorials_interfaces/lib/python3.12/site-packages/ros2_tutorials_interfaces/__init__.py
[20.885s] -- Installing: /home/lenovo/Desktop/mogi_ws/install/ros2_tutorials_interfaces/lib/python3.12/site-packages/ros2_tutorials_interfaces/ros2_tutorials_interfaces_s__rosidl_typesupport_fastrtps_c.so
[20.885s] -- Installing: /home/lenovo/Desktop/mogi_ws/install/ros2_tutorials_interfaces/lib/python3.12/site-packages/ros2_tutorials_interfaces/_ros2_tutorials_interfaces_s.ep.rosidl_typesupport_introspection_c.c
[20.885s] -- Installing: /home/lenovo/Desktop/mogi_ws/install/ros2_tutorials_interfaces/lib/python3.12/site-packages/ros2_tutorials_interfaces/ros2_tutorials_interfaces_s__rosidl_typesupport_c.so
[20.963s] Listing '/home/lenovo/Desktop/mogi_ws/install/ros2_tutorials_interfaces/lib/python3.12/site-packages/ros2_tutorials_interfaces'...
[20.964s] Compiling '/home/lenovo/Desktop/mogi_ws/install/ros2_tutorials_interfaces/lib/python3.12/site-packages/ros2_tutorials_interfaces/__init__.py'...
[20.964s] Listing '/home/lenovo/Desktop/mogi_ws/install/ros2_tutorials_interfaces/lib/python3.12/site-packages/ros2_tutorials_interfaces/srv'...
[20.964s] Compiling '/home/lenovo/Desktop/mogi_ws/install/ros2_tutorials_interfaces/lib/python3.12/site-packages/ros2_tutorials_interfaces/srv/__init__.py'...
[20.964s] Compiling '/home/lenovo/Desktop/mogi_ws/install/ros2_tutorials_interfaces/lib/python3.12/site-packages/ros2_tutorials_interfaces/srv/_custom_calc.py'...
[20.978s] -- Installing: /home/lenovo/Desktop/mogi_ws/install/ros2_tutorials_interfaces/lib/python3.12/site-packages/ros2_tutorials_interfaces/ros2_tutorials_interfaces_s__rosidl_typesupport_fastrtps_c.so
[20.979s] -- Set non-toolchain portion of runtime path of "/home/lenovo/Desktop/mogi_ws/install/ros2_tutorials_interfaces/lib/python3.12/site-packages/ros2_tutorials_interfaces/ros2_tutorials_interfaces_s__rosidl_typesupport_fastrtps_c.so" to ""
[20.979s] -- Installing: /home/lenovo/Desktop/mogi_ws/install/ros2_tutorials_interfaces/lib/python3.12/site-packages/ros2_tutorials_interfaces/ros2_tutorials_interfaces_s__rosidl_typesupport_introspection_c.so
[20.979s] -- Set non-toolchain portion of runtime path of "/home/lenovo/Desktop/mogi_ws/install/ros2_tutorials_interfaces/lib/python3.12/site-packages/ros2_tutorials_interfaces/ros2_tutorials_interfaces_s__rosidl_typesupport_introspection_c.so" to ""
[20.980s] -- Installing: /home/lenovo/Desktop/mogi_ws/install/ros2_tutorials_interfaces/lib/python3.12/site-packages/ros2_tutorials_interfaces/ros2_tutorials_interfaces_s__rosidl_typesupport_c.so
[20.980s] -- Set non-toolchain portion of runtime path of "/home/lenovo/Desktop/mogi_ws/install/ros2_tutorials_interfaces/lib/python3.12/site-packages/ros2_tutorials_interfaces/ros2_tutorials_interfaces_s__rosidl_typesupport_c.so" to ""
[20.980s] -- Installing: /home/lenovo/Desktop/mogi_ws/install/ros2_tutorials_interfaces/lib/libros2_tutorials_interfaces__rosidl_generator_py.so
[20.980s] -- Set non-toolchain portion of runtime path of "/home/lenovo/Desktop/mogi_ws/install/ros2_tutorials_interfaces/lib/libros2_tutorials_interfaces__rosidl_generator_py.so" to ""
[20.980s] -- Installing: /home/lenovo/Desktop/mogi_ws/install/ros2_tutorials_interfaces/share/ros2_tutorials_interfaces/srv/CustomCalc.idl
[20.981s] -- Installing: /home/lenovo/Desktop/mogi_ws/install/ros2_tutorials_interfaces/share/ros2_tutorials_interfaces/srv/CustomCalc.srv
[20.981s] -- Installing: /home/lenovo/Desktop/mogi_ws/install/ros2_tutorials_interfaces/share/ament_index/resource_index/package_run_dependencies/ros2_tutorials_interfaces
[20.981s] -- Installing: /home/lenovo/Desktop/mogi_ws/install/ros2_tutorials_interfaces/share/ament_index/resource_index/parent_prefix_path/ros2_tutorials_interfaces
[20.981s] -- Installing: /home/lenovo/Desktop/mogi_ws/install/ros2_tutorials_interfaces/share/ros2_tutorials_interfaces/environment/ament_prefix_path.sh
[20.982s] -- Installing: /home/lenovo/Desktop/mogi_ws/install/ros2_tutorials_interfaces/share/ros2_tutorials_interfaces/environment/ament_prefix_path.dsv
[20.982s] -- Installing: /home/lenovo/Desktop/mogi_ws/install/ros2_tutorials_interfaces/share/ros2_tutorials_interfaces/environment/path.sh
[20.983s] -- Installing: /home/lenovo/Desktop/mogi_ws/install/ros2_tutorials_interfaces/share/ros2_tutorials_interfaces/environment/path.dsv
[20.983s] -- Installing: /home/lenovo/Desktop/mogi_ws/install/ros2_tutorials_interfaces/share/ros2_tutorials_interfaces/local_setup.bash
[20.984s] -- Installing: /home/lenovo/Desktop/mogi_ws/install/ros2_tutorials_interfaces/share/ros2_tutorials_interfaces/local_setup.sh
[20.984s] -- Installing: /home/lenovo/Desktop/mogi_ws/install/ros2_tutorials_interfaces/share/ros2_tutorials_interfaces/local_setup.zsh
[20.984s] -- Installing: /home/lenovo/Desktop/mogi_ws/install/ros2_tutorials_interfaces/share/ros2_tutorials_interfaces/local_setup.dsv
[20.985s] -- Installing: /home/lenovo/Desktop/mogi_ws/install/ros2_tutorials_interfaces/share/ros2_tutorials_interfaces/package.dsv
[20.985s] -- Installing: /home/lenovo/Desktop/mogi_ws/install/ros2_tutorials_interfaces/share/ament_index/resource_index/packages/ros2_tutorials_interfaces
[20.986s] -- Installing: /home/lenovo/Desktop/mogi_ws/install/ros2_tutorials_interfaces/share/ros2_tutorials_interfaces/cmake/export_ros2_tutorials_interfaces__rosidl_generator_cExport.cmake
[20.986s] -- Installing: /home/lenovo/Desktop/mogi_ws/install/ros2_tutorials_interfaces/share/ros2_tutorials_interfaces/cmake/export_ros2_tutorials_interfaces__rosidl_generator_cExport-noconfig.cmake
[20.986s] -- Installing: /home/lenovo/Desktop/mogi_ws/install/ros2_tutorials_interfaces/share/ros2_tutorials_interfaces/cmake/export_ros2_tutorials_interfaces__rosidl_typesupport_fastrtps_cExport.cmake
[20.986s] -- Installing: /home/lenovo/Desktop/mogi_ws/install/ros2_tutorials_interfaces/share/ros2_tutorials_interfaces/cmake/export_ros2_tutorials_interfaces__rosidl_typesupport_fastrtps_cExport-noconfig.cmake
[20.986s] -- Installing: /home/lenovo/Desktop/mogi_ws/install/ros2_tutorials_interfaces/share/ros2_tutorials_interfaces/cmake/ros2_tutorials_interfaces__rosidl_typesupport_introspection_cExport.cmake
[20.986s] -- Installing: /home/lenovo/Desktop/mogi_ws/install/ros2_tutorials_interfaces/share/ros2_tutorials_interfaces/cmake/ros2_tutorials_interfaces__rosidl_typesupport_introspection_cExport-noconfig.cmake
[20.987s] -- Installing: /home/lenovo/Desktop/mogi_ws/install/ros2_tutorials_interfaces/share/ros2_tutorials_interfaces/cmake/ros2_tutorials_interfaces__rosidl_typesupport_cExport.cmake
[20.987s] -- Installing: /home/lenovo/Desktop/mogi_ws/install/ros2_tutorials_interfaces/share/ros2_tutorials_interfaces/cmake/ros2_tutorials_interfaces__rosidl_typesupport_cExport-noconfig.cmake
[20.987s] -- Installing: /home/lenovo/Desktop/mogi_ws/install/ros2_tutorials_interfaces/share/ros2_tutorials_interfaces/cmake/export_ros2_tutorials_interfaces__rosidl_generator_cppExport.cmake
[20.987s] -- Installing: /home/lenovo/Desktop/mogi_ws/install/ros2_tutorials_interfaces/share/ros2_tutorials_interfaces/cmake/export_ros2_tutorials_interfaces__rosidl_typesupport_fastrtps_cppExport.cmake
[20.987s] -- Installing: /home/lenovo/Desktop/mogi_ws/install/ros2_tutorials_interfaces/share/ros2_tutorials_interfaces/cmake/export_ros2_tutorials_interfaces__rosidl_typesupport_fastrtps_cppExport-noconfig.cmake
[20.988s] -- Installing: /home/lenovo/Desktop/mogi_ws/install/ros2_tutorials_interfaces/share/ros2_tutorials_interfaces/cmake/ros2_tutorials_interfaces__rosidl_typesupport_introspection_cppExport.cmake
[20.988s] -- Installing: /home/lenovo/Desktop/mogi_ws/install/ros2_tutorials_interfaces/share/ros2_tutorials_interfaces/cmake/ros2_tutorials_interfaces__rosidl_typesupport_introspection_cppExport-noconfig.cmake
[20.988s] -- Installing: /home/lenovo/Desktop/mogi_ws/install/ros2_tutorials_interfaces/share/ros2_tutorials_interfaces/cmake/ros2_tutorials_interfaces__rosidl_typesupport_cppExport.cmake
[20.988s] -- Installing: /home/lenovo/Desktop/mogi_ws/install/ros2_tutorials_interfaces/share/ros2_tutorials_interfaces/cmake/ros2_tutorials_interfaces__rosidl_typesupport_cppExport-noconfig.cmake
[20.988s] -- Installing: /home/lenovo/Desktop/mogi_ws/install/ros2_tutorials_interfaces/share/ros2_tutorials_interfaces/cmake/export_ros2_tutorials_interfaces__rosidl_generator_pyExport.cmake
[20.988s] -- Installing: /home/lenovo/Desktop/mogi_ws/install/ros2_tutorials_interfaces/share/ros2_tutorials_interfaces/cmake/export_ros2_tutorials_interfaces__rosidl_generator_pyExport-noconfig.cmake
[20.988s] -- Installing: /home/lenovo/Desktop/mogi_ws/install/ros2_tutorials_interfaces/share/ros2_tutorials_interfaces/cmake/rosidl_cmake-extras.cmake
[20.989s] -- Installing: /home/lenovo/Desktop/mogi_ws/install/ros2_tutorials_interfaces/share/ros2_tutorials_interfaces/cmake/ament_cmake_export_dependencies-extras.cmake
[20.989s] -- Installing: /home/lenovo/Desktop/mogi_ws/install/ros2_tutorials_interfaces/share/ros2_tutorials_interfaces/cmake/ament_cmake_export_include_directories-extras.cmake
[20.989s] -- Installing: /home/lenovo/Desktop/mogi_ws/install/ros2_tutorials_interfaces/share/ros2_tutorials_interfaces/cmake/ament_cmake_export_libraries-extras.cmake
[20.989s] -- Installing: /home/lenovo/Desktop/mogi_ws/install/ros2_tutorials_interfaces/share/ros2_tutorials_interfaces/cmake/ament_cmake_export_targets-extras.cmake
[20.989s] -- Installing: /home/lenovo/Desktop/mogi_ws/install/ros2_tutorials_interfaces/share/ros2_tutorials_interfaces/cmake/rosidl_cmake_export_typesupport_targets-extras.cmake
[20.989s] -- Installing: /home/lenovo/Desktop/mogi_ws/install/ros2_tutorials_interfaces/share/ros2_tutorials_interfaces/cmake/rosidl_cmake_export_typesupport_libraries-extras.cmake
[20.989s] -- Installing: /home/lenovo/Desktop/mogi_ws/install/ros2_tutorials_interfaces/share/ros2_tutorials_interfaces/cmake/ros2_tutorials_interfacesConfig.cmake
[20.989s] -- Installing: /home/lenovo/Desktop/mogi_ws/install/ros2_tutorials_interfaces/share/ros2_tutorials_interfaces/cmake/ros2_tutorials_interfacesConfig-version.cmake
[20.990s] -- Installing: /home/lenovo/Desktop/mogi_ws/install/ros2_tutorials_interfaces/share/ros2_tutorials_interfaces/package.xml
[20.994s] Invoked command in '/home/lenovo/Desktop/mogi_ws/build/ros2_tutorials_interfaces' returned '0': CMAKE_PREFIX_PATH=${CMAKE_PREFIX_PATH}:/home/lenovo/Desktop/mogi_ws/install/ros2_tutorials_py:/home/lenovo/Desktop/ws_camera/install/ros2_opencv:/home/lenovo/Desktop/ros2_ws/install/my_py_pkg:/opt/ros/jazzy DEBUGINFOD_URLS=https://debuginfod.ubuntu.com /usr/bin/cmake --install /home/lenovo/Desktop/mogi_ws/build/ros2_tutorials_interfaces
