[1.589s] Invoking command in '/home/lenovo/Desktop/mogi_ws/src/ros2_tutorials_py': DEBUGINFOD_URLS=https://debuginfod.ubuntu.com PYTHONPATH=/home/lenovo/Desktop/mogi_ws/build/ros2_tutorials_py/prefix_override:/usr/lib/python3/dist-packages/colcon_core/task/python/colcon_distutils_commands:/home/lenovo/Desktop/mogi_ws/install/ros2_tutorials_py/lib/python3.12/site-packages:${PYTHONPATH} /usr/bin/python3 -W ignore:setup.py install is deprecated -W ignore:easy_install command is deprecated setup.py egg_info --egg-base ../../build/ros2_tutorials_py build --build-base /home/lenovo/Desktop/mogi_ws/build/ros2_tutorials_py/build install --record /home/lenovo/Desktop/mogi_ws/build/ros2_tutorials_py/install.log --single-version-externally-managed install_data
[2.071s] running egg_info
[2.108s] writing ../../build/ros2_tutorials_py/ros2_tutorials_py.egg-info/PKG-INFO
[2.109s] writing dependency_links to ../../build/ros2_tutorials_py/ros2_tutorials_py.egg-info/dependency_links.txt
[2.110s] writing entry points to ../../build/ros2_tutorials_py/ros2_tutorials_py.egg-info/entry_points.txt
[2.110s] writing requirements to ../../build/ros2_tutorials_py/ros2_tutorials_py.egg-info/requires.txt
[2.110s] writing top-level names to ../../build/ros2_tutorials_py/ros2_tutorials_py.egg-info/top_level.txt
[2.177s] reading manifest file '../../build/ros2_tutorials_py/ros2_tutorials_py.egg-info/SOURCES.txt'
[2.179s] writing manifest file '../../build/ros2_tutorials_py/ros2_tutorials_py.egg-info/SOURCES.txt'
[2.179s] running build
[2.179s] running build_py
[2.180s] running install
[2.196s] running install_lib
[2.226s] running install_data
[2.226s] running install_egg_info
[2.257s] removing '/home/lenovo/Desktop/mogi_ws/install/ros2_tutorials_py/lib/python3.12/site-packages/ros2_tutorials_py-0.0.0-py3.12.egg-info' (and everything under it)
[2.257s] Copying ../../build/ros2_tutorials_py/ros2_tutorials_py.egg-info to /home/lenovo/Desktop/mogi_ws/install/ros2_tutorials_py/lib/python3.12/site-packages/ros2_tutorials_py-0.0.0-py3.12.egg-info
[2.260s] running install_scripts
[2.461s] Installing publisher_py script to /home/lenovo/Desktop/mogi_ws/install/ros2_tutorials_py/lib/ros2_tutorials_py
[2.461s] Installing subscriber_py script to /home/lenovo/Desktop/mogi_ws/install/ros2_tutorials_py/lib/ros2_tutorials_py
[2.462s] writing list of installed files to '/home/lenovo/Desktop/mogi_ws/build/ros2_tutorials_py/install.log'
[2.522s] Invoked command in '/home/lenovo/Desktop/mogi_ws/src/ros2_tutorials_py' returned '0': DEBUGINFOD_URLS=https://debuginfod.ubuntu.com PYTHONPATH=/home/lenovo/Desktop/mogi_ws/build/ros2_tutorials_py/prefix_override:/usr/lib/python3/dist-packages/colcon_core/task/python/colcon_distutils_commands:/home/lenovo/Desktop/mogi_ws/install/ros2_tutorials_py/lib/python3.12/site-packages:${PYTHONPATH} /usr/bin/python3 -W ignore:setup.py install is deprecated -W ignore:easy_install command is deprecated setup.py egg_info --egg-base ../../build/ros2_tutorials_py build --build-base /home/lenovo/Desktop/mogi_ws/build/ros2_tutorials_py/build install --record /home/lenovo/Desktop/mogi_ws/build/ros2_tutorials_py/install.log --single-version-externally-managed install_data
