[0.058s] Invoking command in '/home/lenovo/Desktop/mogi_ws/build/ros2_tutorials_interfaces': CMAKE_PREFIX_PATH=${CMAKE_PREFIX_PATH}:/home/lenovo/Desktop/mogi_ws/install/ros2_tutorials_py:/home/lenovo/Desktop/ws_camera/install/ros2_opencv:/home/lenovo/Desktop/ros2_ws/install/my_py_pkg:/opt/ros/jazzy DEBUGINFOD_URLS=https://debuginfod.ubuntu.com /usr/bin/cmake --build /home/lenovo/Desktop/mogi_ws/build/ros2_tutorials_interfaces -- -j12 -l12
[0.182s] [  2%] Built target ros2_tutorials_interfaces__rosidl_generator_type_description
[0.195s] [  2%] Built target ament_cmake_python_copy_ros2_tutorials_interfaces
[0.226s] [  5%] Built target ros2_tutorials_interfaces__cpp
[0.232s] [ 20%] Built target ros2_tutorials_interfaces__rosidl_generator_c
[0.291s] [ 29%] Built target ros2_tutorials_interfaces__rosidl_typesupport_introspection_c
[0.296s] [ 38%] Built target ros2_tutorials_interfaces__rosidl_typesupport_introspection_cpp
[0.300s] [ 52%] Built target ros2_tutorials_interfaces__rosidl_typesupport_fastrtps_cpp
[0.300s] [ 55%] Built target ros2_tutorials_interfaces__rosidl_typesupport_c
[0.301s] [ 64%] Built target ros2_tutorials_interfaces__rosidl_typesupport_cpp
[0.312s] [ 73%] Built target ros2_tutorials_interfaces__rosidl_typesupport_fastrtps_c
[0.366s] [ 73%] Built target ros2_tutorials_interfaces
[0.423s] [ 76%] Built target ros2_tutorials_interfaces__py
[0.473s] [ 82%] Built target ros2_tutorials_interfaces__rosidl_generator_py
[0.534s] [ 88%] Built target ros2_tutorials_interfaces_s__rosidl_typesupport_introspection_c
[0.538s] [ 94%] Built target ros2_tutorials_interfaces_s__rosidl_typesupport_c
[0.542s] [100%] Built target ros2_tutorials_interfaces_s__rosidl_typesupport_fastrtps_c
[0.713s] running egg_info
[0.744s] writing ros2_tutorials_interfaces.egg-info/PKG-INFO
[0.744s] writing dependency_links to ros2_tutorials_interfaces.egg-info/dependency_links.txt
[0.744s] writing top-level names to ros2_tutorials_interfaces.egg-info/top_level.txt
[0.829s] reading manifest file 'ros2_tutorials_interfaces.egg-info/SOURCES.txt'
[0.830s] writing manifest file 'ros2_tutorials_interfaces.egg-info/SOURCES.txt'
[0.877s] [100%] Built target ament_cmake_python_build_ros2_tutorials_interfaces_egg
[0.899s] Invoked command in '/home/lenovo/Desktop/mogi_ws/build/ros2_tutorials_interfaces' returned '0': CMAKE_PREFIX_PATH=${CMAKE_PREFIX_PATH}:/home/lenovo/Desktop/mogi_ws/install/ros2_tutorials_py:/home/lenovo/Desktop/ws_camera/install/ros2_opencv:/home/lenovo/Desktop/ros2_ws/install/my_py_pkg:/opt/ros/jazzy DEBUGINFOD_URLS=https://debuginfod.ubuntu.com /usr/bin/cmake --build /home/lenovo/Desktop/mogi_ws/build/ros2_tutorials_interfaces -- -j12 -l12
[0.901s] Invoking command in '/home/lenovo/Desktop/mogi_ws/build/ros2_tutorials_interfaces': CMAKE_PREFIX_PATH=${CMAKE_PREFIX_PATH}:/home/lenovo/Desktop/mogi_ws/install/ros2_tutorials_py:/home/lenovo/Desktop/ws_camera/install/ros2_opencv:/home/lenovo/Desktop/ros2_ws/install/my_py_pkg:/opt/ros/jazzy DEBUGINFOD_URLS=https://debuginfod.ubuntu.com /usr/bin/cmake --install /home/lenovo/Desktop/mogi_ws/build/ros2_tutorials_interfaces
[0.925s] -- Install configuration: ""
[0.925s] -- Up-to-date: /home/lenovo/Desktop/mogi_ws/install/ros2_tutorials_interfaces/share/ament_index/resource_index/rosidl_interfaces/ros2_tutorials_interfaces
[0.925s] -- Up-to-date: /home/lenovo/Desktop/mogi_ws/install/ros2_tutorials_interfaces/share/ros2_tutorials_interfaces/srv/CustomCalc.json
[0.925s] -- Up-to-date: /home/lenovo/Desktop/mogi_ws/install/ros2_tutorials_interfaces/include/ros2_tutorials_interfaces/ros2_tutorials_interfaces
[0.926s] -- Up-to-date: /home/lenovo/Desktop/mogi_ws/install/ros2_tutorials_interfaces/include/ros2_tutorials_interfaces/ros2_tutorials_interfaces/srv
[0.926s] -- Up-to-date: /home/lenovo/Desktop/mogi_ws/install/ros2_tutorials_interfaces/include/ros2_tutorials_interfaces/ros2_tutorials_interfaces/srv/custom_calc.h
[0.926s] -- Up-to-date: /home/lenovo/Desktop/mogi_ws/install/ros2_tutorials_interfaces/include/ros2_tutorials_interfaces/ros2_tutorials_interfaces/srv/detail
[0.927s] -- Up-to-date: /home/lenovo/Desktop/mogi_ws/install/ros2_tutorials_interfaces/include/ros2_tutorials_interfaces/ros2_tutorials_interfaces/srv/detail/custom_calc__description.c
[0.928s] -- Up-to-date: /home/lenovo/Desktop/mogi_ws/install/ros2_tutorials_interfaces/include/ros2_tutorials_interfaces/ros2_tutorials_interfaces/srv/detail/custom_calc__functions.h
[0.928s] -- Up-to-date: /home/lenovo/Desktop/mogi_ws/install/ros2_tutorials_interfaces/include/ros2_tutorials_interfaces/ros2_tutorials_interfaces/srv/detail/custom_calc__type_support.h
[0.928s] -- Up-to-date: /home/lenovo/Desktop/mogi_ws/install/ros2_tutorials_interfaces/include/ros2_tutorials_interfaces/ros2_tutorials_interfaces/srv/detail/custom_calc__functions.c
[0.928s] -- Up-to-date: /home/lenovo/Desktop/mogi_ws/install/ros2_tutorials_interfaces/include/ros2_tutorials_interfaces/ros2_tutorials_interfaces/srv/detail/custom_calc__type_support.c
[0.929s] -- Up-to-date: /home/lenovo/Desktop/mogi_ws/install/ros2_tutorials_interfaces/include/ros2_tutorials_interfaces/ros2_tutorials_interfaces/srv/detail/custom_calc__struct.h
[0.929s] -- Up-to-date: /home/lenovo/Desktop/mogi_ws/install/ros2_tutorials_interfaces/include/ros2_tutorials_interfaces/ros2_tutorials_interfaces/msg
[0.929s] -- Up-to-date: /home/lenovo/Desktop/mogi_ws/install/ros2_tutorials_interfaces/include/ros2_tutorials_interfaces/ros2_tutorials_interfaces/msg/rosidl_generator_c__visibility_control.h
[0.930s] -- Up-to-date: /home/lenovo/Desktop/mogi_ws/install/ros2_tutorials_interfaces/share/ros2_tutorials_interfaces/environment/library_path.sh
[0.930s] -- Up-to-date: /home/lenovo/Desktop/mogi_ws/install/ros2_tutorials_interfaces/share/ros2_tutorials_interfaces/environment/library_path.dsv
[0.930s] -- Up-to-date: /home/lenovo/Desktop/mogi_ws/install/ros2_tutorials_interfaces/lib/libros2_tutorials_interfaces__rosidl_generator_c.so
[0.930s] -- Up-to-date: /home/lenovo/Desktop/mogi_ws/install/ros2_tutorials_interfaces/include/ros2_tutorials_interfaces/ros2_tutorials_interfaces
[0.930s] -- Up-to-date: /home/lenovo/Desktop/mogi_ws/install/ros2_tutorials_interfaces/include/ros2_tutorials_interfaces/ros2_tutorials_interfaces/srv
[0.931s] -- Up-to-date: /home/lenovo/Desktop/mogi_ws/install/ros2_tutorials_interfaces/include/ros2_tutorials_interfaces/ros2_tutorials_interfaces/srv/detail
[0.931s] -- Up-to-date: /home/lenovo/Desktop/mogi_ws/install/ros2_tutorials_interfaces/include/ros2_tutorials_interfaces/ros2_tutorials_interfaces/srv/detail/custom_calc__rosidl_typesupport_fastrtps_c.h
[0.931s] -- Up-to-date: /home/lenovo/Desktop/mogi_ws/install/ros2_tutorials_interfaces/include/ros2_tutorials_interfaces/ros2_tutorials_interfaces/msg
[0.931s] -- Up-to-date: /home/lenovo/Desktop/mogi_ws/install/ros2_tutorials_interfaces/include/ros2_tutorials_interfaces/ros2_tutorials_interfaces/msg/rosidl_typesupport_fastrtps_c__visibility_control.h
[0.931s] -- Up-to-date: /home/lenovo/Desktop/mogi_ws/install/ros2_tutorials_interfaces/lib/libros2_tutorials_interfaces__rosidl_typesupport_fastrtps_c.so
[0.931s] -- Up-to-date: /home/lenovo/Desktop/mogi_ws/install/ros2_tutorials_interfaces/include/ros2_tutorials_interfaces/ros2_tutorials_interfaces
[0.931s] -- Up-to-date: /home/lenovo/Desktop/mogi_ws/install/ros2_tutorials_interfaces/include/ros2_tutorials_interfaces/ros2_tutorials_interfaces/srv
[0.931s] -- Up-to-date: /home/lenovo/Desktop/mogi_ws/install/ros2_tutorials_interfaces/include/ros2_tutorials_interfaces/ros2_tutorials_interfaces/srv/detail
[0.931s] -- Up-to-date: /home/lenovo/Desktop/mogi_ws/install/ros2_tutorials_interfaces/include/ros2_tutorials_interfaces/ros2_tutorials_interfaces/srv/detail/custom_calc__rosidl_typesupport_introspection_c.h
[0.932s] -- Up-to-date: /home/lenovo/Desktop/mogi_ws/install/ros2_tutorials_interfaces/include/ros2_tutorials_interfaces/ros2_tutorials_interfaces/srv/detail/custom_calc__type_support.c
[0.932s] -- Up-to-date: /home/lenovo/Desktop/mogi_ws/install/ros2_tutorials_interfaces/include/ros2_tutorials_interfaces/ros2_tutorials_interfaces/msg
[0.932s] -- Up-to-date: /home/lenovo/Desktop/mogi_ws/install/ros2_tutorials_interfaces/include/ros2_tutorials_interfaces/ros2_tutorials_interfaces/msg/rosidl_typesupport_introspection_c__visibility_control.h
[0.932s] -- Up-to-date: /home/lenovo/Desktop/mogi_ws/install/ros2_tutorials_interfaces/lib/libros2_tutorials_interfaces__rosidl_typesupport_introspection_c.so
[0.932s] -- Up-to-date: /home/lenovo/Desktop/mogi_ws/install/ros2_tutorials_interfaces/lib/libros2_tutorials_interfaces__rosidl_typesupport_c.so
[0.932s] -- Up-to-date: /home/lenovo/Desktop/mogi_ws/install/ros2_tutorials_interfaces/include/ros2_tutorials_interfaces/ros2_tutorials_interfaces
[0.932s] -- Up-to-date: /home/lenovo/Desktop/mogi_ws/install/ros2_tutorials_interfaces/include/ros2_tutorials_interfaces/ros2_tutorials_interfaces/srv
[0.932s] -- Up-to-date: /home/lenovo/Desktop/mogi_ws/install/ros2_tutorials_interfaces/include/ros2_tutorials_interfaces/ros2_tutorials_interfaces/srv/custom_calc.hpp
[0.932s] -- Up-to-date: /home/lenovo/Desktop/mogi_ws/install/ros2_tutorials_interfaces/include/ros2_tutorials_interfaces/ros2_tutorials_interfaces/srv/detail
[0.933s] -- Up-to-date: /home/lenovo/Desktop/mogi_ws/install/ros2_tutorials_interfaces/include/ros2_tutorials_interfaces/ros2_tutorials_interfaces/srv/detail/custom_calc__struct.hpp
[0.933s] -- Up-to-date: /home/lenovo/Desktop/mogi_ws/install/ros2_tutorials_interfaces/include/ros2_tutorials_interfaces/ros2_tutorials_interfaces/srv/detail/custom_calc__builder.hpp
[0.933s] -- Up-to-date: /home/lenovo/Desktop/mogi_ws/install/ros2_tutorials_interfaces/include/ros2_tutorials_interfaces/ros2_tutorials_interfaces/srv/detail/custom_calc__traits.hpp
[0.933s] -- Up-to-date: /home/lenovo/Desktop/mogi_ws/install/ros2_tutorials_interfaces/include/ros2_tutorials_interfaces/ros2_tutorials_interfaces/srv/detail/custom_calc__type_support.hpp
[0.933s] -- Up-to-date: /home/lenovo/Desktop/mogi_ws/install/ros2_tutorials_interfaces/include/ros2_tutorials_interfaces/ros2_tutorials_interfaces/msg
[0.933s] -- Up-to-date: /home/lenovo/Desktop/mogi_ws/install/ros2_tutorials_interfaces/include/ros2_tutorials_interfaces/ros2_tutorials_interfaces/msg/rosidl_generator_cpp__visibility_control.hpp
[0.933s] -- Up-to-date: /home/lenovo/Desktop/mogi_ws/install/ros2_tutorials_interfaces/include/ros2_tutorials_interfaces/ros2_tutorials_interfaces
[0.933s] -- Up-to-date: /home/lenovo/Desktop/mogi_ws/install/ros2_tutorials_interfaces/include/ros2_tutorials_interfaces/ros2_tutorials_interfaces/srv
[0.933s] -- Up-to-date: /home/lenovo/Desktop/mogi_ws/install/ros2_tutorials_interfaces/include/ros2_tutorials_interfaces/ros2_tutorials_interfaces/srv/detail
[0.934s] -- Up-to-date: /home/lenovo/Desktop/mogi_ws/install/ros2_tutorials_interfaces/include/ros2_tutorials_interfaces/ros2_tutorials_interfaces/srv/detail/dds_fastrtps
[0.934s] -- Up-to-date: /home/lenovo/Desktop/mogi_ws/install/ros2_tutorials_interfaces/include/ros2_tutorials_interfaces/ros2_tutorials_interfaces/srv/detail/custom_calc__rosidl_typesupport_fastrtps_cpp.hpp
[0.934s] -- Up-to-date: /home/lenovo/Desktop/mogi_ws/install/ros2_tutorials_interfaces/include/ros2_tutorials_interfaces/ros2_tutorials_interfaces/msg
[0.934s] -- Up-to-date: /home/lenovo/Desktop/mogi_ws/install/ros2_tutorials_interfaces/include/ros2_tutorials_interfaces/ros2_tutorials_interfaces/msg/rosidl_typesupport_fastrtps_cpp__visibility_control.h
[0.934s] -- Up-to-date: /home/lenovo/Desktop/mogi_ws/install/ros2_tutorials_interfaces/lib/libros2_tutorials_interfaces__rosidl_typesupport_fastrtps_cpp.so
[0.934s] -- Up-to-date: /home/lenovo/Desktop/mogi_ws/install/ros2_tutorials_interfaces/include/ros2_tutorials_interfaces/ros2_tutorials_interfaces
[0.934s] -- Up-to-date: /home/lenovo/Desktop/mogi_ws/install/ros2_tutorials_interfaces/include/ros2_tutorials_interfaces/ros2_tutorials_interfaces/srv
[0.934s] -- Up-to-date: /home/lenovo/Desktop/mogi_ws/install/ros2_tutorials_interfaces/include/ros2_tutorials_interfaces/ros2_tutorials_interfaces/srv/detail
[0.934s] -- Up-to-date: /home/lenovo/Desktop/mogi_ws/install/ros2_tutorials_interfaces/include/ros2_tutorials_interfaces/ros2_tutorials_interfaces/srv/detail/custom_calc__type_support.cpp
[0.935s] -- Up-to-date: /home/lenovo/Desktop/mogi_ws/install/ros2_tutorials_interfaces/include/ros2_tutorials_interfaces/ros2_tutorials_interfaces/srv/detail/custom_calc__rosidl_typesupport_introspection_cpp.hpp
[0.935s] -- Up-to-date: /home/lenovo/Desktop/mogi_ws/install/ros2_tutorials_interfaces/lib/libros2_tutorials_interfaces__rosidl_typesupport_introspection_cpp.so
[0.935s] -- Up-to-date: /home/lenovo/Desktop/mogi_ws/install/ros2_tutorials_interfaces/lib/libros2_tutorials_interfaces__rosidl_typesupport_cpp.so
[0.935s] -- Up-to-date: /home/lenovo/Desktop/mogi_ws/install/ros2_tutorials_interfaces/share/ros2_tutorials_interfaces/environment/pythonpath.sh
[0.935s] -- Up-to-date: /home/lenovo/Desktop/mogi_ws/install/ros2_tutorials_interfaces/share/ros2_tutorials_interfaces/environment/pythonpath.dsv
[0.935s] -- Up-to-date: /home/lenovo/Desktop/mogi_ws/install/ros2_tutorials_interfaces/lib/python3.12/site-packages/ros2_tutorials_interfaces-0.0.0-py3.12.egg-info
[0.935s] -- Installing: /home/lenovo/Desktop/mogi_ws/install/ros2_tutorials_interfaces/lib/python3.12/site-packages/ros2_tutorials_interfaces-0.0.0-py3.12.egg-info/SOURCES.txt
[0.935s] -- Installing: /home/lenovo/Desktop/mogi_ws/install/ros2_tutorials_interfaces/lib/python3.12/site-packages/ros2_tutorials_interfaces-0.0.0-py3.12.egg-info/PKG-INFO
[0.936s] -- Installing: /home/lenovo/Desktop/mogi_ws/install/ros2_tutorials_interfaces/lib/python3.12/site-packages/ros2_tutorials_interfaces-0.0.0-py3.12.egg-info/top_level.txt
[0.936s] -- Installing: /home/lenovo/Desktop/mogi_ws/install/ros2_tutorials_interfaces/lib/python3.12/site-packages/ros2_tutorials_interfaces-0.0.0-py3.12.egg-info/dependency_links.txt
[0.936s] -- Up-to-date: /home/lenovo/Desktop/mogi_ws/install/ros2_tutorials_interfaces/lib/python3.12/site-packages/ros2_tutorials_interfaces
[0.936s] -- Up-to-date: /home/lenovo/Desktop/mogi_ws/install/ros2_tutorials_interfaces/lib/python3.12/site-packages/ros2_tutorials_interfaces/_ros2_tutorials_interfaces_s.ep.rosidl_typesupport_fastrtps_c.c
[0.936s] -- Up-to-date: /home/lenovo/Desktop/mogi_ws/install/ros2_tutorials_interfaces/lib/python3.12/site-packages/ros2_tutorials_interfaces/_ros2_tutorials_interfaces_s.ep.rosidl_typesupport_c.c
[0.936s] -- Up-to-date: /home/lenovo/Desktop/mogi_ws/install/ros2_tutorials_interfaces/lib/python3.12/site-packages/ros2_tutorials_interfaces/ros2_tutorials_interfaces_s__rosidl_typesupport_introspection_c.so
[0.936s] -- Up-to-date: /home/lenovo/Desktop/mogi_ws/install/ros2_tutorials_interfaces/lib/python3.12/site-packages/ros2_tutorials_interfaces/srv
[0.936s] -- Up-to-date: /home/lenovo/Desktop/mogi_ws/install/ros2_tutorials_interfaces/lib/python3.12/site-packages/ros2_tutorials_interfaces/srv/__init__.py
[0.937s] -- Up-to-date: /home/lenovo/Desktop/mogi_ws/install/ros2_tutorials_interfaces/lib/python3.12/site-packages/ros2_tutorials_interfaces/srv/_custom_calc_s.c
[0.937s] -- Up-to-date: /home/lenovo/Desktop/mogi_ws/install/ros2_tutorials_interfaces/lib/python3.12/site-packages/ros2_tutorials_interfaces/srv/_custom_calc.py
[0.937s] -- Up-to-date: /home/lenovo/Desktop/mogi_ws/install/ros2_tutorials_interfaces/lib/python3.12/site-packages/ros2_tutorials_interfaces/__init__.py
[0.937s] -- Up-to-date: /home/lenovo/Desktop/mogi_ws/install/ros2_tutorials_interfaces/lib/python3.12/site-packages/ros2_tutorials_interfaces/ros2_tutorials_interfaces_s__rosidl_typesupport_fastrtps_c.so
[0.937s] -- Up-to-date: /home/lenovo/Desktop/mogi_ws/install/ros2_tutorials_interfaces/lib/python3.12/site-packages/ros2_tutorials_interfaces/_ros2_tutorials_interfaces_s.ep.rosidl_typesupport_introspection_c.c
[0.937s] -- Up-to-date: /home/lenovo/Desktop/mogi_ws/install/ros2_tutorials_interfaces/lib/python3.12/site-packages/ros2_tutorials_interfaces/ros2_tutorials_interfaces_s__rosidl_typesupport_c.so
[0.992s] Listing '/home/lenovo/Desktop/mogi_ws/install/ros2_tutorials_interfaces/lib/python3.12/site-packages/ros2_tutorials_interfaces'...
[0.992s] Listing '/home/lenovo/Desktop/mogi_ws/install/ros2_tutorials_interfaces/lib/python3.12/site-packages/ros2_tutorials_interfaces/srv'...
[1.001s] -- Up-to-date: /home/lenovo/Desktop/mogi_ws/install/ros2_tutorials_interfaces/lib/python3.12/site-packages/ros2_tutorials_interfaces/ros2_tutorials_interfaces_s__rosidl_typesupport_fastrtps_c.so
[1.001s] -- Up-to-date: /home/lenovo/Desktop/mogi_ws/install/ros2_tutorials_interfaces/lib/python3.12/site-packages/ros2_tutorials_interfaces/ros2_tutorials_interfaces_s__rosidl_typesupport_introspection_c.so
[1.001s] -- Up-to-date: /home/lenovo/Desktop/mogi_ws/install/ros2_tutorials_interfaces/lib/python3.12/site-packages/ros2_tutorials_interfaces/ros2_tutorials_interfaces_s__rosidl_typesupport_c.so
[1.002s] -- Up-to-date: /home/lenovo/Desktop/mogi_ws/install/ros2_tutorials_interfaces/lib/libros2_tutorials_interfaces__rosidl_generator_py.so
[1.002s] -- Up-to-date: /home/lenovo/Desktop/mogi_ws/install/ros2_tutorials_interfaces/share/ros2_tutorials_interfaces/srv/CustomCalc.idl
[1.002s] -- Up-to-date: /home/lenovo/Desktop/mogi_ws/install/ros2_tutorials_interfaces/share/ros2_tutorials_interfaces/srv/CustomCalc.srv
[1.002s] -- Up-to-date: /home/lenovo/Desktop/mogi_ws/install/ros2_tutorials_interfaces/share/ament_index/resource_index/package_run_dependencies/ros2_tutorials_interfaces
[1.003s] -- Up-to-date: /home/lenovo/Desktop/mogi_ws/install/ros2_tutorials_interfaces/share/ament_index/resource_index/parent_prefix_path/ros2_tutorials_interfaces
[1.003s] -- Up-to-date: /home/lenovo/Desktop/mogi_ws/install/ros2_tutorials_interfaces/share/ros2_tutorials_interfaces/environment/ament_prefix_path.sh
[1.003s] -- Up-to-date: /home/lenovo/Desktop/mogi_ws/install/ros2_tutorials_interfaces/share/ros2_tutorials_interfaces/environment/ament_prefix_path.dsv
[1.003s] -- Up-to-date: /home/lenovo/Desktop/mogi_ws/install/ros2_tutorials_interfaces/share/ros2_tutorials_interfaces/environment/path.sh
[1.003s] -- Up-to-date: /home/lenovo/Desktop/mogi_ws/install/ros2_tutorials_interfaces/share/ros2_tutorials_interfaces/environment/path.dsv
[1.003s] -- Up-to-date: /home/lenovo/Desktop/mogi_ws/install/ros2_tutorials_interfaces/share/ros2_tutorials_interfaces/local_setup.bash
[1.003s] -- Up-to-date: /home/lenovo/Desktop/mogi_ws/install/ros2_tutorials_interfaces/share/ros2_tutorials_interfaces/local_setup.sh
[1.003s] -- Up-to-date: /home/lenovo/Desktop/mogi_ws/install/ros2_tutorials_interfaces/share/ros2_tutorials_interfaces/local_setup.zsh
[1.004s] -- Up-to-date: /home/lenovo/Desktop/mogi_ws/install/ros2_tutorials_interfaces/share/ros2_tutorials_interfaces/local_setup.dsv
[1.004s] -- Installing: /home/lenovo/Desktop/mogi_ws/install/ros2_tutorials_interfaces/share/ros2_tutorials_interfaces/package.dsv
[1.004s] -- Up-to-date: /home/lenovo/Desktop/mogi_ws/install/ros2_tutorials_interfaces/share/ament_index/resource_index/packages/ros2_tutorials_interfaces
[1.004s] -- Up-to-date: /home/lenovo/Desktop/mogi_ws/install/ros2_tutorials_interfaces/share/ros2_tutorials_interfaces/cmake/export_ros2_tutorials_interfaces__rosidl_generator_cExport.cmake
[1.004s] -- Up-to-date: /home/lenovo/Desktop/mogi_ws/install/ros2_tutorials_interfaces/share/ros2_tutorials_interfaces/cmake/export_ros2_tutorials_interfaces__rosidl_generator_cExport-noconfig.cmake
[1.004s] -- Up-to-date: /home/lenovo/Desktop/mogi_ws/install/ros2_tutorials_interfaces/share/ros2_tutorials_interfaces/cmake/export_ros2_tutorials_interfaces__rosidl_typesupport_fastrtps_cExport.cmake
[1.004s] -- Up-to-date: /home/lenovo/Desktop/mogi_ws/install/ros2_tutorials_interfaces/share/ros2_tutorials_interfaces/cmake/export_ros2_tutorials_interfaces__rosidl_typesupport_fastrtps_cExport-noconfig.cmake
[1.004s] -- Up-to-date: /home/lenovo/Desktop/mogi_ws/install/ros2_tutorials_interfaces/share/ros2_tutorials_interfaces/cmake/ros2_tutorials_interfaces__rosidl_typesupport_introspection_cExport.cmake
[1.004s] -- Up-to-date: /home/lenovo/Desktop/mogi_ws/install/ros2_tutorials_interfaces/share/ros2_tutorials_interfaces/cmake/ros2_tutorials_interfaces__rosidl_typesupport_introspection_cExport-noconfig.cmake
[1.005s] -- Up-to-date: /home/lenovo/Desktop/mogi_ws/install/ros2_tutorials_interfaces/share/ros2_tutorials_interfaces/cmake/ros2_tutorials_interfaces__rosidl_typesupport_cExport.cmake
[1.005s] -- Up-to-date: /home/lenovo/Desktop/mogi_ws/install/ros2_tutorials_interfaces/share/ros2_tutorials_interfaces/cmake/ros2_tutorials_interfaces__rosidl_typesupport_cExport-noconfig.cmake
[1.005s] -- Up-to-date: /home/lenovo/Desktop/mogi_ws/install/ros2_tutorials_interfaces/share/ros2_tutorials_interfaces/cmake/export_ros2_tutorials_interfaces__rosidl_generator_cppExport.cmake
[1.005s] -- Up-to-date: /home/lenovo/Desktop/mogi_ws/install/ros2_tutorials_interfaces/share/ros2_tutorials_interfaces/cmake/export_ros2_tutorials_interfaces__rosidl_typesupport_fastrtps_cppExport.cmake
[1.005s] -- Up-to-date: /home/lenovo/Desktop/mogi_ws/install/ros2_tutorials_interfaces/share/ros2_tutorials_interfaces/cmake/export_ros2_tutorials_interfaces__rosidl_typesupport_fastrtps_cppExport-noconfig.cmake
[1.005s] -- Up-to-date: /home/lenovo/Desktop/mogi_ws/install/ros2_tutorials_interfaces/share/ros2_tutorials_interfaces/cmake/ros2_tutorials_interfaces__rosidl_typesupport_introspection_cppExport.cmake
[1.005s] -- Up-to-date: /home/lenovo/Desktop/mogi_ws/install/ros2_tutorials_interfaces/share/ros2_tutorials_interfaces/cmake/ros2_tutorials_interfaces__rosidl_typesupport_introspection_cppExport-noconfig.cmake
[1.005s] -- Up-to-date: /home/lenovo/Desktop/mogi_ws/install/ros2_tutorials_interfaces/share/ros2_tutorials_interfaces/cmake/ros2_tutorials_interfaces__rosidl_typesupport_cppExport.cmake
[1.005s] -- Up-to-date: /home/lenovo/Desktop/mogi_ws/install/ros2_tutorials_interfaces/share/ros2_tutorials_interfaces/cmake/ros2_tutorials_interfaces__rosidl_typesupport_cppExport-noconfig.cmake
[1.006s] -- Up-to-date: /home/lenovo/Desktop/mogi_ws/install/ros2_tutorials_interfaces/share/ros2_tutorials_interfaces/cmake/export_ros2_tutorials_interfaces__rosidl_generator_pyExport.cmake
[1.006s] -- Up-to-date: /home/lenovo/Desktop/mogi_ws/install/ros2_tutorials_interfaces/share/ros2_tutorials_interfaces/cmake/export_ros2_tutorials_interfaces__rosidl_generator_pyExport-noconfig.cmake
[1.006s] -- Up-to-date: /home/lenovo/Desktop/mogi_ws/install/ros2_tutorials_interfaces/share/ros2_tutorials_interfaces/cmake/rosidl_cmake-extras.cmake
[1.006s] -- Up-to-date: /home/lenovo/Desktop/mogi_ws/install/ros2_tutorials_interfaces/share/ros2_tutorials_interfaces/cmake/ament_cmake_export_dependencies-extras.cmake
[1.006s] -- Up-to-date: /home/lenovo/Desktop/mogi_ws/install/ros2_tutorials_interfaces/share/ros2_tutorials_interfaces/cmake/ament_cmake_export_include_directories-extras.cmake
[1.006s] -- Up-to-date: /home/lenovo/Desktop/mogi_ws/install/ros2_tutorials_interfaces/share/ros2_tutorials_interfaces/cmake/ament_cmake_export_libraries-extras.cmake
[1.006s] -- Up-to-date: /home/lenovo/Desktop/mogi_ws/install/ros2_tutorials_interfaces/share/ros2_tutorials_interfaces/cmake/ament_cmake_export_targets-extras.cmake
[1.006s] -- Up-to-date: /home/lenovo/Desktop/mogi_ws/install/ros2_tutorials_interfaces/share/ros2_tutorials_interfaces/cmake/rosidl_cmake_export_typesupport_targets-extras.cmake
[1.006s] -- Up-to-date: /home/lenovo/Desktop/mogi_ws/install/ros2_tutorials_interfaces/share/ros2_tutorials_interfaces/cmake/rosidl_cmake_export_typesupport_libraries-extras.cmake
[1.006s] -- Up-to-date: /home/lenovo/Desktop/mogi_ws/install/ros2_tutorials_interfaces/share/ros2_tutorials_interfaces/cmake/ros2_tutorials_interfacesConfig.cmake
[1.007s] -- Up-to-date: /home/lenovo/Desktop/mogi_ws/install/ros2_tutorials_interfaces/share/ros2_tutorials_interfaces/cmake/ros2_tutorials_interfacesConfig-version.cmake
[1.007s] -- Up-to-date: /home/lenovo/Desktop/mogi_ws/install/ros2_tutorials_interfaces/share/ros2_tutorials_interfaces/package.xml
[1.010s] Invoked command in '/home/lenovo/Desktop/mogi_ws/build/ros2_tutorials_interfaces' returned '0': CMAKE_PREFIX_PATH=${CMAKE_PREFIX_PATH}:/home/lenovo/Desktop/mogi_ws/install/ros2_tutorials_py:/home/lenovo/Desktop/ws_camera/install/ros2_opencv:/home/lenovo/Desktop/ros2_ws/install/my_py_pkg:/opt/ros/jazzy DEBUGINFOD_URLS=https://debuginfod.ubuntu.com /usr/bin/cmake --install /home/lenovo/Desktop/mogi_ws/build/ros2_tutorials_interfaces
