[0.079s] Invoking command in '/home/lenovo/Desktop/mogi_ws/build/ros2_tutorials_bringup': CMAKE_PREFIX_PATH=${CMAKE_PREFIX_PATH}:/home/lenovo/Desktop/mogi_ws/install/ros2_tutorials_py:/home/lenovo/Desktop/ws_camera/install/ros2_opencv:/home/lenovo/Desktop/ros2_ws/install/my_py_pkg:/opt/ros/jazzy DEBUGINFOD_URLS=https://debuginfod.ubuntu.com /usr/bin/cmake --build /home/lenovo/Desktop/mogi_ws/build/ros2_tutorials_bringup -- -j12 -l12
[0.563s] Invoked command in '/home/lenovo/Desktop/mogi_ws/build/ros2_tutorials_bringup' returned '0': CMAKE_PREFIX_PATH=${CMAKE_PREFIX_PATH}:/home/lenovo/Desktop/mogi_ws/install/ros2_tutorials_py:/home/lenovo/Desktop/ws_camera/install/ros2_opencv:/home/lenovo/Desktop/ros2_ws/install/my_py_pkg:/opt/ros/jazzy DEBUGINFOD_URLS=https://debuginfod.ubuntu.com /usr/bin/cmake --build /home/lenovo/Desktop/mogi_ws/build/ros2_tutorials_bringup -- -j12 -l12
[0.565s] Invoking command in '/home/lenovo/Desktop/mogi_ws/build/ros2_tutorials_bringup': CMAKE_PREFIX_PATH=${CMAKE_PREFIX_PATH}:/home/lenovo/Desktop/mogi_ws/install/ros2_tutorials_py:/home/lenovo/Desktop/ws_camera/install/ros2_opencv:/home/lenovo/Desktop/ros2_ws/install/my_py_pkg:/opt/ros/jazzy DEBUGINFOD_URLS=https://debuginfod.ubuntu.com /usr/bin/cmake --install /home/lenovo/Desktop/mogi_ws/build/ros2_tutorials_bringup
[0.583s] -- Install configuration: ""
[0.583s] -- Up-to-date: /home/lenovo/Desktop/mogi_ws/install/ros2_tutorials_bringup/share/ros2_tutorials_bringup/launch
[0.584s] -- Up-to-date: /home/lenovo/Desktop/mogi_ws/install/ros2_tutorials_bringup/share/ros2_tutorials_bringup/launch/publisher_subscriber.launch.py
[0.584s] -- Up-to-date: /home/lenovo/Desktop/mogi_ws/install/ros2_tutorials_bringup/share/ament_index/resource_index/package_run_dependencies/ros2_tutorials_bringup
[0.585s] -- Up-to-date: /home/lenovo/Desktop/mogi_ws/install/ros2_tutorials_bringup/share/ament_index/resource_index/parent_prefix_path/ros2_tutorials_bringup
[0.585s] -- Up-to-date: /home/lenovo/Desktop/mogi_ws/install/ros2_tutorials_bringup/share/ros2_tutorials_bringup/environment/ament_prefix_path.sh
[0.586s] -- Up-to-date: /home/lenovo/Desktop/mogi_ws/install/ros2_tutorials_bringup/share/ros2_tutorials_bringup/environment/ament_prefix_path.dsv
[0.587s] -- Up-to-date: /home/lenovo/Desktop/mogi_ws/install/ros2_tutorials_bringup/share/ros2_tutorials_bringup/environment/path.sh
[0.587s] -- Up-to-date: /home/lenovo/Desktop/mogi_ws/install/ros2_tutorials_bringup/share/ros2_tutorials_bringup/environment/path.dsv
[0.587s] -- Up-to-date: /home/lenovo/Desktop/mogi_ws/install/ros2_tutorials_bringup/share/ros2_tutorials_bringup/local_setup.bash
[0.587s] -- Up-to-date: /home/lenovo/Desktop/mogi_ws/install/ros2_tutorials_bringup/share/ros2_tutorials_bringup/local_setup.sh
[0.588s] -- Up-to-date: /home/lenovo/Desktop/mogi_ws/install/ros2_tutorials_bringup/share/ros2_tutorials_bringup/local_setup.zsh
[0.588s] -- Up-to-date: /home/lenovo/Desktop/mogi_ws/install/ros2_tutorials_bringup/share/ros2_tutorials_bringup/local_setup.dsv
[0.589s] -- Installing: /home/lenovo/Desktop/mogi_ws/install/ros2_tutorials_bringup/share/ros2_tutorials_bringup/package.dsv
[0.590s] -- Up-to-date: /home/lenovo/Desktop/mogi_ws/install/ros2_tutorials_bringup/share/ament_index/resource_index/packages/ros2_tutorials_bringup
[0.590s] -- Up-to-date: /home/lenovo/Desktop/mogi_ws/install/ros2_tutorials_bringup/share/ros2_tutorials_bringup/cmake/ros2_tutorials_bringupConfig.cmake
[0.591s] -- Up-to-date: /home/lenovo/Desktop/mogi_ws/install/ros2_tutorials_bringup/share/ros2_tutorials_bringup/cmake/ros2_tutorials_bringupConfig-version.cmake
[0.591s] -- Up-to-date: /home/lenovo/Desktop/mogi_ws/install/ros2_tutorials_bringup/share/ros2_tutorials_bringup/package.xml
[0.620s] Invoked command in '/home/lenovo/Desktop/mogi_ws/build/ros2_tutorials_bringup' returned '0': CMAKE_PREFIX_PATH=${CMAKE_PREFIX_PATH}:/home/lenovo/Desktop/mogi_ws/install/ros2_tutorials_py:/home/lenovo/Desktop/ws_camera/install/ros2_opencv:/home/lenovo/Desktop/ros2_ws/install/my_py_pkg:/opt/ros/jazzy DEBUGINFOD_URLS=https://debuginfod.ubuntu.com /usr/bin/cmake --install /home/lenovo/Desktop/mogi_ws/build/ros2_tutorials_bringup
