[0.022s] Invoking command in '/home/lenovo/Desktop/mogi_ws/build/ros2_tutorials_cpp': CMAKE_PREFIX_PATH=${CMAKE_PREFIX_PATH}:/home/lenovo/Desktop/mogi_ws/install/ros2_tutorials_py:/home/lenovo/Desktop/ws_camera/install/ros2_opencv:/home/lenovo/Desktop/ros2_ws/install/my_py_pkg:/opt/ros/jazzy DEBUGINFOD_URLS=https://debuginfod.ubuntu.com /usr/bin/cmake --build /home/lenovo/Desktop/mogi_ws/build/ros2_tutorials_cpp -- -j12 -l12
[0.079s] [ 50%] Built target subscriber_cpp
[0.089s] [ 75%] [32mBuilding CXX object CMakeFiles/publisher_cpp.dir/src/publisher.cpp.o[0m
[2.789s] [100%] [32m[1mLinking CXX executable publisher_cpp[0m
[2.911s] [100%] Built target publisher_cpp
[2.923s] Invoked command in '/home/lenovo/Desktop/mogi_ws/build/ros2_tutorials_cpp' returned '0': CMAKE_PREFIX_PATH=${CMAKE_PREFIX_PATH}:/home/lenovo/Desktop/mogi_ws/install/ros2_tutorials_py:/home/lenovo/Desktop/ws_camera/install/ros2_opencv:/home/lenovo/Desktop/ros2_ws/install/my_py_pkg:/opt/ros/jazzy DEBUGINFOD_URLS=https://debuginfod.ubuntu.com /usr/bin/cmake --build /home/lenovo/Desktop/mogi_ws/build/ros2_tutorials_cpp -- -j12 -l12
[2.924s] Invoking command in '/home/lenovo/Desktop/mogi_ws/build/ros2_tutorials_cpp': CMAKE_PREFIX_PATH=${CMAKE_PREFIX_PATH}:/home/lenovo/Desktop/mogi_ws/install/ros2_tutorials_py:/home/lenovo/Desktop/ws_camera/install/ros2_opencv:/home/lenovo/Desktop/ros2_ws/install/my_py_pkg:/opt/ros/jazzy DEBUGINFOD_URLS=https://debuginfod.ubuntu.com /usr/bin/cmake --install /home/lenovo/Desktop/mogi_ws/build/ros2_tutorials_cpp
[2.932s] -- Install configuration: ""
[2.933s] -- Installing: /home/lenovo/Desktop/mogi_ws/install/ros2_tutorials_cpp/lib/ros2_tutorials_cpp/publisher_cpp
[2.934s] -- Set non-toolchain portion of runtime path of "/home/lenovo/Desktop/mogi_ws/install/ros2_tutorials_cpp/lib/ros2_tutorials_cpp/publisher_cpp" to ""
[2.934s] -- Up-to-date: /home/lenovo/Desktop/mogi_ws/install/ros2_tutorials_cpp/lib/ros2_tutorials_cpp/subscriber_cpp
[2.934s] -- Up-to-date: /home/lenovo/Desktop/mogi_ws/install/ros2_tutorials_cpp/share/ament_index/resource_index/package_run_dependencies/ros2_tutorials_cpp
[2.934s] -- Up-to-date: /home/lenovo/Desktop/mogi_ws/install/ros2_tutorials_cpp/share/ament_index/resource_index/parent_prefix_path/ros2_tutorials_cpp
[2.934s] -- Up-to-date: /home/lenovo/Desktop/mogi_ws/install/ros2_tutorials_cpp/share/ros2_tutorials_cpp/environment/ament_prefix_path.sh
[2.934s] -- Up-to-date: /home/lenovo/Desktop/mogi_ws/install/ros2_tutorials_cpp/share/ros2_tutorials_cpp/environment/ament_prefix_path.dsv
[2.934s] -- Up-to-date: /home/lenovo/Desktop/mogi_ws/install/ros2_tutorials_cpp/share/ros2_tutorials_cpp/environment/path.sh
[2.934s] -- Up-to-date: /home/lenovo/Desktop/mogi_ws/install/ros2_tutorials_cpp/share/ros2_tutorials_cpp/environment/path.dsv
[2.934s] -- Up-to-date: /home/lenovo/Desktop/mogi_ws/install/ros2_tutorials_cpp/share/ros2_tutorials_cpp/local_setup.bash
[2.934s] -- Up-to-date: /home/lenovo/Desktop/mogi_ws/install/ros2_tutorials_cpp/share/ros2_tutorials_cpp/local_setup.sh
[2.934s] -- Up-to-date: /home/lenovo/Desktop/mogi_ws/install/ros2_tutorials_cpp/share/ros2_tutorials_cpp/local_setup.zsh
[2.935s] -- Up-to-date: /home/lenovo/Desktop/mogi_ws/install/ros2_tutorials_cpp/share/ros2_tutorials_cpp/local_setup.dsv
[2.935s] -- Installing: /home/lenovo/Desktop/mogi_ws/install/ros2_tutorials_cpp/share/ros2_tutorials_cpp/package.dsv
[2.935s] -- Up-to-date: /home/lenovo/Desktop/mogi_ws/install/ros2_tutorials_cpp/share/ament_index/resource_index/packages/ros2_tutorials_cpp
[2.935s] -- Up-to-date: /home/lenovo/Desktop/mogi_ws/install/ros2_tutorials_cpp/share/ros2_tutorials_cpp/cmake/ros2_tutorials_cppConfig.cmake
[2.935s] -- Up-to-date: /home/lenovo/Desktop/mogi_ws/install/ros2_tutorials_cpp/share/ros2_tutorials_cpp/cmake/ros2_tutorials_cppConfig-version.cmake
[2.935s] -- Up-to-date: /home/lenovo/Desktop/mogi_ws/install/ros2_tutorials_cpp/share/ros2_tutorials_cpp/package.xml
[2.936s] Invoked command in '/home/lenovo/Desktop/mogi_ws/build/ros2_tutorials_cpp' returned '0': CMAKE_PREFIX_PATH=${CMAKE_PREFIX_PATH}:/home/lenovo/Desktop/mogi_ws/install/ros2_tutorials_py:/home/lenovo/Desktop/ws_camera/install/ros2_opencv:/home/lenovo/Desktop/ros2_ws/install/my_py_pkg:/opt/ros/jazzy DEBUGINFOD_URLS=https://debuginfod.ubuntu.com /usr/bin/cmake --install /home/lenovo/Desktop/mogi_ws/build/ros2_tutorials_cpp
