[  2%] Built target ros2_tutorials_interfaces__rosidl_generator_type_description
[  2%] Built target ament_cmake_python_copy_ros2_tutorials_interfaces
[  5%] Built target ros2_tutorials_interfaces__cpp
[ 20%] Built target ros2_tutorials_interfaces__rosidl_generator_c
[ 29%] Built target ros2_tutorials_interfaces__rosidl_typesupport_cpp
[ 38%] Built target ros2_tutorials_interfaces__rosidl_typesupport_introspection_c
[ 47%] Built target ros2_tutorials_interfaces__rosidl_typesupport_introspection_cpp
[ 58%] Built target ros2_tutorials_interfaces__rosidl_typesupport_fastrtps_cpp
[ 64%] Built target ros2_tutorials_interfaces__rosidl_typesupport_fastrtps_c
[ 73%] Built target ros2_tutorials_interfaces__rosidl_typesupport_c
[ 73%] Built target ros2_tutorials_interfaces
[ 76%] Built target ros2_tutorials_interfaces__py
[ 82%] Built target ros2_tutorials_interfaces__rosidl_generator_py
[ 88%] Built target ros2_tutorials_interfaces_s__rosidl_typesupport_fastrtps_c
[ 94%] Built target ros2_tutorials_interfaces_s__rosidl_typesupport_introspection_c
[100%] Built target ros2_tutorials_interfaces_s__rosidl_typesupport_c
running egg_info
writing ros2_tutorials_interfaces.egg-info/PKG-INFO
writing dependency_links to ros2_tutorials_interfaces.egg-info/dependency_links.txt
writing top-level names to ros2_tutorials_interfaces.egg-info/top_level.txt
reading manifest file 'ros2_tutorials_interfaces.egg-info/SOURCES.txt'
writing manifest file 'ros2_tutorials_interfaces.egg-info/SOURCES.txt'
[100%] Built target ament_cmake_python_build_ros2_tutorials_interfaces_egg
-- Install configuration: ""
-- Up-to-date: /home/lenovo/Desktop/mogi_ws/install/ros2_tutorials_interfaces/share/ament_index/resource_index/rosidl_interfaces/ros2_tutorials_interfaces
-- Up-to-date: /home/lenovo/Desktop/mogi_ws/install/ros2_tutorials_interfaces/share/ros2_tutorials_interfaces/srv/CustomCalc.json
-- Up-to-date: /home/lenovo/Desktop/mogi_ws/install/ros2_tutorials_interfaces/include/ros2_tutorials_interfaces/ros2_tutorials_interfaces
-- Up-to-date: /home/lenovo/Desktop/mogi_ws/install/ros2_tutorials_interfaces/include/ros2_tutorials_interfaces/ros2_tutorials_interfaces/srv
-- Up-to-date: /home/lenovo/Desktop/mogi_ws/install/ros2_tutorials_interfaces/include/ros2_tutorials_interfaces/ros2_tutorials_interfaces/srv/custom_calc.h
-- Up-to-date: /home/lenovo/Desktop/mogi_ws/install/ros2_tutorials_interfaces/include/ros2_tutorials_interfaces/ros2_tutorials_interfaces/srv/detail
-- Up-to-date: /home/lenovo/Desktop/mogi_ws/install/ros2_tutorials_interfaces/include/ros2_tutorials_interfaces/ros2_tutorials_interfaces/srv/detail/custom_calc__description.c
-- Up-to-date: /home/lenovo/Desktop/mogi_ws/install/ros2_tutorials_interfaces/include/ros2_tutorials_interfaces/ros2_tutorials_interfaces/srv/detail/custom_calc__functions.h
-- Up-to-date: /home/lenovo/Desktop/mogi_ws/install/ros2_tutorials_interfaces/include/ros2_tutorials_interfaces/ros2_tutorials_interfaces/srv/detail/custom_calc__type_support.h
-- Up-to-date: /home/lenovo/Desktop/mogi_ws/install/ros2_tutorials_interfaces/include/ros2_tutorials_interfaces/ros2_tutorials_interfaces/srv/detail/custom_calc__functions.c
-- Up-to-date: /home/lenovo/Desktop/mogi_ws/install/ros2_tutorials_interfaces/include/ros2_tutorials_interfaces/ros2_tutorials_interfaces/srv/detail/custom_calc__type_support.c
-- Up-to-date: /home/lenovo/Desktop/mogi_ws/install/ros2_tutorials_interfaces/include/ros2_tutorials_interfaces/ros2_tutorials_interfaces/srv/detail/custom_calc__struct.h
-- Up-to-date: /home/lenovo/Desktop/mogi_ws/install/ros2_tutorials_interfaces/include/ros2_tutorials_interfaces/ros2_tutorials_interfaces/msg
-- Up-to-date: /home/lenovo/Desktop/mogi_ws/install/ros2_tutorials_interfaces/include/ros2_tutorials_interfaces/ros2_tutorials_interfaces/msg/rosidl_generator_c__visibility_control.h
-- Up-to-date: /home/lenovo/Desktop/mogi_ws/install/ros2_tutorials_interfaces/share/ros2_tutorials_interfaces/environment/library_path.sh
-- Up-to-date: /home/lenovo/Desktop/mogi_ws/install/ros2_tutorials_interfaces/share/ros2_tutorials_interfaces/environment/library_path.dsv
-- Up-to-date: /home/lenovo/Desktop/mogi_ws/install/ros2_tutorials_interfaces/lib/libros2_tutorials_interfaces__rosidl_generator_c.so
-- Up-to-date: /home/lenovo/Desktop/mogi_ws/install/ros2_tutorials_interfaces/include/ros2_tutorials_interfaces/ros2_tutorials_interfaces
-- Up-to-date: /home/lenovo/Desktop/mogi_ws/install/ros2_tutorials_interfaces/include/ros2_tutorials_interfaces/ros2_tutorials_interfaces/srv
-- Up-to-date: /home/lenovo/Desktop/mogi_ws/install/ros2_tutorials_interfaces/include/ros2_tutorials_interfaces/ros2_tutorials_interfaces/srv/detail
-- Up-to-date: /home/lenovo/Desktop/mogi_ws/install/ros2_tutorials_interfaces/include/ros2_tutorials_interfaces/ros2_tutorials_interfaces/srv/detail/custom_calc__rosidl_typesupport_fastrtps_c.h
-- Up-to-date: /home/lenovo/Desktop/mogi_ws/install/ros2_tutorials_interfaces/include/ros2_tutorials_interfaces/ros2_tutorials_interfaces/msg
-- Up-to-date: /home/lenovo/Desktop/mogi_ws/install/ros2_tutorials_interfaces/include/ros2_tutorials_interfaces/ros2_tutorials_interfaces/msg/rosidl_typesupport_fastrtps_c__visibility_control.h
-- Up-to-date: /home/lenovo/Desktop/mogi_ws/install/ros2_tutorials_interfaces/lib/libros2_tutorials_interfaces__rosidl_typesupport_fastrtps_c.so
-- Up-to-date: /home/lenovo/Desktop/mogi_ws/install/ros2_tutorials_interfaces/include/ros2_tutorials_interfaces/ros2_tutorials_interfaces
-- Up-to-date: /home/lenovo/Desktop/mogi_ws/install/ros2_tutorials_interfaces/include/ros2_tutorials_interfaces/ros2_tutorials_interfaces/srv
-- Up-to-date: /home/lenovo/Desktop/mogi_ws/install/ros2_tutorials_interfaces/include/ros2_tutorials_interfaces/ros2_tutorials_interfaces/srv/detail
-- Up-to-date: /home/lenovo/Desktop/mogi_ws/install/ros2_tutorials_interfaces/include/ros2_tutorials_interfaces/ros2_tutorials_interfaces/srv/detail/custom_calc__rosidl_typesupport_introspection_c.h
-- Up-to-date: /home/lenovo/Desktop/mogi_ws/install/ros2_tutorials_interfaces/include/ros2_tutorials_interfaces/ros2_tutorials_interfaces/srv/detail/custom_calc__type_support.c
-- Up-to-date: /home/lenovo/Desktop/mogi_ws/install/ros2_tutorials_interfaces/include/ros2_tutorials_interfaces/ros2_tutorials_interfaces/msg
-- Up-to-date: /home/lenovo/Desktop/mogi_ws/install/ros2_tutorials_interfaces/include/ros2_tutorials_interfaces/ros2_tutorials_interfaces/msg/rosidl_typesupport_introspection_c__visibility_control.h
-- Up-to-date: /home/lenovo/Desktop/mogi_ws/install/ros2_tutorials_interfaces/lib/libros2_tutorials_interfaces__rosidl_typesupport_introspection_c.so
-- Up-to-date: /home/lenovo/Desktop/mogi_ws/install/ros2_tutorials_interfaces/lib/libros2_tutorials_interfaces__rosidl_typesupport_c.so
-- Up-to-date: /home/lenovo/Desktop/mogi_ws/install/ros2_tutorials_interfaces/include/ros2_tutorials_interfaces/ros2_tutorials_interfaces
-- Up-to-date: /home/lenovo/Desktop/mogi_ws/install/ros2_tutorials_interfaces/include/ros2_tutorials_interfaces/ros2_tutorials_interfaces/srv
-- Up-to-date: /home/lenovo/Desktop/mogi_ws/install/ros2_tutorials_interfaces/include/ros2_tutorials_interfaces/ros2_tutorials_interfaces/srv/custom_calc.hpp
-- Up-to-date: /home/lenovo/Desktop/mogi_ws/install/ros2_tutorials_interfaces/include/ros2_tutorials_interfaces/ros2_tutorials_interfaces/srv/detail
-- Up-to-date: /home/lenovo/Desktop/mogi_ws/install/ros2_tutorials_interfaces/include/ros2_tutorials_interfaces/ros2_tutorials_interfaces/srv/detail/custom_calc__struct.hpp
-- Up-to-date: /home/lenovo/Desktop/mogi_ws/install/ros2_tutorials_interfaces/include/ros2_tutorials_interfaces/ros2_tutorials_interfaces/srv/detail/custom_calc__builder.hpp
-- Up-to-date: /home/lenovo/Desktop/mogi_ws/install/ros2_tutorials_interfaces/include/ros2_tutorials_interfaces/ros2_tutorials_interfaces/srv/detail/custom_calc__traits.hpp
-- Up-to-date: /home/lenovo/Desktop/mogi_ws/install/ros2_tutorials_interfaces/include/ros2_tutorials_interfaces/ros2_tutorials_interfaces/srv/detail/custom_calc__type_support.hpp
-- Up-to-date: /home/lenovo/Desktop/mogi_ws/install/ros2_tutorials_interfaces/include/ros2_tutorials_interfaces/ros2_tutorials_interfaces/msg
-- Up-to-date: /home/lenovo/Desktop/mogi_ws/install/ros2_tutorials_interfaces/include/ros2_tutorials_interfaces/ros2_tutorials_interfaces/msg/rosidl_generator_cpp__visibility_control.hpp
-- Up-to-date: /home/lenovo/Desktop/mogi_ws/install/ros2_tutorials_interfaces/include/ros2_tutorials_interfaces/ros2_tutorials_interfaces
-- Up-to-date: /home/lenovo/Desktop/mogi_ws/install/ros2_tutorials_interfaces/include/ros2_tutorials_interfaces/ros2_tutorials_interfaces/srv
-- Up-to-date: /home/lenovo/Desktop/mogi_ws/install/ros2_tutorials_interfaces/include/ros2_tutorials_interfaces/ros2_tutorials_interfaces/srv/detail
-- Up-to-date: /home/lenovo/Desktop/mogi_ws/install/ros2_tutorials_interfaces/include/ros2_tutorials_interfaces/ros2_tutorials_interfaces/srv/detail/dds_fastrtps
-- Up-to-date: /home/lenovo/Desktop/mogi_ws/install/ros2_tutorials_interfaces/include/ros2_tutorials_interfaces/ros2_tutorials_interfaces/srv/detail/custom_calc__rosidl_typesupport_fastrtps_cpp.hpp
-- Up-to-date: /home/lenovo/Desktop/mogi_ws/install/ros2_tutorials_interfaces/include/ros2_tutorials_interfaces/ros2_tutorials_interfaces/msg
-- Up-to-date: /home/lenovo/Desktop/mogi_ws/install/ros2_tutorials_interfaces/include/ros2_tutorials_interfaces/ros2_tutorials_interfaces/msg/rosidl_typesupport_fastrtps_cpp__visibility_control.h
-- Up-to-date: /home/lenovo/Desktop/mogi_ws/install/ros2_tutorials_interfaces/lib/libros2_tutorials_interfaces__rosidl_typesupport_fastrtps_cpp.so
-- Up-to-date: /home/lenovo/Desktop/mogi_ws/install/ros2_tutorials_interfaces/include/ros2_tutorials_interfaces/ros2_tutorials_interfaces
-- Up-to-date: /home/lenovo/Desktop/mogi_ws/install/ros2_tutorials_interfaces/include/ros2_tutorials_interfaces/ros2_tutorials_interfaces/srv
-- Up-to-date: /home/lenovo/Desktop/mogi_ws/install/ros2_tutorials_interfaces/include/ros2_tutorials_interfaces/ros2_tutorials_interfaces/srv/detail
-- Up-to-date: /home/lenovo/Desktop/mogi_ws/install/ros2_tutorials_interfaces/include/ros2_tutorials_interfaces/ros2_tutorials_interfaces/srv/detail/custom_calc__type_support.cpp
-- Up-to-date: /home/lenovo/Desktop/mogi_ws/install/ros2_tutorials_interfaces/include/ros2_tutorials_interfaces/ros2_tutorials_interfaces/srv/detail/custom_calc__rosidl_typesupport_introspection_cpp.hpp
-- Up-to-date: /home/lenovo/Desktop/mogi_ws/install/ros2_tutorials_interfaces/lib/libros2_tutorials_interfaces__rosidl_typesupport_introspection_cpp.so
-- Up-to-date: /home/lenovo/Desktop/mogi_ws/install/ros2_tutorials_interfaces/lib/libros2_tutorials_interfaces__rosidl_typesupport_cpp.so
-- Up-to-date: /home/lenovo/Desktop/mogi_ws/install/ros2_tutorials_interfaces/share/ros2_tutorials_interfaces/environment/pythonpath.sh
-- Up-to-date: /home/lenovo/Desktop/mogi_ws/install/ros2_tutorials_interfaces/share/ros2_tutorials_interfaces/environment/pythonpath.dsv
-- Up-to-date: /home/lenovo/Desktop/mogi_ws/install/ros2_tutorials_interfaces/lib/python3.12/site-packages/ros2_tutorials_interfaces-0.0.0-py3.12.egg-info
-- Installing: /home/lenovo/Desktop/mogi_ws/install/ros2_tutorials_interfaces/lib/python3.12/site-packages/ros2_tutorials_interfaces-0.0.0-py3.12.egg-info/SOURCES.txt
-- Installing: /home/lenovo/Desktop/mogi_ws/install/ros2_tutorials_interfaces/lib/python3.12/site-packages/ros2_tutorials_interfaces-0.0.0-py3.12.egg-info/PKG-INFO
-- Installing: /home/lenovo/Desktop/mogi_ws/install/ros2_tutorials_interfaces/lib/python3.12/site-packages/ros2_tutorials_interfaces-0.0.0-py3.12.egg-info/top_level.txt
-- Installing: /home/lenovo/Desktop/mogi_ws/install/ros2_tutorials_interfaces/lib/python3.12/site-packages/ros2_tutorials_interfaces-0.0.0-py3.12.egg-info/dependency_links.txt
-- Up-to-date: /home/lenovo/Desktop/mogi_ws/install/ros2_tutorials_interfaces/lib/python3.12/site-packages/ros2_tutorials_interfaces
-- Up-to-date: /home/lenovo/Desktop/mogi_ws/install/ros2_tutorials_interfaces/lib/python3.12/site-packages/ros2_tutorials_interfaces/_ros2_tutorials_interfaces_s.ep.rosidl_typesupport_fastrtps_c.c
-- Up-to-date: /home/lenovo/Desktop/mogi_ws/install/ros2_tutorials_interfaces/lib/python3.12/site-packages/ros2_tutorials_interfaces/_ros2_tutorials_interfaces_s.ep.rosidl_typesupport_c.c
-- Up-to-date: /home/lenovo/Desktop/mogi_ws/install/ros2_tutorials_interfaces/lib/python3.12/site-packages/ros2_tutorials_interfaces/ros2_tutorials_interfaces_s__rosidl_typesupport_introspection_c.so
-- Up-to-date: /home/lenovo/Desktop/mogi_ws/install/ros2_tutorials_interfaces/lib/python3.12/site-packages/ros2_tutorials_interfaces/srv
-- Up-to-date: /home/lenovo/Desktop/mogi_ws/install/ros2_tutorials_interfaces/lib/python3.12/site-packages/ros2_tutorials_interfaces/srv/__init__.py
-- Up-to-date: /home/lenovo/Desktop/mogi_ws/install/ros2_tutorials_interfaces/lib/python3.12/site-packages/ros2_tutorials_interfaces/srv/_custom_calc_s.c
-- Up-to-date: /home/lenovo/Desktop/mogi_ws/install/ros2_tutorials_interfaces/lib/python3.12/site-packages/ros2_tutorials_interfaces/srv/_custom_calc.py
-- Up-to-date: /home/lenovo/Desktop/mogi_ws/install/ros2_tutorials_interfaces/lib/python3.12/site-packages/ros2_tutorials_interfaces/__init__.py
-- Up-to-date: /home/lenovo/Desktop/mogi_ws/install/ros2_tutorials_interfaces/lib/python3.12/site-packages/ros2_tutorials_interfaces/ros2_tutorials_interfaces_s__rosidl_typesupport_fastrtps_c.so
-- Up-to-date: /home/lenovo/Desktop/mogi_ws/install/ros2_tutorials_interfaces/lib/python3.12/site-packages/ros2_tutorials_interfaces/_ros2_tutorials_interfaces_s.ep.rosidl_typesupport_introspection_c.c
-- Up-to-date: /home/lenovo/Desktop/mogi_ws/install/ros2_tutorials_interfaces/lib/python3.12/site-packages/ros2_tutorials_interfaces/ros2_tutorials_interfaces_s__rosidl_typesupport_c.so
Listing '/home/lenovo/Desktop/mogi_ws/install/ros2_tutorials_interfaces/lib/python3.12/site-packages/ros2_tutorials_interfaces'...
Listing '/home/lenovo/Desktop/mogi_ws/install/ros2_tutorials_interfaces/lib/python3.12/site-packages/ros2_tutorials_interfaces/srv'...
-- Up-to-date: /home/lenovo/Desktop/mogi_ws/install/ros2_tutorials_interfaces/lib/python3.12/site-packages/ros2_tutorials_interfaces/ros2_tutorials_interfaces_s__rosidl_typesupport_fastrtps_c.so
-- Up-to-date: /home/lenovo/Desktop/mogi_ws/install/ros2_tutorials_interfaces/lib/python3.12/site-packages/ros2_tutorials_interfaces/ros2_tutorials_interfaces_s__rosidl_typesupport_introspection_c.so
-- Up-to-date: /home/lenovo/Desktop/mogi_ws/install/ros2_tutorials_interfaces/lib/python3.12/site-packages/ros2_tutorials_interfaces/ros2_tutorials_interfaces_s__rosidl_typesupport_c.so
-- Up-to-date: /home/lenovo/Desktop/mogi_ws/install/ros2_tutorials_interfaces/lib/libros2_tutorials_interfaces__rosidl_generator_py.so
-- Up-to-date: /home/lenovo/Desktop/mogi_ws/install/ros2_tutorials_interfaces/share/ros2_tutorials_interfaces/srv/CustomCalc.idl
-- Up-to-date: /home/lenovo/Desktop/mogi_ws/install/ros2_tutorials_interfaces/share/ros2_tutorials_interfaces/srv/CustomCalc.srv
-- Up-to-date: /home/lenovo/Desktop/mogi_ws/install/ros2_tutorials_interfaces/share/ament_index/resource_index/package_run_dependencies/ros2_tutorials_interfaces
-- Up-to-date: /home/lenovo/Desktop/mogi_ws/install/ros2_tutorials_interfaces/share/ament_index/resource_index/parent_prefix_path/ros2_tutorials_interfaces
-- Up-to-date: /home/lenovo/Desktop/mogi_ws/install/ros2_tutorials_interfaces/share/ros2_tutorials_interfaces/environment/ament_prefix_path.sh
-- Up-to-date: /home/lenovo/Desktop/mogi_ws/install/ros2_tutorials_interfaces/share/ros2_tutorials_interfaces/environment/ament_prefix_path.dsv
-- Up-to-date: /home/lenovo/Desktop/mogi_ws/install/ros2_tutorials_interfaces/share/ros2_tutorials_interfaces/environment/path.sh
-- Up-to-date: /home/lenovo/Desktop/mogi_ws/install/ros2_tutorials_interfaces/share/ros2_tutorials_interfaces/environment/path.dsv
-- Up-to-date: /home/lenovo/Desktop/mogi_ws/install/ros2_tutorials_interfaces/share/ros2_tutorials_interfaces/local_setup.bash
-- Up-to-date: /home/lenovo/Desktop/mogi_ws/install/ros2_tutorials_interfaces/share/ros2_tutorials_interfaces/local_setup.sh
-- Up-to-date: /home/lenovo/Desktop/mogi_ws/install/ros2_tutorials_interfaces/share/ros2_tutorials_interfaces/local_setup.zsh
-- Up-to-date: /home/lenovo/Desktop/mogi_ws/install/ros2_tutorials_interfaces/share/ros2_tutorials_interfaces/local_setup.dsv
-- Installing: /home/lenovo/Desktop/mogi_ws/install/ros2_tutorials_interfaces/share/ros2_tutorials_interfaces/package.dsv
-- Up-to-date: /home/lenovo/Desktop/mogi_ws/install/ros2_tutorials_interfaces/share/ament_index/resource_index/packages/ros2_tutorials_interfaces
-- Up-to-date: /home/lenovo/Desktop/mogi_ws/install/ros2_tutorials_interfaces/share/ros2_tutorials_interfaces/cmake/export_ros2_tutorials_interfaces__rosidl_generator_cExport.cmake
-- Up-to-date: /home/lenovo/Desktop/mogi_ws/install/ros2_tutorials_interfaces/share/ros2_tutorials_interfaces/cmake/export_ros2_tutorials_interfaces__rosidl_generator_cExport-noconfig.cmake
-- Up-to-date: /home/lenovo/Desktop/mogi_ws/install/ros2_tutorials_interfaces/share/ros2_tutorials_interfaces/cmake/export_ros2_tutorials_interfaces__rosidl_typesupport_fastrtps_cExport.cmake
-- Up-to-date: /home/lenovo/Desktop/mogi_ws/install/ros2_tutorials_interfaces/share/ros2_tutorials_interfaces/cmake/export_ros2_tutorials_interfaces__rosidl_typesupport_fastrtps_cExport-noconfig.cmake
-- Up-to-date: /home/lenovo/Desktop/mogi_ws/install/ros2_tutorials_interfaces/share/ros2_tutorials_interfaces/cmake/ros2_tutorials_interfaces__rosidl_typesupport_introspection_cExport.cmake
-- Up-to-date: /home/lenovo/Desktop/mogi_ws/install/ros2_tutorials_interfaces/share/ros2_tutorials_interfaces/cmake/ros2_tutorials_interfaces__rosidl_typesupport_introspection_cExport-noconfig.cmake
-- Up-to-date: /home/lenovo/Desktop/mogi_ws/install/ros2_tutorials_interfaces/share/ros2_tutorials_interfaces/cmake/ros2_tutorials_interfaces__rosidl_typesupport_cExport.cmake
-- Up-to-date: /home/lenovo/Desktop/mogi_ws/install/ros2_tutorials_interfaces/share/ros2_tutorials_interfaces/cmake/ros2_tutorials_interfaces__rosidl_typesupport_cExport-noconfig.cmake
-- Up-to-date: /home/lenovo/Desktop/mogi_ws/install/ros2_tutorials_interfaces/share/ros2_tutorials_interfaces/cmake/export_ros2_tutorials_interfaces__rosidl_generator_cppExport.cmake
-- Up-to-date: /home/lenovo/Desktop/mogi_ws/install/ros2_tutorials_interfaces/share/ros2_tutorials_interfaces/cmake/export_ros2_tutorials_interfaces__rosidl_typesupport_fastrtps_cppExport.cmake
-- Up-to-date: /home/lenovo/Desktop/mogi_ws/install/ros2_tutorials_interfaces/share/ros2_tutorials_interfaces/cmake/export_ros2_tutorials_interfaces__rosidl_typesupport_fastrtps_cppExport-noconfig.cmake
-- Up-to-date: /home/lenovo/Desktop/mogi_ws/install/ros2_tutorials_interfaces/share/ros2_tutorials_interfaces/cmake/ros2_tutorials_interfaces__rosidl_typesupport_introspection_cppExport.cmake
-- Up-to-date: /home/lenovo/Desktop/mogi_ws/install/ros2_tutorials_interfaces/share/ros2_tutorials_interfaces/cmake/ros2_tutorials_interfaces__rosidl_typesupport_introspection_cppExport-noconfig.cmake
-- Up-to-date: /home/lenovo/Desktop/mogi_ws/install/ros2_tutorials_interfaces/share/ros2_tutorials_interfaces/cmake/ros2_tutorials_interfaces__rosidl_typesupport_cppExport.cmake
-- Up-to-date: /home/lenovo/Desktop/mogi_ws/install/ros2_tutorials_interfaces/share/ros2_tutorials_interfaces/cmake/ros2_tutorials_interfaces__rosidl_typesupport_cppExport-noconfig.cmake
-- Up-to-date: /home/lenovo/Desktop/mogi_ws/install/ros2_tutorials_interfaces/share/ros2_tutorials_interfaces/cmake/export_ros2_tutorials_interfaces__rosidl_generator_pyExport.cmake
-- Up-to-date: /home/lenovo/Desktop/mogi_ws/install/ros2_tutorials_interfaces/share/ros2_tutorials_interfaces/cmake/export_ros2_tutorials_interfaces__rosidl_generator_pyExport-noconfig.cmake
-- Up-to-date: /home/lenovo/Desktop/mogi_ws/install/ros2_tutorials_interfaces/share/ros2_tutorials_interfaces/cmake/rosidl_cmake-extras.cmake
-- Up-to-date: /home/lenovo/Desktop/mogi_ws/install/ros2_tutorials_interfaces/share/ros2_tutorials_interfaces/cmake/ament_cmake_export_dependencies-extras.cmake
-- Up-to-date: /home/lenovo/Desktop/mogi_ws/install/ros2_tutorials_interfaces/share/ros2_tutorials_interfaces/cmake/ament_cmake_export_include_directories-extras.cmake
-- Up-to-date: /home/lenovo/Desktop/mogi_ws/install/ros2_tutorials_interfaces/share/ros2_tutorials_interfaces/cmake/ament_cmake_export_libraries-extras.cmake
-- Up-to-date: /home/lenovo/Desktop/mogi_ws/install/ros2_tutorials_interfaces/share/ros2_tutorials_interfaces/cmake/ament_cmake_export_targets-extras.cmake
-- Up-to-date: /home/lenovo/Desktop/mogi_ws/install/ros2_tutorials_interfaces/share/ros2_tutorials_interfaces/cmake/rosidl_cmake_export_typesupport_targets-extras.cmake
-- Up-to-date: /home/lenovo/Desktop/mogi_ws/install/ros2_tutorials_interfaces/share/ros2_tutorials_interfaces/cmake/rosidl_cmake_export_typesupport_libraries-extras.cmake
-- Up-to-date: /home/lenovo/Desktop/mogi_ws/install/ros2_tutorials_interfaces/share/ros2_tutorials_interfaces/cmake/ros2_tutorials_interfacesConfig.cmake
-- Up-to-date: /home/lenovo/Desktop/mogi_ws/install/ros2_tutorials_interfaces/share/ros2_tutorials_interfaces/cmake/ros2_tutorials_interfacesConfig-version.cmake
-- Up-to-date: /home/lenovo/Desktop/mogi_ws/install/ros2_tutorials_interfaces/share/ros2_tutorials_interfaces/package.xml
