[0.068s] Invoking command in '/home/lenovo/Desktop/mogi_ws/build/ros2_tutorials_interfaces': CMAKE_PREFIX_PATH=${CMAKE_PREFIX_PATH}:/home/lenovo/Desktop/mogi_ws/install/ros2_tutorials_py:/home/lenovo/Desktop/ws_camera/install/ros2_opencv:/home/lenovo/Desktop/ros2_ws/install/my_py_pkg:/opt/ros/jazzy DEBUGINFOD_URLS=https://debuginfod.ubuntu.com /usr/bin/cmake --build /home/lenovo/Desktop/mogi_ws/build/ros2_tutorials_interfaces -- -j12 -l12
[0.198s] [  2%] Built target ros2_tutorials_interfaces__rosidl_generator_type_description
[0.214s] [  2%] Built target ament_cmake_python_copy_ros2_tutorials_interfaces
[0.245s] [  5%] Built target ros2_tutorials_interfaces__cpp
[0.262s] [ 20%] Built target ros2_tutorials_interfaces__rosidl_generator_c
[0.321s] [ 29%] Built target ros2_tutorials_interfaces__rosidl_typesupport_cpp
[0.321s] [ 38%] Built target ros2_tutorials_interfaces__rosidl_typesupport_introspection_c
[0.323s] [ 47%] Built target ros2_tutorials_interfaces__rosidl_typesupport_introspection_cpp
[0.331s] [ 58%] Built target ros2_tutorials_interfaces__rosidl_typesupport_fastrtps_cpp
[0.331s] [ 64%] Built target ros2_tutorials_interfaces__rosidl_typesupport_fastrtps_c
[0.331s] [ 73%] Built target ros2_tutorials_interfaces__rosidl_typesupport_c
[0.379s] [ 73%] Built target ros2_tutorials_interfaces
[0.434s] [ 76%] Built target ros2_tutorials_interfaces__py
[0.504s] [ 82%] Built target ros2_tutorials_interfaces__rosidl_generator_py
[0.579s] [ 88%] Built target ros2_tutorials_interfaces_s__rosidl_typesupport_fastrtps_c
[0.586s] [ 94%] Built target ros2_tutorials_interfaces_s__rosidl_typesupport_introspection_c
[0.597s] [100%] Built target ros2_tutorials_interfaces_s__rosidl_typesupport_c
[0.777s] running egg_info
[0.824s] writing ros2_tutorials_interfaces.egg-info/PKG-INFO
[0.825s] writing dependency_links to ros2_tutorials_interfaces.egg-info/dependency_links.txt
[0.825s] writing top-level names to ros2_tutorials_interfaces.egg-info/top_level.txt
[0.926s] reading manifest file 'ros2_tutorials_interfaces.egg-info/SOURCES.txt'
[0.928s] writing manifest file 'ros2_tutorials_interfaces.egg-info/SOURCES.txt'
[0.980s] [100%] Built target ament_cmake_python_build_ros2_tutorials_interfaces_egg
[1.040s] Invoked command in '/home/lenovo/Desktop/mogi_ws/build/ros2_tutorials_interfaces' returned '0': CMAKE_PREFIX_PATH=${CMAKE_PREFIX_PATH}:/home/lenovo/Desktop/mogi_ws/install/ros2_tutorials_py:/home/lenovo/Desktop/ws_camera/install/ros2_opencv:/home/lenovo/Desktop/ros2_ws/install/my_py_pkg:/opt/ros/jazzy DEBUGINFOD_URLS=https://debuginfod.ubuntu.com /usr/bin/cmake --build /home/lenovo/Desktop/mogi_ws/build/ros2_tutorials_interfaces -- -j12 -l12
[1.047s] Invoking command in '/home/lenovo/Desktop/mogi_ws/build/ros2_tutorials_interfaces': CMAKE_PREFIX_PATH=${CMAKE_PREFIX_PATH}:/home/lenovo/Desktop/mogi_ws/install/ros2_tutorials_py:/home/lenovo/Desktop/ws_camera/install/ros2_opencv:/home/lenovo/Desktop/ros2_ws/install/my_py_pkg:/opt/ros/jazzy DEBUGINFOD_URLS=https://debuginfod.ubuntu.com /usr/bin/cmake --install /home/lenovo/Desktop/mogi_ws/build/ros2_tutorials_interfaces
[1.095s] -- Install configuration: ""
[1.097s] -- Up-to-date: /home/lenovo/Desktop/mogi_ws/install/ros2_tutorials_interfaces/share/ament_index/resource_index/rosidl_interfaces/ros2_tutorials_interfaces
[1.098s] -- Up-to-date: /home/lenovo/Desktop/mogi_ws/install/ros2_tutorials_interfaces/share/ros2_tutorials_interfaces/srv/CustomCalc.json
[1.099s] -- Up-to-date: /home/lenovo/Desktop/mogi_ws/install/ros2_tutorials_interfaces/include/ros2_tutorials_interfaces/ros2_tutorials_interfaces
[1.100s] -- Up-to-date: /home/lenovo/Desktop/mogi_ws/install/ros2_tutorials_interfaces/include/ros2_tutorials_interfaces/ros2_tutorials_interfaces/srv
[1.101s] -- Up-to-date: /home/lenovo/Desktop/mogi_ws/install/ros2_tutorials_interfaces/include/ros2_tutorials_interfaces/ros2_tutorials_interfaces/srv/custom_calc.h
[1.101s] -- Up-to-date: /home/lenovo/Desktop/mogi_ws/install/ros2_tutorials_interfaces/include/ros2_tutorials_interfaces/ros2_tutorials_interfaces/srv/detail
[1.102s] -- Up-to-date: /home/lenovo/Desktop/mogi_ws/install/ros2_tutorials_interfaces/include/ros2_tutorials_interfaces/ros2_tutorials_interfaces/srv/detail/custom_calc__description.c
[1.103s] -- Up-to-date: /home/lenovo/Desktop/mogi_ws/install/ros2_tutorials_interfaces/include/ros2_tutorials_interfaces/ros2_tutorials_interfaces/srv/detail/custom_calc__functions.h
[1.103s] -- Up-to-date: /home/lenovo/Desktop/mogi_ws/install/ros2_tutorials_interfaces/include/ros2_tutorials_interfaces/ros2_tutorials_interfaces/srv/detail/custom_calc__type_support.h
[1.104s] -- Up-to-date: /home/lenovo/Desktop/mogi_ws/install/ros2_tutorials_interfaces/include/ros2_tutorials_interfaces/ros2_tutorials_interfaces/srv/detail/custom_calc__functions.c
[1.104s] -- Up-to-date: /home/lenovo/Desktop/mogi_ws/install/ros2_tutorials_interfaces/include/ros2_tutorials_interfaces/ros2_tutorials_interfaces/srv/detail/custom_calc__type_support.c
[1.104s] -- Up-to-date: /home/lenovo/Desktop/mogi_ws/install/ros2_tutorials_interfaces/include/ros2_tutorials_interfaces/ros2_tutorials_interfaces/srv/detail/custom_calc__struct.h
[1.105s] -- Up-to-date: /home/lenovo/Desktop/mogi_ws/install/ros2_tutorials_interfaces/include/ros2_tutorials_interfaces/ros2_tutorials_interfaces/msg
[1.106s] -- Up-to-date: /home/lenovo/Desktop/mogi_ws/install/ros2_tutorials_interfaces/include/ros2_tutorials_interfaces/ros2_tutorials_interfaces/msg/rosidl_generator_c__visibility_control.h
[1.107s] -- Up-to-date: /home/lenovo/Desktop/mogi_ws/install/ros2_tutorials_interfaces/share/ros2_tutorials_interfaces/environment/library_path.sh
[1.109s] -- Up-to-date: /home/lenovo/Desktop/mogi_ws/install/ros2_tutorials_interfaces/share/ros2_tutorials_interfaces/environment/library_path.dsv
[1.110s] -- Up-to-date: /home/lenovo/Desktop/mogi_ws/install/ros2_tutorials_interfaces/lib/libros2_tutorials_interfaces__rosidl_generator_c.so
[1.111s] -- Up-to-date: /home/lenovo/Desktop/mogi_ws/install/ros2_tutorials_interfaces/include/ros2_tutorials_interfaces/ros2_tutorials_interfaces
[1.113s] -- Up-to-date: /home/lenovo/Desktop/mogi_ws/install/ros2_tutorials_interfaces/include/ros2_tutorials_interfaces/ros2_tutorials_interfaces/srv
[1.114s] -- Up-to-date: /home/lenovo/Desktop/mogi_ws/install/ros2_tutorials_interfaces/include/ros2_tutorials_interfaces/ros2_tutorials_interfaces/srv/detail
[1.114s] -- Up-to-date: /home/lenovo/Desktop/mogi_ws/install/ros2_tutorials_interfaces/include/ros2_tutorials_interfaces/ros2_tutorials_interfaces/srv/detail/custom_calc__rosidl_typesupport_fastrtps_c.h
[1.114s] -- Up-to-date: /home/lenovo/Desktop/mogi_ws/install/ros2_tutorials_interfaces/include/ros2_tutorials_interfaces/ros2_tutorials_interfaces/msg
[1.115s] -- Up-to-date: /home/lenovo/Desktop/mogi_ws/install/ros2_tutorials_interfaces/include/ros2_tutorials_interfaces/ros2_tutorials_interfaces/msg/rosidl_typesupport_fastrtps_c__visibility_control.h
[1.115s] -- Up-to-date: /home/lenovo/Desktop/mogi_ws/install/ros2_tutorials_interfaces/lib/libros2_tutorials_interfaces__rosidl_typesupport_fastrtps_c.so
[1.115s] -- Up-to-date: /home/lenovo/Desktop/mogi_ws/install/ros2_tutorials_interfaces/include/ros2_tutorials_interfaces/ros2_tutorials_interfaces
[1.115s] -- Up-to-date: /home/lenovo/Desktop/mogi_ws/install/ros2_tutorials_interfaces/include/ros2_tutorials_interfaces/ros2_tutorials_interfaces/srv
[1.116s] -- Up-to-date: /home/lenovo/Desktop/mogi_ws/install/ros2_tutorials_interfaces/include/ros2_tutorials_interfaces/ros2_tutorials_interfaces/srv/detail
[1.116s] -- Up-to-date: /home/lenovo/Desktop/mogi_ws/install/ros2_tutorials_interfaces/include/ros2_tutorials_interfaces/ros2_tutorials_interfaces/srv/detail/custom_calc__rosidl_typesupport_introspection_c.h
[1.116s] -- Up-to-date: /home/lenovo/Desktop/mogi_ws/install/ros2_tutorials_interfaces/include/ros2_tutorials_interfaces/ros2_tutorials_interfaces/srv/detail/custom_calc__type_support.c
[1.116s] -- Up-to-date: /home/lenovo/Desktop/mogi_ws/install/ros2_tutorials_interfaces/include/ros2_tutorials_interfaces/ros2_tutorials_interfaces/msg
[1.117s] -- Up-to-date: /home/lenovo/Desktop/mogi_ws/install/ros2_tutorials_interfaces/include/ros2_tutorials_interfaces/ros2_tutorials_interfaces/msg/rosidl_typesupport_introspection_c__visibility_control.h
[1.117s] -- Up-to-date: /home/lenovo/Desktop/mogi_ws/install/ros2_tutorials_interfaces/lib/libros2_tutorials_interfaces__rosidl_typesupport_introspection_c.so
[1.118s] -- Up-to-date: /home/lenovo/Desktop/mogi_ws/install/ros2_tutorials_interfaces/lib/libros2_tutorials_interfaces__rosidl_typesupport_c.so
[1.118s] -- Up-to-date: /home/lenovo/Desktop/mogi_ws/install/ros2_tutorials_interfaces/include/ros2_tutorials_interfaces/ros2_tutorials_interfaces
[1.118s] -- Up-to-date: /home/lenovo/Desktop/mogi_ws/install/ros2_tutorials_interfaces/include/ros2_tutorials_interfaces/ros2_tutorials_interfaces/srv
[1.118s] -- Up-to-date: /home/lenovo/Desktop/mogi_ws/install/ros2_tutorials_interfaces/include/ros2_tutorials_interfaces/ros2_tutorials_interfaces/srv/custom_calc.hpp
[1.119s] -- Up-to-date: /home/lenovo/Desktop/mogi_ws/install/ros2_tutorials_interfaces/include/ros2_tutorials_interfaces/ros2_tutorials_interfaces/srv/detail
[1.119s] -- Up-to-date: /home/lenovo/Desktop/mogi_ws/install/ros2_tutorials_interfaces/include/ros2_tutorials_interfaces/ros2_tutorials_interfaces/srv/detail/custom_calc__struct.hpp
[1.119s] -- Up-to-date: /home/lenovo/Desktop/mogi_ws/install/ros2_tutorials_interfaces/include/ros2_tutorials_interfaces/ros2_tutorials_interfaces/srv/detail/custom_calc__builder.hpp
[1.120s] -- Up-to-date: /home/lenovo/Desktop/mogi_ws/install/ros2_tutorials_interfaces/include/ros2_tutorials_interfaces/ros2_tutorials_interfaces/srv/detail/custom_calc__traits.hpp
[1.120s] -- Up-to-date: /home/lenovo/Desktop/mogi_ws/install/ros2_tutorials_interfaces/include/ros2_tutorials_interfaces/ros2_tutorials_interfaces/srv/detail/custom_calc__type_support.hpp
[1.120s] -- Up-to-date: /home/lenovo/Desktop/mogi_ws/install/ros2_tutorials_interfaces/include/ros2_tutorials_interfaces/ros2_tutorials_interfaces/msg
[1.120s] -- Up-to-date: /home/lenovo/Desktop/mogi_ws/install/ros2_tutorials_interfaces/include/ros2_tutorials_interfaces/ros2_tutorials_interfaces/msg/rosidl_generator_cpp__visibility_control.hpp
[1.121s] -- Up-to-date: /home/lenovo/Desktop/mogi_ws/install/ros2_tutorials_interfaces/include/ros2_tutorials_interfaces/ros2_tutorials_interfaces
[1.121s] -- Up-to-date: /home/lenovo/Desktop/mogi_ws/install/ros2_tutorials_interfaces/include/ros2_tutorials_interfaces/ros2_tutorials_interfaces/srv
[1.121s] -- Up-to-date: /home/lenovo/Desktop/mogi_ws/install/ros2_tutorials_interfaces/include/ros2_tutorials_interfaces/ros2_tutorials_interfaces/srv/detail
[1.121s] -- Up-to-date: /home/lenovo/Desktop/mogi_ws/install/ros2_tutorials_interfaces/include/ros2_tutorials_interfaces/ros2_tutorials_interfaces/srv/detail/dds_fastrtps
[1.121s] -- Up-to-date: /home/lenovo/Desktop/mogi_ws/install/ros2_tutorials_interfaces/include/ros2_tutorials_interfaces/ros2_tutorials_interfaces/srv/detail/custom_calc__rosidl_typesupport_fastrtps_cpp.hpp
[1.122s] -- Up-to-date: /home/lenovo/Desktop/mogi_ws/install/ros2_tutorials_interfaces/include/ros2_tutorials_interfaces/ros2_tutorials_interfaces/msg
[1.122s] -- Up-to-date: /home/lenovo/Desktop/mogi_ws/install/ros2_tutorials_interfaces/include/ros2_tutorials_interfaces/ros2_tutorials_interfaces/msg/rosidl_typesupport_fastrtps_cpp__visibility_control.h
[1.122s] -- Up-to-date: /home/lenovo/Desktop/mogi_ws/install/ros2_tutorials_interfaces/lib/libros2_tutorials_interfaces__rosidl_typesupport_fastrtps_cpp.so
[1.122s] -- Up-to-date: /home/lenovo/Desktop/mogi_ws/install/ros2_tutorials_interfaces/include/ros2_tutorials_interfaces/ros2_tutorials_interfaces
[1.122s] -- Up-to-date: /home/lenovo/Desktop/mogi_ws/install/ros2_tutorials_interfaces/include/ros2_tutorials_interfaces/ros2_tutorials_interfaces/srv
[1.123s] -- Up-to-date: /home/lenovo/Desktop/mogi_ws/install/ros2_tutorials_interfaces/include/ros2_tutorials_interfaces/ros2_tutorials_interfaces/srv/detail
[1.123s] -- Up-to-date: /home/lenovo/Desktop/mogi_ws/install/ros2_tutorials_interfaces/include/ros2_tutorials_interfaces/ros2_tutorials_interfaces/srv/detail/custom_calc__type_support.cpp
[1.123s] -- Up-to-date: /home/lenovo/Desktop/mogi_ws/install/ros2_tutorials_interfaces/include/ros2_tutorials_interfaces/ros2_tutorials_interfaces/srv/detail/custom_calc__rosidl_typesupport_introspection_cpp.hpp
[1.124s] -- Up-to-date: /home/lenovo/Desktop/mogi_ws/install/ros2_tutorials_interfaces/lib/libros2_tutorials_interfaces__rosidl_typesupport_introspection_cpp.so
[1.124s] -- Up-to-date: /home/lenovo/Desktop/mogi_ws/install/ros2_tutorials_interfaces/lib/libros2_tutorials_interfaces__rosidl_typesupport_cpp.so
[1.124s] -- Up-to-date: /home/lenovo/Desktop/mogi_ws/install/ros2_tutorials_interfaces/share/ros2_tutorials_interfaces/environment/pythonpath.sh
[1.124s] -- Up-to-date: /home/lenovo/Desktop/mogi_ws/install/ros2_tutorials_interfaces/share/ros2_tutorials_interfaces/environment/pythonpath.dsv
[1.124s] -- Up-to-date: /home/lenovo/Desktop/mogi_ws/install/ros2_tutorials_interfaces/lib/python3.12/site-packages/ros2_tutorials_interfaces-0.0.0-py3.12.egg-info
[1.125s] -- Installing: /home/lenovo/Desktop/mogi_ws/install/ros2_tutorials_interfaces/lib/python3.12/site-packages/ros2_tutorials_interfaces-0.0.0-py3.12.egg-info/SOURCES.txt
[1.125s] -- Installing: /home/lenovo/Desktop/mogi_ws/install/ros2_tutorials_interfaces/lib/python3.12/site-packages/ros2_tutorials_interfaces-0.0.0-py3.12.egg-info/PKG-INFO
[1.125s] -- Installing: /home/lenovo/Desktop/mogi_ws/install/ros2_tutorials_interfaces/lib/python3.12/site-packages/ros2_tutorials_interfaces-0.0.0-py3.12.egg-info/top_level.txt
[1.125s] -- Installing: /home/lenovo/Desktop/mogi_ws/install/ros2_tutorials_interfaces/lib/python3.12/site-packages/ros2_tutorials_interfaces-0.0.0-py3.12.egg-info/dependency_links.txt
[1.126s] -- Up-to-date: /home/lenovo/Desktop/mogi_ws/install/ros2_tutorials_interfaces/lib/python3.12/site-packages/ros2_tutorials_interfaces
[1.126s] -- Up-to-date: /home/lenovo/Desktop/mogi_ws/install/ros2_tutorials_interfaces/lib/python3.12/site-packages/ros2_tutorials_interfaces/_ros2_tutorials_interfaces_s.ep.rosidl_typesupport_fastrtps_c.c
[1.126s] -- Up-to-date: /home/lenovo/Desktop/mogi_ws/install/ros2_tutorials_interfaces/lib/python3.12/site-packages/ros2_tutorials_interfaces/_ros2_tutorials_interfaces_s.ep.rosidl_typesupport_c.c
[1.127s] -- Up-to-date: /home/lenovo/Desktop/mogi_ws/install/ros2_tutorials_interfaces/lib/python3.12/site-packages/ros2_tutorials_interfaces/ros2_tutorials_interfaces_s__rosidl_typesupport_introspection_c.so
[1.127s] -- Up-to-date: /home/lenovo/Desktop/mogi_ws/install/ros2_tutorials_interfaces/lib/python3.12/site-packages/ros2_tutorials_interfaces/srv
[1.127s] -- Up-to-date: /home/lenovo/Desktop/mogi_ws/install/ros2_tutorials_interfaces/lib/python3.12/site-packages/ros2_tutorials_interfaces/srv/__init__.py
[1.127s] -- Up-to-date: /home/lenovo/Desktop/mogi_ws/install/ros2_tutorials_interfaces/lib/python3.12/site-packages/ros2_tutorials_interfaces/srv/_custom_calc_s.c
[1.127s] -- Up-to-date: /home/lenovo/Desktop/mogi_ws/install/ros2_tutorials_interfaces/lib/python3.12/site-packages/ros2_tutorials_interfaces/srv/_custom_calc.py
[1.128s] -- Up-to-date: /home/lenovo/Desktop/mogi_ws/install/ros2_tutorials_interfaces/lib/python3.12/site-packages/ros2_tutorials_interfaces/__init__.py
[1.128s] -- Up-to-date: /home/lenovo/Desktop/mogi_ws/install/ros2_tutorials_interfaces/lib/python3.12/site-packages/ros2_tutorials_interfaces/ros2_tutorials_interfaces_s__rosidl_typesupport_fastrtps_c.so
[1.128s] -- Up-to-date: /home/lenovo/Desktop/mogi_ws/install/ros2_tutorials_interfaces/lib/python3.12/site-packages/ros2_tutorials_interfaces/_ros2_tutorials_interfaces_s.ep.rosidl_typesupport_introspection_c.c
[1.128s] -- Up-to-date: /home/lenovo/Desktop/mogi_ws/install/ros2_tutorials_interfaces/lib/python3.12/site-packages/ros2_tutorials_interfaces/ros2_tutorials_interfaces_s__rosidl_typesupport_c.so
[1.311s] Listing '/home/lenovo/Desktop/mogi_ws/install/ros2_tutorials_interfaces/lib/python3.12/site-packages/ros2_tutorials_interfaces'...
[1.312s] Listing '/home/lenovo/Desktop/mogi_ws/install/ros2_tutorials_interfaces/lib/python3.12/site-packages/ros2_tutorials_interfaces/srv'...
[1.342s] -- Up-to-date: /home/lenovo/Desktop/mogi_ws/install/ros2_tutorials_interfaces/lib/python3.12/site-packages/ros2_tutorials_interfaces/ros2_tutorials_interfaces_s__rosidl_typesupport_fastrtps_c.so
[1.343s] -- Up-to-date: /home/lenovo/Desktop/mogi_ws/install/ros2_tutorials_interfaces/lib/python3.12/site-packages/ros2_tutorials_interfaces/ros2_tutorials_interfaces_s__rosidl_typesupport_introspection_c.so
[1.345s] -- Up-to-date: /home/lenovo/Desktop/mogi_ws/install/ros2_tutorials_interfaces/lib/python3.12/site-packages/ros2_tutorials_interfaces/ros2_tutorials_interfaces_s__rosidl_typesupport_c.so
[1.346s] -- Up-to-date: /home/lenovo/Desktop/mogi_ws/install/ros2_tutorials_interfaces/lib/libros2_tutorials_interfaces__rosidl_generator_py.so
[1.346s] -- Up-to-date: /home/lenovo/Desktop/mogi_ws/install/ros2_tutorials_interfaces/share/ros2_tutorials_interfaces/srv/CustomCalc.idl
[1.347s] -- Up-to-date: /home/lenovo/Desktop/mogi_ws/install/ros2_tutorials_interfaces/share/ros2_tutorials_interfaces/srv/CustomCalc.srv
[1.347s] -- Up-to-date: /home/lenovo/Desktop/mogi_ws/install/ros2_tutorials_interfaces/share/ament_index/resource_index/package_run_dependencies/ros2_tutorials_interfaces
[1.348s] -- Up-to-date: /home/lenovo/Desktop/mogi_ws/install/ros2_tutorials_interfaces/share/ament_index/resource_index/parent_prefix_path/ros2_tutorials_interfaces
[1.349s] -- Up-to-date: /home/lenovo/Desktop/mogi_ws/install/ros2_tutorials_interfaces/share/ros2_tutorials_interfaces/environment/ament_prefix_path.sh
[1.350s] -- Up-to-date: /home/lenovo/Desktop/mogi_ws/install/ros2_tutorials_interfaces/share/ros2_tutorials_interfaces/environment/ament_prefix_path.dsv
[1.351s] -- Up-to-date: /home/lenovo/Desktop/mogi_ws/install/ros2_tutorials_interfaces/share/ros2_tutorials_interfaces/environment/path.sh
[1.352s] -- Up-to-date: /home/lenovo/Desktop/mogi_ws/install/ros2_tutorials_interfaces/share/ros2_tutorials_interfaces/environment/path.dsv
[1.354s] -- Up-to-date: /home/lenovo/Desktop/mogi_ws/install/ros2_tutorials_interfaces/share/ros2_tutorials_interfaces/local_setup.bash
[1.355s] -- Up-to-date: /home/lenovo/Desktop/mogi_ws/install/ros2_tutorials_interfaces/share/ros2_tutorials_interfaces/local_setup.sh
[1.356s] -- Up-to-date: /home/lenovo/Desktop/mogi_ws/install/ros2_tutorials_interfaces/share/ros2_tutorials_interfaces/local_setup.zsh
[1.356s] -- Up-to-date: /home/lenovo/Desktop/mogi_ws/install/ros2_tutorials_interfaces/share/ros2_tutorials_interfaces/local_setup.dsv
[1.357s] -- Installing: /home/lenovo/Desktop/mogi_ws/install/ros2_tutorials_interfaces/share/ros2_tutorials_interfaces/package.dsv
[1.357s] -- Up-to-date: /home/lenovo/Desktop/mogi_ws/install/ros2_tutorials_interfaces/share/ament_index/resource_index/packages/ros2_tutorials_interfaces
[1.358s] -- Up-to-date: /home/lenovo/Desktop/mogi_ws/install/ros2_tutorials_interfaces/share/ros2_tutorials_interfaces/cmake/export_ros2_tutorials_interfaces__rosidl_generator_cExport.cmake
[1.359s] -- Up-to-date: /home/lenovo/Desktop/mogi_ws/install/ros2_tutorials_interfaces/share/ros2_tutorials_interfaces/cmake/export_ros2_tutorials_interfaces__rosidl_generator_cExport-noconfig.cmake
[1.359s] -- Up-to-date: /home/lenovo/Desktop/mogi_ws/install/ros2_tutorials_interfaces/share/ros2_tutorials_interfaces/cmake/export_ros2_tutorials_interfaces__rosidl_typesupport_fastrtps_cExport.cmake
[1.360s] -- Up-to-date: /home/lenovo/Desktop/mogi_ws/install/ros2_tutorials_interfaces/share/ros2_tutorials_interfaces/cmake/export_ros2_tutorials_interfaces__rosidl_typesupport_fastrtps_cExport-noconfig.cmake
[1.361s] -- Up-to-date: /home/lenovo/Desktop/mogi_ws/install/ros2_tutorials_interfaces/share/ros2_tutorials_interfaces/cmake/ros2_tutorials_interfaces__rosidl_typesupport_introspection_cExport.cmake
[1.361s] -- Up-to-date: /home/lenovo/Desktop/mogi_ws/install/ros2_tutorials_interfaces/share/ros2_tutorials_interfaces/cmake/ros2_tutorials_interfaces__rosidl_typesupport_introspection_cExport-noconfig.cmake
[1.362s] -- Up-to-date: /home/lenovo/Desktop/mogi_ws/install/ros2_tutorials_interfaces/share/ros2_tutorials_interfaces/cmake/ros2_tutorials_interfaces__rosidl_typesupport_cExport.cmake
[1.362s] -- Up-to-date: /home/lenovo/Desktop/mogi_ws/install/ros2_tutorials_interfaces/share/ros2_tutorials_interfaces/cmake/ros2_tutorials_interfaces__rosidl_typesupport_cExport-noconfig.cmake
[1.364s] -- Up-to-date: /home/lenovo/Desktop/mogi_ws/install/ros2_tutorials_interfaces/share/ros2_tutorials_interfaces/cmake/export_ros2_tutorials_interfaces__rosidl_generator_cppExport.cmake
[1.365s] -- Up-to-date: /home/lenovo/Desktop/mogi_ws/install/ros2_tutorials_interfaces/share/ros2_tutorials_interfaces/cmake/export_ros2_tutorials_interfaces__rosidl_typesupport_fastrtps_cppExport.cmake
[1.367s] -- Up-to-date: /home/lenovo/Desktop/mogi_ws/install/ros2_tutorials_interfaces/share/ros2_tutorials_interfaces/cmake/export_ros2_tutorials_interfaces__rosidl_typesupport_fastrtps_cppExport-noconfig.cmake
[1.367s] -- Up-to-date: /home/lenovo/Desktop/mogi_ws/install/ros2_tutorials_interfaces/share/ros2_tutorials_interfaces/cmake/ros2_tutorials_interfaces__rosidl_typesupport_introspection_cppExport.cmake
[1.371s] -- Up-to-date: /home/lenovo/Desktop/mogi_ws/install/ros2_tutorials_interfaces/share/ros2_tutorials_interfaces/cmake/ros2_tutorials_interfaces__rosidl_typesupport_introspection_cppExport-noconfig.cmake
[1.372s] -- Up-to-date: /home/lenovo/Desktop/mogi_ws/install/ros2_tutorials_interfaces/share/ros2_tutorials_interfaces/cmake/ros2_tutorials_interfaces__rosidl_typesupport_cppExport.cmake
[1.372s] -- Up-to-date: /home/lenovo/Desktop/mogi_ws/install/ros2_tutorials_interfaces/share/ros2_tutorials_interfaces/cmake/ros2_tutorials_interfaces__rosidl_typesupport_cppExport-noconfig.cmake
[1.373s] -- Up-to-date: /home/lenovo/Desktop/mogi_ws/install/ros2_tutorials_interfaces/share/ros2_tutorials_interfaces/cmake/export_ros2_tutorials_interfaces__rosidl_generator_pyExport.cmake
[1.375s] -- Up-to-date: /home/lenovo/Desktop/mogi_ws/install/ros2_tutorials_interfaces/share/ros2_tutorials_interfaces/cmake/export_ros2_tutorials_interfaces__rosidl_generator_pyExport-noconfig.cmake
[1.377s] -- Up-to-date: /home/lenovo/Desktop/mogi_ws/install/ros2_tutorials_interfaces/share/ros2_tutorials_interfaces/cmake/rosidl_cmake-extras.cmake
[1.378s] -- Up-to-date: /home/lenovo/Desktop/mogi_ws/install/ros2_tutorials_interfaces/share/ros2_tutorials_interfaces/cmake/ament_cmake_export_dependencies-extras.cmake
[1.379s] -- Up-to-date: /home/lenovo/Desktop/mogi_ws/install/ros2_tutorials_interfaces/share/ros2_tutorials_interfaces/cmake/ament_cmake_export_include_directories-extras.cmake
[1.380s] -- Up-to-date: /home/lenovo/Desktop/mogi_ws/install/ros2_tutorials_interfaces/share/ros2_tutorials_interfaces/cmake/ament_cmake_export_libraries-extras.cmake
[1.380s] -- Up-to-date: /home/lenovo/Desktop/mogi_ws/install/ros2_tutorials_interfaces/share/ros2_tutorials_interfaces/cmake/ament_cmake_export_targets-extras.cmake
[1.380s] -- Up-to-date: /home/lenovo/Desktop/mogi_ws/install/ros2_tutorials_interfaces/share/ros2_tutorials_interfaces/cmake/rosidl_cmake_export_typesupport_targets-extras.cmake
[1.380s] -- Up-to-date: /home/lenovo/Desktop/mogi_ws/install/ros2_tutorials_interfaces/share/ros2_tutorials_interfaces/cmake/rosidl_cmake_export_typesupport_libraries-extras.cmake
[1.381s] -- Up-to-date: /home/lenovo/Desktop/mogi_ws/install/ros2_tutorials_interfaces/share/ros2_tutorials_interfaces/cmake/ros2_tutorials_interfacesConfig.cmake
[1.381s] -- Up-to-date: /home/lenovo/Desktop/mogi_ws/install/ros2_tutorials_interfaces/share/ros2_tutorials_interfaces/cmake/ros2_tutorials_interfacesConfig-version.cmake
[1.381s] -- Up-to-date: /home/lenovo/Desktop/mogi_ws/install/ros2_tutorials_interfaces/share/ros2_tutorials_interfaces/package.xml
[1.382s] Invoked command in '/home/lenovo/Desktop/mogi_ws/build/ros2_tutorials_interfaces' returned '0': CMAKE_PREFIX_PATH=${CMAKE_PREFIX_PATH}:/home/lenovo/Desktop/mogi_ws/install/ros2_tutorials_py:/home/lenovo/Desktop/ws_camera/install/ros2_opencv:/home/lenovo/Desktop/ros2_ws/install/my_py_pkg:/opt/ros/jazzy DEBUGINFOD_URLS=https://debuginfod.ubuntu.com /usr/bin/cmake --install /home/lenovo/Desktop/mogi_ws/build/ros2_tutorials_interfaces
