[1.964s] Invoking command in '/home/lenovo/Desktop/mogi_ws/src/ros2_tutorials_py': DEBUGINFOD_URLS=https://debuginfod.ubuntu.com PYTHONPATH=/home/lenovo/Desktop/mogi_ws/build/ros2_tutorials_py/prefix_override:/usr/lib/python3/dist-packages/colcon_core/task/python/colcon_distutils_commands:/home/lenovo/Desktop/mogi_ws/install/ros2_tutorials_py/lib/python3.12/site-packages:${PYTHONPATH} /usr/bin/python3 -W ignore:setup.py install is deprecated -W ignore:easy_install command is deprecated setup.py egg_info --egg-base ../../build/ros2_tutorials_py build --build-base /home/lenovo/Desktop/mogi_ws/build/ros2_tutorials_py/build install --record /home/lenovo/Desktop/mogi_ws/build/ros2_tutorials_py/install.log --single-version-externally-managed install_data
[2.341s] running egg_info
[2.364s] writing ../../build/ros2_tutorials_py/ros2_tutorials_py.egg-info/PKG-INFO
[2.365s] writing dependency_links to ../../build/ros2_tutorials_py/ros2_tutorials_py.egg-info/dependency_links.txt
[2.365s] writing entry points to ../../build/ros2_tutorials_py/ros2_tutorials_py.egg-info/entry_points.txt
[2.365s] writing requirements to ../../build/ros2_tutorials_py/ros2_tutorials_py.egg-info/requires.txt
[2.365s] writing top-level names to ../../build/ros2_tutorials_py/ros2_tutorials_py.egg-info/top_level.txt
[2.420s] reading manifest file '../../build/ros2_tutorials_py/ros2_tutorials_py.egg-info/SOURCES.txt'
[2.422s] writing manifest file '../../build/ros2_tutorials_py/ros2_tutorials_py.egg-info/SOURCES.txt'
[2.422s] running build
[2.422s] running build_py
[2.423s] running install
[2.432s] running install_lib
[2.463s] running install_data
[2.463s] copying package.xml -> /home/lenovo/Desktop/mogi_ws/install/ros2_tutorials_py/share/ros2_tutorials_py
[2.464s] running install_egg_info
[2.541s] removing '/home/lenovo/Desktop/mogi_ws/install/ros2_tutorials_py/lib/python3.12/site-packages/ros2_tutorials_py-0.0.0-py3.12.egg-info' (and everything under it)
[2.542s] Copying ../../build/ros2_tutorials_py/ros2_tutorials_py.egg-info to /home/lenovo/Desktop/mogi_ws/install/ros2_tutorials_py/lib/python3.12/site-packages/ros2_tutorials_py-0.0.0-py3.12.egg-info
[2.546s] running install_scripts
[2.966s] Installing publisher_py script to /home/lenovo/Desktop/mogi_ws/install/ros2_tutorials_py/lib/ros2_tutorials_py
[2.967s] Installing py_service_server script to /home/lenovo/Desktop/mogi_ws/install/ros2_tutorials_py/lib/ros2_tutorials_py
[2.967s] Installing subscriber_py script to /home/lenovo/Desktop/mogi_ws/install/ros2_tutorials_py/lib/ros2_tutorials_py
[2.967s] Installing template_publisher script to /home/lenovo/Desktop/mogi_ws/install/ros2_tutorials_py/lib/ros2_tutorials_py
[2.967s] writing list of installed files to '/home/lenovo/Desktop/mogi_ws/build/ros2_tutorials_py/install.log'
[3.024s] Invoked command in '/home/lenovo/Desktop/mogi_ws/src/ros2_tutorials_py' returned '0': DEBUGINFOD_URLS=https://debuginfod.ubuntu.com PYTHONPATH=/home/lenovo/Desktop/mogi_ws/build/ros2_tutorials_py/prefix_override:/usr/lib/python3/dist-packages/colcon_core/task/python/colcon_distutils_commands:/home/lenovo/Desktop/mogi_ws/install/ros2_tutorials_py/lib/python3.12/site-packages:${PYTHONPATH} /usr/bin/python3 -W ignore:setup.py install is deprecated -W ignore:easy_install command is deprecated setup.py egg_info --egg-base ../../build/ros2_tutorials_py build --build-base /home/lenovo/Desktop/mogi_ws/build/ros2_tutorials_py/build install --record /home/lenovo/Desktop/mogi_ws/build/ros2_tutorials_py/install.log --single-version-externally-managed install_data
