[1.644s] Invoking command in '/home/lenovo/Desktop/mogi_ws/src/ros2_tutorials_py': DEBUGINFOD_URLS=https://debuginfod.ubuntu.com PYTHONPATH=/home/lenovo/Desktop/mogi_ws/build/ros2_tutorials_py/prefix_override:/usr/lib/python3/dist-packages/colcon_core/task/python/colcon_distutils_commands:/home/lenovo/Desktop/mogi_ws/install/ros2_tutorials_py/lib/python3.12/site-packages:${PYTHONPATH} /usr/bin/python3 -W ignore:setup.py install is deprecated -W ignore:easy_install command is deprecated setup.py egg_info --egg-base ../../build/ros2_tutorials_py build --build-base /home/lenovo/Desktop/mogi_ws/build/ros2_tutorials_py/build install --record /home/lenovo/Desktop/mogi_ws/build/ros2_tutorials_py/install.log --single-version-externally-managed install_data
[2.001s] running egg_info
[2.027s] writing ../../build/ros2_tutorials_py/ros2_tutorials_py.egg-info/PKG-INFO
[2.027s] writing dependency_links to ../../build/ros2_tutorials_py/ros2_tutorials_py.egg-info/dependency_links.txt
[2.027s] writing entry points to ../../build/ros2_tutorials_py/ros2_tutorials_py.egg-info/entry_points.txt
[2.027s] writing requirements to ../../build/ros2_tutorials_py/ros2_tutorials_py.egg-info/requires.txt
[2.027s] writing top-level names to ../../build/ros2_tutorials_py/ros2_tutorials_py.egg-info/top_level.txt
[2.071s] reading manifest file '../../build/ros2_tutorials_py/ros2_tutorials_py.egg-info/SOURCES.txt'
[2.073s] writing manifest file '../../build/ros2_tutorials_py/ros2_tutorials_py.egg-info/SOURCES.txt'
[2.073s] running build
[2.073s] running build_py
[2.073s] copying ros2_tutorials_py/template_oop_publisher.py -> /home/lenovo/Desktop/mogi_ws/build/ros2_tutorials_py/build/lib/ros2_tutorials_py
[2.074s] running install
[2.085s] running install_lib
[2.117s] copying /home/lenovo/Desktop/mogi_ws/build/ros2_tutorials_py/build/lib/ros2_tutorials_py/template_oop_publisher.py -> /home/lenovo/Desktop/mogi_ws/install/ros2_tutorials_py/lib/python3.12/site-packages/ros2_tutorials_py
[2.118s] byte-compiling /home/lenovo/Desktop/mogi_ws/install/ros2_tutorials_py/lib/python3.12/site-packages/ros2_tutorials_py/template_oop_publisher.py to template_oop_publisher.cpython-312.pyc
[2.119s] running install_data
[2.119s] running install_egg_info
[2.146s] removing '/home/lenovo/Desktop/mogi_ws/install/ros2_tutorials_py/lib/python3.12/site-packages/ros2_tutorials_py-0.0.0-py3.12.egg-info' (and everything under it)
[2.146s] Copying ../../build/ros2_tutorials_py/ros2_tutorials_py.egg-info to /home/lenovo/Desktop/mogi_ws/install/ros2_tutorials_py/lib/python3.12/site-packages/ros2_tutorials_py-0.0.0-py3.12.egg-info
[2.149s] running install_scripts
[2.362s] Installing publisher_py script to /home/lenovo/Desktop/mogi_ws/install/ros2_tutorials_py/lib/ros2_tutorials_py
[2.362s] Installing subscriber_py script to /home/lenovo/Desktop/mogi_ws/install/ros2_tutorials_py/lib/ros2_tutorials_py
[2.363s] Installing template_publisher script to /home/lenovo/Desktop/mogi_ws/install/ros2_tutorials_py/lib/ros2_tutorials_py
[2.363s] writing list of installed files to '/home/lenovo/Desktop/mogi_ws/build/ros2_tutorials_py/install.log'
[2.434s] Invoked command in '/home/lenovo/Desktop/mogi_ws/src/ros2_tutorials_py' returned '0': DEBUGINFOD_URLS=https://debuginfod.ubuntu.com PYTHONPATH=/home/lenovo/Desktop/mogi_ws/build/ros2_tutorials_py/prefix_override:/usr/lib/python3/dist-packages/colcon_core/task/python/colcon_distutils_commands:/home/lenovo/Desktop/mogi_ws/install/ros2_tutorials_py/lib/python3.12/site-packages:${PYTHONPATH} /usr/bin/python3 -W ignore:setup.py install is deprecated -W ignore:easy_install command is deprecated setup.py egg_info --egg-base ../../build/ros2_tutorials_py build --build-base /home/lenovo/Desktop/mogi_ws/build/ros2_tutorials_py/build install --record /home/lenovo/Desktop/mogi_ws/build/ros2_tutorials_py/install.log --single-version-externally-managed install_data
