[0.225s] DEBUG:colcon:Command line arguments: ['/usr/bin/colcon', 'build']
[0.225s] DEBUG:colcon:Parsed command line arguments: Namespace(log_base=None, log_level=None, verb_name='build', build_base='build', install_base='install', merge_install=False, symlink_install=False, test_result_base=None, continue_on_error=False, executor='parallel', parallel_workers=12, event_handlers=None, ignore_user_meta=False, metas=['./colcon.meta'], base_paths=['.'], packages_ignore=None, packages_ignore_regex=None, paths=None, packages_up_to=None, packages_up_to_regex=None, packages_above=None, packages_above_and_dependencies=None, packages_above_depth=None, packages_select_by_dep=None, packages_skip_by_dep=None, packages_skip_up_to=None, packages_select_build_failed=False, packages_skip_build_finished=False, packages_select_test_failures=False, packages_skip_test_passed=False, packages_select=None, packages_skip=None, packages_select_regex=None, packages_skip_regex=None, packages_start=None, packages_end=None, allow_overriding=[], cmake_args=None, cmake_target=None, cmake_target_skip_unavailable=False, cmake_clean_cache=False, cmake_clean_first=False, cmake_force_configure=False, ament_cmake_args=None, catkin_cmake_args=None, catkin_skip_building_tests=False, mixin_files=None, mixin=None, verb_parser=<colcon_mixin.mixin.mixin_argument.MixinArgumentDecorator object at 0x701e7dd908f0>, verb_extension=<colcon_core.verb.build.BuildVerb object at 0x701e7deb8350>, main=<bound method BuildVerb.main of <colcon_core.verb.build.BuildVerb object at 0x701e7deb8350>>, mixin_verb=('build',))
[0.286s] Level 1:colcon.colcon_core.package_discovery:discover_packages(colcon_meta) check parameters
[0.286s] Level 1:colcon.colcon_core.package_discovery:discover_packages(recursive) check parameters
[0.286s] Level 1:colcon.colcon_core.package_discovery:discover_packages(ignore) check parameters
[0.286s] Level 1:colcon.colcon_core.package_discovery:discover_packages(path) check parameters
[0.286s] Level 1:colcon.colcon_core.package_discovery:discover_packages(colcon_meta) discover
[0.286s] Level 1:colcon.colcon_core.package_discovery:discover_packages(recursive) discover
[0.286s] INFO:colcon.colcon_core.package_discovery:Crawling recursively for packages in '/home/lenovo/Desktop/mogi_ws'
[0.286s] Level 1:colcon.colcon_core.package_identification:_identify(.) by extensions ['ignore', 'ignore_ament_install']
[0.287s] Level 1:colcon.colcon_core.package_identification:_identify(.) by extension 'ignore'
[0.287s] Level 1:colcon.colcon_core.package_identification:_identify(.) by extension 'ignore_ament_install'
[0.287s] Level 1:colcon.colcon_core.package_identification:_identify(.) by extensions ['colcon_pkg']
[0.287s] Level 1:colcon.colcon_core.package_identification:_identify(.) by extension 'colcon_pkg'
[0.287s] Level 1:colcon.colcon_core.package_identification:_identify(.) by extensions ['colcon_meta']
[0.287s] Level 1:colcon.colcon_core.package_identification:_identify(.) by extension 'colcon_meta'
[0.287s] Level 1:colcon.colcon_core.package_identification:_identify(.) by extensions ['ros']
[0.287s] Level 1:colcon.colcon_core.package_identification:_identify(.) by extension 'ros'
[0.325s] Level 1:colcon.colcon_core.package_identification:_identify(.) by extensions ['cmake', 'python']
[0.325s] Level 1:colcon.colcon_core.package_identification:_identify(.) by extension 'cmake'
[0.325s] Level 1:colcon.colcon_core.package_identification:_identify(.) by extension 'python'
[0.325s] Level 1:colcon.colcon_core.package_identification:_identify(.) by extensions ['python_setup_py']
[0.325s] Level 1:colcon.colcon_core.package_identification:_identify(.) by extension 'python_setup_py'
[0.325s] Level 1:colcon.colcon_core.package_identification:_identify(build) by extensions ['ignore', 'ignore_ament_install']
[0.325s] Level 1:colcon.colcon_core.package_identification:_identify(build) by extension 'ignore'
[0.325s] Level 1:colcon.colcon_core.package_identification:_identify(build) ignored
[0.326s] Level 1:colcon.colcon_core.package_identification:_identify(install) by extensions ['ignore', 'ignore_ament_install']
[0.326s] Level 1:colcon.colcon_core.package_identification:_identify(install) by extension 'ignore'
[0.326s] Level 1:colcon.colcon_core.package_identification:_identify(install) ignored
[0.326s] Level 1:colcon.colcon_core.package_identification:_identify(log) by extensions ['ignore', 'ignore_ament_install']
[0.326s] Level 1:colcon.colcon_core.package_identification:_identify(log) by extension 'ignore'
[0.326s] Level 1:colcon.colcon_core.package_identification:_identify(log) ignored
[0.326s] Level 1:colcon.colcon_core.package_identification:_identify(src) by extensions ['ignore', 'ignore_ament_install']
[0.326s] Level 1:colcon.colcon_core.package_identification:_identify(src) by extension 'ignore'
[0.326s] Level 1:colcon.colcon_core.package_identification:_identify(src) by extension 'ignore_ament_install'
[0.326s] Level 1:colcon.colcon_core.package_identification:_identify(src) by extensions ['colcon_pkg']
[0.326s] Level 1:colcon.colcon_core.package_identification:_identify(src) by extension 'colcon_pkg'
[0.326s] Level 1:colcon.colcon_core.package_identification:_identify(src) by extensions ['colcon_meta']
[0.326s] Level 1:colcon.colcon_core.package_identification:_identify(src) by extension 'colcon_meta'
[0.326s] Level 1:colcon.colcon_core.package_identification:_identify(src) by extensions ['ros']
[0.327s] Level 1:colcon.colcon_core.package_identification:_identify(src) by extension 'ros'
[0.327s] Level 1:colcon.colcon_core.package_identification:_identify(src) by extensions ['cmake', 'python']
[0.327s] Level 1:colcon.colcon_core.package_identification:_identify(src) by extension 'cmake'
[0.327s] Level 1:colcon.colcon_core.package_identification:_identify(src) by extension 'python'
[0.327s] Level 1:colcon.colcon_core.package_identification:_identify(src) by extensions ['python_setup_py']
[0.327s] Level 1:colcon.colcon_core.package_identification:_identify(src) by extension 'python_setup_py'
[0.327s] Level 1:colcon.colcon_core.package_identification:_identify(src/ros2_tutorials_bringup) by extensions ['ignore', 'ignore_ament_install']
[0.327s] Level 1:colcon.colcon_core.package_identification:_identify(src/ros2_tutorials_bringup) by extension 'ignore'
[0.327s] Level 1:colcon.colcon_core.package_identification:_identify(src/ros2_tutorials_bringup) by extension 'ignore_ament_install'
[0.327s] Level 1:colcon.colcon_core.package_identification:_identify(src/ros2_tutorials_bringup) by extensions ['colcon_pkg']
[0.327s] Level 1:colcon.colcon_core.package_identification:_identify(src/ros2_tutorials_bringup) by extension 'colcon_pkg'
[0.327s] Level 1:colcon.colcon_core.package_identification:_identify(src/ros2_tutorials_bringup) by extensions ['colcon_meta']
[0.327s] Level 1:colcon.colcon_core.package_identification:_identify(src/ros2_tutorials_bringup) by extension 'colcon_meta'
[0.327s] Level 1:colcon.colcon_core.package_identification:_identify(src/ros2_tutorials_bringup) by extensions ['ros']
[0.327s] Level 1:colcon.colcon_core.package_identification:_identify(src/ros2_tutorials_bringup) by extension 'ros'
[0.330s] DEBUG:colcon.colcon_core.package_identification:Package 'src/ros2_tutorials_bringup' with type 'ros.ament_cmake' and name 'ros2_tutorials_bringup'
[0.331s] Level 1:colcon.colcon_core.package_identification:_identify(src/ros2_tutorials_cpp) by extensions ['ignore', 'ignore_ament_install']
[0.331s] Level 1:colcon.colcon_core.package_identification:_identify(src/ros2_tutorials_cpp) by extension 'ignore'
[0.331s] Level 1:colcon.colcon_core.package_identification:_identify(src/ros2_tutorials_cpp) by extension 'ignore_ament_install'
[0.331s] Level 1:colcon.colcon_core.package_identification:_identify(src/ros2_tutorials_cpp) by extensions ['colcon_pkg']
[0.331s] Level 1:colcon.colcon_core.package_identification:_identify(src/ros2_tutorials_cpp) by extension 'colcon_pkg'
[0.331s] Level 1:colcon.colcon_core.package_identification:_identify(src/ros2_tutorials_cpp) by extensions ['colcon_meta']
[0.331s] Level 1:colcon.colcon_core.package_identification:_identify(src/ros2_tutorials_cpp) by extension 'colcon_meta'
[0.331s] Level 1:colcon.colcon_core.package_identification:_identify(src/ros2_tutorials_cpp) by extensions ['ros']
[0.331s] Level 1:colcon.colcon_core.package_identification:_identify(src/ros2_tutorials_cpp) by extension 'ros'
[0.333s] DEBUG:colcon.colcon_core.package_identification:Package 'src/ros2_tutorials_cpp' with type 'ros.ament_cmake' and name 'ros2_tutorials_cpp'
[0.333s] Level 1:colcon.colcon_core.package_identification:_identify(src/ros2_tutorials_py) by extensions ['ignore', 'ignore_ament_install']
[0.333s] Level 1:colcon.colcon_core.package_identification:_identify(src/ros2_tutorials_py) by extension 'ignore'
[0.334s] Level 1:colcon.colcon_core.package_identification:_identify(src/ros2_tutorials_py) by extension 'ignore_ament_install'
[0.334s] Level 1:colcon.colcon_core.package_identification:_identify(src/ros2_tutorials_py) by extensions ['colcon_pkg']
[0.334s] Level 1:colcon.colcon_core.package_identification:_identify(src/ros2_tutorials_py) by extension 'colcon_pkg'
[0.334s] Level 1:colcon.colcon_core.package_identification:_identify(src/ros2_tutorials_py) by extensions ['colcon_meta']
[0.334s] Level 1:colcon.colcon_core.package_identification:_identify(src/ros2_tutorials_py) by extension 'colcon_meta'
[0.334s] Level 1:colcon.colcon_core.package_identification:_identify(src/ros2_tutorials_py) by extensions ['ros']
[0.334s] Level 1:colcon.colcon_core.package_identification:_identify(src/ros2_tutorials_py) by extension 'ros'
[0.335s] DEBUG:colcon.colcon_core.package_identification:Package 'src/ros2_tutorials_py' with type 'ros.ament_python' and name 'ros2_tutorials_py'
[0.335s] Level 1:colcon.colcon_core.package_discovery:discover_packages(recursive) using defaults
[0.335s] Level 1:colcon.colcon_core.package_discovery:discover_packages(ignore) discover
[0.335s] Level 1:colcon.colcon_core.package_discovery:discover_packages(ignore) using defaults
[0.335s] Level 1:colcon.colcon_core.package_discovery:discover_packages(path) discover
[0.335s] Level 1:colcon.colcon_core.package_discovery:discover_packages(path) using defaults
[0.367s] Level 1:colcon.colcon_core.package_discovery:discover_packages(prefix_path) check parameters
[0.367s] Level 1:colcon.colcon_core.package_discovery:discover_packages(prefix_path) discover
[0.374s] DEBUG:colcon.colcon_installed_package_information.package_discovery:Found 3 installed packages in /home/lenovo/Desktop/mogi_ws/install
[0.374s] DEBUG:colcon.colcon_installed_package_information.package_discovery:Found 1 installed packages in /home/lenovo/Desktop/ws_camera/install
[0.375s] DEBUG:colcon.colcon_installed_package_information.package_discovery:Found 1 installed packages in /home/lenovo/Desktop/ros2_ws/install
[0.378s] DEBUG:colcon.colcon_installed_package_information.package_discovery:Found 361 installed packages in /opt/ros/jazzy
[0.379s] Level 1:colcon.colcon_core.package_discovery:discover_packages(prefix_path) using defaults
[0.442s] Level 5:colcon.colcon_core.verb:set package 'ros2_tutorials_bringup' build argument 'cmake_args' from command line to 'None'
[0.442s] Level 5:colcon.colcon_core.verb:set package 'ros2_tutorials_bringup' build argument 'cmake_target' from command line to 'None'
[0.442s] Level 5:colcon.colcon_core.verb:set package 'ros2_tutorials_bringup' build argument 'cmake_target_skip_unavailable' from command line to 'False'
[0.442s] Level 5:colcon.colcon_core.verb:set package 'ros2_tutorials_bringup' build argument 'cmake_clean_cache' from command line to 'False'
[0.442s] Level 5:colcon.colcon_core.verb:set package 'ros2_tutorials_bringup' build argument 'cmake_clean_first' from command line to 'False'
[0.442s] Level 5:colcon.colcon_core.verb:set package 'ros2_tutorials_bringup' build argument 'cmake_force_configure' from command line to 'False'
[0.442s] Level 5:colcon.colcon_core.verb:set package 'ros2_tutorials_bringup' build argument 'ament_cmake_args' from command line to 'None'
[0.442s] Level 5:colcon.colcon_core.verb:set package 'ros2_tutorials_bringup' build argument 'catkin_cmake_args' from command line to 'None'
[0.442s] Level 5:colcon.colcon_core.verb:set package 'ros2_tutorials_bringup' build argument 'catkin_skip_building_tests' from command line to 'False'
[0.442s] DEBUG:colcon.colcon_core.verb:Building package 'ros2_tutorials_bringup' with the following arguments: {'ament_cmake_args': None, 'build_base': '/home/lenovo/Desktop/mogi_ws/build/ros2_tutorials_bringup', 'catkin_cmake_args': None, 'catkin_skip_building_tests': False, 'cmake_args': None, 'cmake_clean_cache': False, 'cmake_clean_first': False, 'cmake_force_configure': False, 'cmake_target': None, 'cmake_target_skip_unavailable': False, 'install_base': '/home/lenovo/Desktop/mogi_ws/install/ros2_tutorials_bringup', 'merge_install': False, 'path': '/home/lenovo/Desktop/mogi_ws/src/ros2_tutorials_bringup', 'symlink_install': False, 'test_result_base': None}
[0.442s] Level 5:colcon.colcon_core.verb:set package 'ros2_tutorials_cpp' build argument 'cmake_args' from command line to 'None'
[0.442s] Level 5:colcon.colcon_core.verb:set package 'ros2_tutorials_cpp' build argument 'cmake_target' from command line to 'None'
[0.442s] Level 5:colcon.colcon_core.verb:set package 'ros2_tutorials_cpp' build argument 'cmake_target_skip_unavailable' from command line to 'False'
[0.442s] Level 5:colcon.colcon_core.verb:set package 'ros2_tutorials_cpp' build argument 'cmake_clean_cache' from command line to 'False'
[0.442s] Level 5:colcon.colcon_core.verb:set package 'ros2_tutorials_cpp' build argument 'cmake_clean_first' from command line to 'False'
[0.442s] Level 5:colcon.colcon_core.verb:set package 'ros2_tutorials_cpp' build argument 'cmake_force_configure' from command line to 'False'
[0.442s] Level 5:colcon.colcon_core.verb:set package 'ros2_tutorials_cpp' build argument 'ament_cmake_args' from command line to 'None'
[0.442s] Level 5:colcon.colcon_core.verb:set package 'ros2_tutorials_cpp' build argument 'catkin_cmake_args' from command line to 'None'
[0.442s] Level 5:colcon.colcon_core.verb:set package 'ros2_tutorials_cpp' build argument 'catkin_skip_building_tests' from command line to 'False'
[0.442s] DEBUG:colcon.colcon_core.verb:Building package 'ros2_tutorials_cpp' with the following arguments: {'ament_cmake_args': None, 'build_base': '/home/lenovo/Desktop/mogi_ws/build/ros2_tutorials_cpp', 'catkin_cmake_args': None, 'catkin_skip_building_tests': False, 'cmake_args': None, 'cmake_clean_cache': False, 'cmake_clean_first': False, 'cmake_force_configure': False, 'cmake_target': None, 'cmake_target_skip_unavailable': False, 'install_base': '/home/lenovo/Desktop/mogi_ws/install/ros2_tutorials_cpp', 'merge_install': False, 'path': '/home/lenovo/Desktop/mogi_ws/src/ros2_tutorials_cpp', 'symlink_install': False, 'test_result_base': None}
[0.443s] Level 5:colcon.colcon_core.verb:set package 'ros2_tutorials_py' build argument 'cmake_args' from command line to 'None'
[0.443s] Level 5:colcon.colcon_core.verb:set package 'ros2_tutorials_py' build argument 'cmake_target' from command line to 'None'
[0.443s] Level 5:colcon.colcon_core.verb:set package 'ros2_tutorials_py' build argument 'cmake_target_skip_unavailable' from command line to 'False'
[0.443s] Level 5:colcon.colcon_core.verb:set package 'ros2_tutorials_py' build argument 'cmake_clean_cache' from command line to 'False'
[0.443s] Level 5:colcon.colcon_core.verb:set package 'ros2_tutorials_py' build argument 'cmake_clean_first' from command line to 'False'
[0.443s] Level 5:colcon.colcon_core.verb:set package 'ros2_tutorials_py' build argument 'cmake_force_configure' from command line to 'False'
[0.443s] Level 5:colcon.colcon_core.verb:set package 'ros2_tutorials_py' build argument 'ament_cmake_args' from command line to 'None'
[0.443s] Level 5:colcon.colcon_core.verb:set package 'ros2_tutorials_py' build argument 'catkin_cmake_args' from command line to 'None'
[0.443s] Level 5:colcon.colcon_core.verb:set package 'ros2_tutorials_py' build argument 'catkin_skip_building_tests' from command line to 'False'
[0.443s] DEBUG:colcon.colcon_core.verb:Building package 'ros2_tutorials_py' with the following arguments: {'ament_cmake_args': None, 'build_base': '/home/lenovo/Desktop/mogi_ws/build/ros2_tutorials_py', 'catkin_cmake_args': None, 'catkin_skip_building_tests': False, 'cmake_args': None, 'cmake_clean_cache': False, 'cmake_clean_first': False, 'cmake_force_configure': False, 'cmake_target': None, 'cmake_target_skip_unavailable': False, 'install_base': '/home/lenovo/Desktop/mogi_ws/install/ros2_tutorials_py', 'merge_install': False, 'path': '/home/lenovo/Desktop/mogi_ws/src/ros2_tutorials_py', 'symlink_install': False, 'test_result_base': None}
[0.443s] INFO:colcon.colcon_core.executor:Executing jobs using 'parallel' executor
[0.444s] DEBUG:colcon.colcon_parallel_executor.executor.parallel:run_until_complete
[0.445s] INFO:colcon.colcon_ros.task.ament_cmake.build:Building ROS package in '/home/lenovo/Desktop/mogi_ws/src/ros2_tutorials_bringup' with build type 'ament_cmake'
[0.445s] INFO:colcon.colcon_cmake.task.cmake.build:Building CMake package in '/home/lenovo/Desktop/mogi_ws/src/ros2_tutorials_bringup'
[0.450s] INFO:colcon.colcon_core.plugin_system:Skipping extension 'colcon_core.shell.bat': Not used on non-Windows systems
[0.451s] INFO:colcon.colcon_core.shell:Skip shell extension 'powershell' for command environment: Not usable outside of PowerShell
[0.452s] DEBUG:colcon.colcon_core.shell:Skip shell extension 'dsv' for command environment
[0.464s] INFO:colcon.colcon_ros.task.ament_cmake.build:Building ROS package in '/home/lenovo/Desktop/mogi_ws/src/ros2_tutorials_cpp' with build type 'ament_cmake'
[0.464s] INFO:colcon.colcon_cmake.task.cmake.build:Building CMake package in '/home/lenovo/Desktop/mogi_ws/src/ros2_tutorials_cpp'
[0.465s] INFO:colcon.colcon_core.shell:Skip shell extension 'powershell' for command environment: Not usable outside of PowerShell
[0.465s] DEBUG:colcon.colcon_core.shell:Skip shell extension 'dsv' for command environment
[0.476s] INFO:colcon.colcon_ros.task.ament_python.build:Building ROS package in '/home/lenovo/Desktop/mogi_ws/src/ros2_tutorials_py' with build type 'ament_python'
[0.476s] Level 1:colcon.colcon_core.shell:create_environment_hook('ros2_tutorials_py', 'ament_prefix_path')
[0.477s] INFO:colcon.colcon_core.shell:Creating environment hook '/home/lenovo/Desktop/mogi_ws/install/ros2_tutorials_py/share/ros2_tutorials_py/hook/ament_prefix_path.ps1'
[0.480s] INFO:colcon.colcon_core.shell:Creating environment descriptor '/home/lenovo/Desktop/mogi_ws/install/ros2_tutorials_py/share/ros2_tutorials_py/hook/ament_prefix_path.dsv'
[0.481s] INFO:colcon.colcon_core.shell:Creating environment hook '/home/lenovo/Desktop/mogi_ws/install/ros2_tutorials_py/share/ros2_tutorials_py/hook/ament_prefix_path.sh'
[0.484s] INFO:colcon.colcon_core.shell:Skip shell extension 'powershell' for command environment: Not usable outside of PowerShell
[0.484s] DEBUG:colcon.colcon_core.shell:Skip shell extension 'dsv' for command environment
[0.512s] DEBUG:colcon.colcon_core.event_handler.log_command:Invoking command in '/home/lenovo/Desktop/mogi_ws/build/ros2_tutorials_bringup': CMAKE_PREFIX_PATH=${CMAKE_PREFIX_PATH}:/home/lenovo/Desktop/mogi_ws/install/ros2_tutorials_py:/home/lenovo/Desktop/ws_camera/install/ros2_opencv:/home/lenovo/Desktop/ros2_ws/install/my_py_pkg:/opt/ros/jazzy DEBUGINFOD_URLS=https://debuginfod.ubuntu.com /usr/bin/cmake --build /home/lenovo/Desktop/mogi_ws/build/ros2_tutorials_bringup -- -j12 -l12
[0.521s] DEBUG:colcon.colcon_core.event_handler.log_command:Invoking command in '/home/lenovo/Desktop/mogi_ws/build/ros2_tutorials_cpp': CMAKE_PREFIX_PATH=${CMAKE_PREFIX_PATH}:/home/lenovo/Desktop/mogi_ws/install/ros2_tutorials_py:/home/lenovo/Desktop/ws_camera/install/ros2_opencv:/home/lenovo/Desktop/ros2_ws/install/my_py_pkg:/opt/ros/jazzy DEBUGINFOD_URLS=https://debuginfod.ubuntu.com /usr/bin/cmake --build /home/lenovo/Desktop/mogi_ws/build/ros2_tutorials_cpp -- -j12 -l12
[0.989s] INFO:colcon.colcon_core.task.python.build:Building Python package in '/home/lenovo/Desktop/mogi_ws/src/ros2_tutorials_py'
[0.990s] INFO:colcon.colcon_core.shell:Skip shell extension 'powershell' for command environment: Not usable outside of PowerShell
[0.990s] DEBUG:colcon.colcon_core.shell:Skip shell extension 'dsv' for command environment
[0.998s] DEBUG:colcon.colcon_core.event_handler.log_command:Invoked command in '/home/lenovo/Desktop/mogi_ws/build/ros2_tutorials_bringup' returned '0': CMAKE_PREFIX_PATH=${CMAKE_PREFIX_PATH}:/home/lenovo/Desktop/mogi_ws/install/ros2_tutorials_py:/home/lenovo/Desktop/ws_camera/install/ros2_opencv:/home/lenovo/Desktop/ros2_ws/install/my_py_pkg:/opt/ros/jazzy DEBUGINFOD_URLS=https://debuginfod.ubuntu.com /usr/bin/cmake --build /home/lenovo/Desktop/mogi_ws/build/ros2_tutorials_bringup -- -j12 -l12
[1.016s] DEBUG:colcon.colcon_core.event_handler.log_command:Invoking command in '/home/lenovo/Desktop/mogi_ws/build/ros2_tutorials_bringup': CMAKE_PREFIX_PATH=${CMAKE_PREFIX_PATH}:/home/lenovo/Desktop/mogi_ws/install/ros2_tutorials_py:/home/lenovo/Desktop/ws_camera/install/ros2_opencv:/home/lenovo/Desktop/ros2_ws/install/my_py_pkg:/opt/ros/jazzy DEBUGINFOD_URLS=https://debuginfod.ubuntu.com /usr/bin/cmake --install /home/lenovo/Desktop/mogi_ws/build/ros2_tutorials_bringup
[1.018s] DEBUG:colcon.colcon_core.event_handler.log_command:Invoked command in '/home/lenovo/Desktop/mogi_ws/build/ros2_tutorials_cpp' returned '0': CMAKE_PREFIX_PATH=${CMAKE_PREFIX_PATH}:/home/lenovo/Desktop/mogi_ws/install/ros2_tutorials_py:/home/lenovo/Desktop/ws_camera/install/ros2_opencv:/home/lenovo/Desktop/ros2_ws/install/my_py_pkg:/opt/ros/jazzy DEBUGINFOD_URLS=https://debuginfod.ubuntu.com /usr/bin/cmake --build /home/lenovo/Desktop/mogi_ws/build/ros2_tutorials_cpp -- -j12 -l12
[1.021s] DEBUG:colcon.colcon_core.event_handler.log_command:Invoking command in '/home/lenovo/Desktop/mogi_ws/build/ros2_tutorials_cpp': CMAKE_PREFIX_PATH=${CMAKE_PREFIX_PATH}:/home/lenovo/Desktop/mogi_ws/install/ros2_tutorials_py:/home/lenovo/Desktop/ws_camera/install/ros2_opencv:/home/lenovo/Desktop/ros2_ws/install/my_py_pkg:/opt/ros/jazzy DEBUGINFOD_URLS=https://debuginfod.ubuntu.com /usr/bin/cmake --install /home/lenovo/Desktop/mogi_ws/build/ros2_tutorials_cpp
[1.039s] Level 1:colcon.colcon_core.environment:create_environment_scripts_only(ros2_tutorials_bringup)
[1.042s] DEBUG:colcon.colcon_core.event_handler.log_command:Invoked command in '/home/lenovo/Desktop/mogi_ws/build/ros2_tutorials_bringup' returned '0': CMAKE_PREFIX_PATH=${CMAKE_PREFIX_PATH}:/home/lenovo/Desktop/mogi_ws/install/ros2_tutorials_py:/home/lenovo/Desktop/ws_camera/install/ros2_opencv:/home/lenovo/Desktop/ros2_ws/install/my_py_pkg:/opt/ros/jazzy DEBUGINFOD_URLS=https://debuginfod.ubuntu.com /usr/bin/cmake --install /home/lenovo/Desktop/mogi_ws/build/ros2_tutorials_bringup
[1.049s] Level 1:colcon.colcon_core.environment:checking '/home/lenovo/Desktop/mogi_ws/install/ros2_tutorials_bringup' for CMake module files
[1.050s] Level 1:colcon.colcon_core.environment:checking '/home/lenovo/Desktop/mogi_ws/install/ros2_tutorials_bringup' for CMake config files
[1.050s] Level 1:colcon.colcon_core.shell:create_environment_hook('ros2_tutorials_bringup', 'cmake_prefix_path')
[1.051s] INFO:colcon.colcon_core.shell:Creating environment hook '/home/lenovo/Desktop/mogi_ws/install/ros2_tutorials_bringup/share/ros2_tutorials_bringup/hook/cmake_prefix_path.ps1'
[1.052s] INFO:colcon.colcon_core.shell:Creating environment descriptor '/home/lenovo/Desktop/mogi_ws/install/ros2_tutorials_bringup/share/ros2_tutorials_bringup/hook/cmake_prefix_path.dsv'
[1.053s] INFO:colcon.colcon_core.shell:Creating environment hook '/home/lenovo/Desktop/mogi_ws/install/ros2_tutorials_bringup/share/ros2_tutorials_bringup/hook/cmake_prefix_path.sh'
[1.054s] Level 1:colcon.colcon_core.environment:checking '/home/lenovo/Desktop/mogi_ws/install/ros2_tutorials_bringup/bin'
[1.055s] Level 1:colcon.colcon_core.environment:checking '/home/lenovo/Desktop/mogi_ws/install/ros2_tutorials_bringup/lib/pkgconfig/ros2_tutorials_bringup.pc'
[1.055s] Level 1:colcon.colcon_core.environment:checking '/home/lenovo/Desktop/mogi_ws/install/ros2_tutorials_bringup/lib/python3.12/site-packages'
[1.055s] Level 1:colcon.colcon_core.environment:checking '/home/lenovo/Desktop/mogi_ws/install/ros2_tutorials_bringup/bin'
[1.056s] INFO:colcon.colcon_core.shell:Creating package script '/home/lenovo/Desktop/mogi_ws/install/ros2_tutorials_bringup/share/ros2_tutorials_bringup/package.ps1'
[1.058s] INFO:colcon.colcon_core.shell:Creating package descriptor '/home/lenovo/Desktop/mogi_ws/install/ros2_tutorials_bringup/share/ros2_tutorials_bringup/package.dsv'
[1.059s] INFO:colcon.colcon_core.shell:Creating package script '/home/lenovo/Desktop/mogi_ws/install/ros2_tutorials_bringup/share/ros2_tutorials_bringup/package.sh'
[1.060s] INFO:colcon.colcon_core.shell:Creating package script '/home/lenovo/Desktop/mogi_ws/install/ros2_tutorials_bringup/share/ros2_tutorials_bringup/package.bash'
[1.062s] INFO:colcon.colcon_core.shell:Creating package script '/home/lenovo/Desktop/mogi_ws/install/ros2_tutorials_bringup/share/ros2_tutorials_bringup/package.zsh'
[1.063s] Level 1:colcon.colcon_core.environment:create_file_with_runtime_dependencies(/home/lenovo/Desktop/mogi_ws/install/ros2_tutorials_bringup/share/colcon-core/packages/ros2_tutorials_bringup)
[1.064s] Level 1:colcon.colcon_core.environment:create_environment_scripts_only(ros2_tutorials_bringup)
[1.065s] Level 1:colcon.colcon_core.environment:checking '/home/lenovo/Desktop/mogi_ws/install/ros2_tutorials_bringup' for CMake module files
[1.065s] Level 1:colcon.colcon_core.environment:checking '/home/lenovo/Desktop/mogi_ws/install/ros2_tutorials_bringup' for CMake config files
[1.066s] Level 1:colcon.colcon_core.shell:create_environment_hook('ros2_tutorials_bringup', 'cmake_prefix_path')
[1.066s] INFO:colcon.colcon_core.shell:Creating environment hook '/home/lenovo/Desktop/mogi_ws/install/ros2_tutorials_bringup/share/ros2_tutorials_bringup/hook/cmake_prefix_path.ps1'
[1.067s] INFO:colcon.colcon_core.shell:Creating environment descriptor '/home/lenovo/Desktop/mogi_ws/install/ros2_tutorials_bringup/share/ros2_tutorials_bringup/hook/cmake_prefix_path.dsv'
[1.067s] INFO:colcon.colcon_core.shell:Creating environment hook '/home/lenovo/Desktop/mogi_ws/install/ros2_tutorials_bringup/share/ros2_tutorials_bringup/hook/cmake_prefix_path.sh'
[1.068s] Level 1:colcon.colcon_core.environment:checking '/home/lenovo/Desktop/mogi_ws/install/ros2_tutorials_bringup/bin'
[1.069s] Level 1:colcon.colcon_core.environment:checking '/home/lenovo/Desktop/mogi_ws/install/ros2_tutorials_bringup/lib/pkgconfig/ros2_tutorials_bringup.pc'
[1.069s] Level 1:colcon.colcon_core.environment:checking '/home/lenovo/Desktop/mogi_ws/install/ros2_tutorials_bringup/lib/python3.12/site-packages'
[1.069s] Level 1:colcon.colcon_core.environment:checking '/home/lenovo/Desktop/mogi_ws/install/ros2_tutorials_bringup/bin'
[1.070s] INFO:colcon.colcon_core.shell:Creating package script '/home/lenovo/Desktop/mogi_ws/install/ros2_tutorials_bringup/share/ros2_tutorials_bringup/package.ps1'
[1.071s] INFO:colcon.colcon_core.shell:Creating package descriptor '/home/lenovo/Desktop/mogi_ws/install/ros2_tutorials_bringup/share/ros2_tutorials_bringup/package.dsv'
[1.071s] INFO:colcon.colcon_core.shell:Creating package script '/home/lenovo/Desktop/mogi_ws/install/ros2_tutorials_bringup/share/ros2_tutorials_bringup/package.sh'
[1.072s] INFO:colcon.colcon_core.shell:Creating package script '/home/lenovo/Desktop/mogi_ws/install/ros2_tutorials_bringup/share/ros2_tutorials_bringup/package.bash'
[1.073s] INFO:colcon.colcon_core.shell:Creating package script '/home/lenovo/Desktop/mogi_ws/install/ros2_tutorials_bringup/share/ros2_tutorials_bringup/package.zsh'
[1.074s] Level 1:colcon.colcon_core.environment:create_file_with_runtime_dependencies(/home/lenovo/Desktop/mogi_ws/install/ros2_tutorials_bringup/share/colcon-core/packages/ros2_tutorials_bringup)
[1.076s] Level 1:colcon.colcon_core.environment:create_environment_scripts_only(ros2_tutorials_cpp)
[1.077s] Level 1:colcon.colcon_core.environment:checking '/home/lenovo/Desktop/mogi_ws/install/ros2_tutorials_cpp' for CMake module files
[1.077s] DEBUG:colcon.colcon_core.event_handler.log_command:Invoked command in '/home/lenovo/Desktop/mogi_ws/build/ros2_tutorials_cpp' returned '0': CMAKE_PREFIX_PATH=${CMAKE_PREFIX_PATH}:/home/lenovo/Desktop/mogi_ws/install/ros2_tutorials_py:/home/lenovo/Desktop/ws_camera/install/ros2_opencv:/home/lenovo/Desktop/ros2_ws/install/my_py_pkg:/opt/ros/jazzy DEBUGINFOD_URLS=https://debuginfod.ubuntu.com /usr/bin/cmake --install /home/lenovo/Desktop/mogi_ws/build/ros2_tutorials_cpp
[1.079s] Level 1:colcon.colcon_core.environment:checking '/home/lenovo/Desktop/mogi_ws/install/ros2_tutorials_cpp' for CMake config files
[1.080s] Level 1:colcon.colcon_core.shell:create_environment_hook('ros2_tutorials_cpp', 'cmake_prefix_path')
[1.081s] INFO:colcon.colcon_core.shell:Creating environment hook '/home/lenovo/Desktop/mogi_ws/install/ros2_tutorials_cpp/share/ros2_tutorials_cpp/hook/cmake_prefix_path.ps1'
[1.083s] INFO:colcon.colcon_core.shell:Creating environment descriptor '/home/lenovo/Desktop/mogi_ws/install/ros2_tutorials_cpp/share/ros2_tutorials_cpp/hook/cmake_prefix_path.dsv'
[1.084s] INFO:colcon.colcon_core.shell:Creating environment hook '/home/lenovo/Desktop/mogi_ws/install/ros2_tutorials_cpp/share/ros2_tutorials_cpp/hook/cmake_prefix_path.sh'
[1.086s] Level 1:colcon.colcon_core.environment:checking '/home/lenovo/Desktop/mogi_ws/install/ros2_tutorials_cpp/lib'
[1.087s] Level 1:colcon.colcon_core.environment:checking '/home/lenovo/Desktop/mogi_ws/install/ros2_tutorials_cpp/bin'
[1.087s] Level 1:colcon.colcon_core.environment:checking '/home/lenovo/Desktop/mogi_ws/install/ros2_tutorials_cpp/lib/pkgconfig/ros2_tutorials_cpp.pc'
[1.087s] Level 1:colcon.colcon_core.environment:checking '/home/lenovo/Desktop/mogi_ws/install/ros2_tutorials_cpp/lib/python3.12/site-packages'
[1.088s] Level 1:colcon.colcon_core.environment:checking '/home/lenovo/Desktop/mogi_ws/install/ros2_tutorials_cpp/bin'
[1.089s] INFO:colcon.colcon_core.shell:Creating package script '/home/lenovo/Desktop/mogi_ws/install/ros2_tutorials_cpp/share/ros2_tutorials_cpp/package.ps1'
[1.091s] INFO:colcon.colcon_core.shell:Creating package descriptor '/home/lenovo/Desktop/mogi_ws/install/ros2_tutorials_cpp/share/ros2_tutorials_cpp/package.dsv'
[1.093s] INFO:colcon.colcon_core.shell:Creating package script '/home/lenovo/Desktop/mogi_ws/install/ros2_tutorials_cpp/share/ros2_tutorials_cpp/package.sh'
[1.094s] INFO:colcon.colcon_core.shell:Creating package script '/home/lenovo/Desktop/mogi_ws/install/ros2_tutorials_cpp/share/ros2_tutorials_cpp/package.bash'
[1.095s] INFO:colcon.colcon_core.shell:Creating package script '/home/lenovo/Desktop/mogi_ws/install/ros2_tutorials_cpp/share/ros2_tutorials_cpp/package.zsh'
[1.096s] Level 1:colcon.colcon_core.environment:create_file_with_runtime_dependencies(/home/lenovo/Desktop/mogi_ws/install/ros2_tutorials_cpp/share/colcon-core/packages/ros2_tutorials_cpp)
[1.097s] Level 1:colcon.colcon_core.environment:create_environment_scripts_only(ros2_tutorials_cpp)
[1.097s] Level 1:colcon.colcon_core.environment:checking '/home/lenovo/Desktop/mogi_ws/install/ros2_tutorials_cpp' for CMake module files
[1.099s] Level 1:colcon.colcon_core.environment:checking '/home/lenovo/Desktop/mogi_ws/install/ros2_tutorials_cpp' for CMake config files
[1.099s] Level 1:colcon.colcon_core.shell:create_environment_hook('ros2_tutorials_cpp', 'cmake_prefix_path')
[1.099s] INFO:colcon.colcon_core.shell:Creating environment hook '/home/lenovo/Desktop/mogi_ws/install/ros2_tutorials_cpp/share/ros2_tutorials_cpp/hook/cmake_prefix_path.ps1'
[1.100s] INFO:colcon.colcon_core.shell:Creating environment descriptor '/home/lenovo/Desktop/mogi_ws/install/ros2_tutorials_cpp/share/ros2_tutorials_cpp/hook/cmake_prefix_path.dsv'
[1.101s] INFO:colcon.colcon_core.shell:Creating environment hook '/home/lenovo/Desktop/mogi_ws/install/ros2_tutorials_cpp/share/ros2_tutorials_cpp/hook/cmake_prefix_path.sh'
[1.102s] Level 1:colcon.colcon_core.environment:checking '/home/lenovo/Desktop/mogi_ws/install/ros2_tutorials_cpp/lib'
[1.102s] Level 1:colcon.colcon_core.environment:checking '/home/lenovo/Desktop/mogi_ws/install/ros2_tutorials_cpp/bin'
[1.102s] Level 1:colcon.colcon_core.environment:checking '/home/lenovo/Desktop/mogi_ws/install/ros2_tutorials_cpp/lib/pkgconfig/ros2_tutorials_cpp.pc'
[1.103s] Level 1:colcon.colcon_core.environment:checking '/home/lenovo/Desktop/mogi_ws/install/ros2_tutorials_cpp/lib/python3.12/site-packages'
[1.103s] Level 1:colcon.colcon_core.environment:checking '/home/lenovo/Desktop/mogi_ws/install/ros2_tutorials_cpp/bin'
[1.104s] INFO:colcon.colcon_core.shell:Creating package script '/home/lenovo/Desktop/mogi_ws/install/ros2_tutorials_cpp/share/ros2_tutorials_cpp/package.ps1'
[1.105s] INFO:colcon.colcon_core.shell:Creating package descriptor '/home/lenovo/Desktop/mogi_ws/install/ros2_tutorials_cpp/share/ros2_tutorials_cpp/package.dsv'
[1.106s] INFO:colcon.colcon_core.shell:Creating package script '/home/lenovo/Desktop/mogi_ws/install/ros2_tutorials_cpp/share/ros2_tutorials_cpp/package.sh'
[1.123s] INFO:colcon.colcon_core.shell:Creating package script '/home/lenovo/Desktop/mogi_ws/install/ros2_tutorials_cpp/share/ros2_tutorials_cpp/package.bash'
[1.124s] INFO:colcon.colcon_core.shell:Creating package script '/home/lenovo/Desktop/mogi_ws/install/ros2_tutorials_cpp/share/ros2_tutorials_cpp/package.zsh'
[1.125s] Level 1:colcon.colcon_core.environment:create_file_with_runtime_dependencies(/home/lenovo/Desktop/mogi_ws/install/ros2_tutorials_cpp/share/colcon-core/packages/ros2_tutorials_cpp)
[2.122s] DEBUG:colcon.colcon_core.event_handler.log_command:Invoking command in '/home/lenovo/Desktop/mogi_ws/src/ros2_tutorials_py': DEBUGINFOD_URLS=https://debuginfod.ubuntu.com PYTHONPATH=/home/lenovo/Desktop/mogi_ws/build/ros2_tutorials_py/prefix_override:/usr/lib/python3/dist-packages/colcon_core/task/python/colcon_distutils_commands:/home/lenovo/Desktop/mogi_ws/install/ros2_tutorials_py/lib/python3.12/site-packages:${PYTHONPATH} /usr/bin/python3 -W ignore:setup.py install is deprecated -W ignore:easy_install command is deprecated setup.py egg_info --egg-base ../../build/ros2_tutorials_py build --build-base /home/lenovo/Desktop/mogi_ws/build/ros2_tutorials_py/build install --record /home/lenovo/Desktop/mogi_ws/build/ros2_tutorials_py/install.log --single-version-externally-managed install_data
[2.911s] Level 1:colcon.colcon_core.environment:checking '/home/lenovo/Desktop/mogi_ws/install/ros2_tutorials_py' for CMake module files
[2.912s] DEBUG:colcon.colcon_core.event_handler.log_command:Invoked command in '/home/lenovo/Desktop/mogi_ws/src/ros2_tutorials_py' returned '0': DEBUGINFOD_URLS=https://debuginfod.ubuntu.com PYTHONPATH=/home/lenovo/Desktop/mogi_ws/build/ros2_tutorials_py/prefix_override:/usr/lib/python3/dist-packages/colcon_core/task/python/colcon_distutils_commands:/home/lenovo/Desktop/mogi_ws/install/ros2_tutorials_py/lib/python3.12/site-packages:${PYTHONPATH} /usr/bin/python3 -W ignore:setup.py install is deprecated -W ignore:easy_install command is deprecated setup.py egg_info --egg-base ../../build/ros2_tutorials_py build --build-base /home/lenovo/Desktop/mogi_ws/build/ros2_tutorials_py/build install --record /home/lenovo/Desktop/mogi_ws/build/ros2_tutorials_py/install.log --single-version-externally-managed install_data
[2.913s] Level 1:colcon.colcon_core.environment:checking '/home/lenovo/Desktop/mogi_ws/install/ros2_tutorials_py' for CMake config files
[2.914s] Level 1:colcon.colcon_core.environment:checking '/home/lenovo/Desktop/mogi_ws/install/ros2_tutorials_py/lib'
[2.914s] Level 1:colcon.colcon_core.environment:checking '/home/lenovo/Desktop/mogi_ws/install/ros2_tutorials_py/bin'
[2.914s] Level 1:colcon.colcon_core.environment:checking '/home/lenovo/Desktop/mogi_ws/install/ros2_tutorials_py/lib/pkgconfig/ros2_tutorials_py.pc'
[2.915s] Level 1:colcon.colcon_core.environment:checking '/home/lenovo/Desktop/mogi_ws/install/ros2_tutorials_py/lib/python3.12/site-packages'
[2.915s] Level 1:colcon.colcon_core.shell:create_environment_hook('ros2_tutorials_py', 'pythonpath')
[2.915s] INFO:colcon.colcon_core.shell:Creating environment hook '/home/lenovo/Desktop/mogi_ws/install/ros2_tutorials_py/share/ros2_tutorials_py/hook/pythonpath.ps1'
[2.916s] INFO:colcon.colcon_core.shell:Creating environment descriptor '/home/lenovo/Desktop/mogi_ws/install/ros2_tutorials_py/share/ros2_tutorials_py/hook/pythonpath.dsv'
[2.917s] INFO:colcon.colcon_core.shell:Creating environment hook '/home/lenovo/Desktop/mogi_ws/install/ros2_tutorials_py/share/ros2_tutorials_py/hook/pythonpath.sh'
[2.918s] Level 1:colcon.colcon_core.environment:checking '/home/lenovo/Desktop/mogi_ws/install/ros2_tutorials_py/bin'
[2.918s] Level 1:colcon.colcon_core.environment:create_environment_scripts_only(ros2_tutorials_py)
[2.918s] INFO:colcon.colcon_core.shell:Creating package script '/home/lenovo/Desktop/mogi_ws/install/ros2_tutorials_py/share/ros2_tutorials_py/package.ps1'
[2.919s] INFO:colcon.colcon_core.shell:Creating package descriptor '/home/lenovo/Desktop/mogi_ws/install/ros2_tutorials_py/share/ros2_tutorials_py/package.dsv'
[2.920s] INFO:colcon.colcon_core.shell:Creating package script '/home/lenovo/Desktop/mogi_ws/install/ros2_tutorials_py/share/ros2_tutorials_py/package.sh'
[2.920s] INFO:colcon.colcon_core.shell:Creating package script '/home/lenovo/Desktop/mogi_ws/install/ros2_tutorials_py/share/ros2_tutorials_py/package.bash'
[2.921s] INFO:colcon.colcon_core.shell:Creating package script '/home/lenovo/Desktop/mogi_ws/install/ros2_tutorials_py/share/ros2_tutorials_py/package.zsh'
[2.921s] Level 1:colcon.colcon_core.environment:create_file_with_runtime_dependencies(/home/lenovo/Desktop/mogi_ws/install/ros2_tutorials_py/share/colcon-core/packages/ros2_tutorials_py)
[2.922s] DEBUG:colcon.colcon_parallel_executor.executor.parallel:closing loop
[2.922s] DEBUG:colcon.colcon_parallel_executor.executor.parallel:loop closed
[2.922s] DEBUG:colcon.colcon_parallel_executor.executor.parallel:run_until_complete finished with '0'
[2.922s] DEBUG:colcon.colcon_core.event_reactor:joining thread
[2.945s] INFO:colcon.colcon_core.plugin_system:Skipping extension 'colcon_notification.desktop_notification.terminal_notifier': Not used on non-Darwin systems
[2.945s] INFO:colcon.colcon_core.plugin_system:Skipping extension 'colcon_notification.desktop_notification.win32': Not used on non-Windows systems
[2.946s] INFO:colcon.colcon_notification.desktop_notification:Sending desktop notification using 'notify2'
[2.996s] DEBUG:colcon.colcon_core.event_reactor:joined thread
[2.997s] INFO:colcon.colcon_core.shell:Creating prefix script '/home/lenovo/Desktop/mogi_ws/install/local_setup.ps1'
[3.000s] INFO:colcon.colcon_core.shell:Creating prefix util module '/home/lenovo/Desktop/mogi_ws/install/_local_setup_util_ps1.py'
[3.004s] INFO:colcon.colcon_core.shell:Creating prefix chain script '/home/lenovo/Desktop/mogi_ws/install/setup.ps1'
[3.007s] INFO:colcon.colcon_core.shell:Creating prefix script '/home/lenovo/Desktop/mogi_ws/install/local_setup.sh'
[3.009s] INFO:colcon.colcon_core.shell:Creating prefix util module '/home/lenovo/Desktop/mogi_ws/install/_local_setup_util_sh.py'
[3.010s] INFO:colcon.colcon_core.shell:Creating prefix chain script '/home/lenovo/Desktop/mogi_ws/install/setup.sh'
[3.014s] INFO:colcon.colcon_core.shell:Creating prefix script '/home/lenovo/Desktop/mogi_ws/install/local_setup.bash'
[3.015s] INFO:colcon.colcon_core.shell:Creating prefix chain script '/home/lenovo/Desktop/mogi_ws/install/setup.bash'
[3.019s] INFO:colcon.colcon_core.shell:Creating prefix script '/home/lenovo/Desktop/mogi_ws/install/local_setup.zsh'
[3.021s] INFO:colcon.colcon_core.shell:Creating prefix chain script '/home/lenovo/Desktop/mogi_ws/install/setup.zsh'
