[0.067s] DEBUG:colcon:Command line arguments: ['/usr/bin/colcon', 'build']
[0.067s] DEBUG:colcon:Parsed command line arguments: Namespace(log_base=None, log_level=None, verb_name='build', build_base='build', install_base='install', merge_install=False, symlink_install=False, test_result_base=None, continue_on_error=False, executor='parallel', parallel_workers=12, event_handlers=None, ignore_user_meta=False, metas=['./colcon.meta'], base_paths=['.'], packages_ignore=None, packages_ignore_regex=None, paths=None, packages_up_to=None, packages_up_to_regex=None, packages_above=None, packages_above_and_dependencies=None, packages_above_depth=None, packages_select_by_dep=None, packages_skip_by_dep=None, packages_skip_up_to=None, packages_select_build_failed=False, packages_skip_build_finished=False, packages_select_test_failures=False, packages_skip_test_passed=False, packages_select=None, packages_skip=None, packages_select_regex=None, packages_skip_regex=None, packages_start=None, packages_end=None, allow_overriding=[], cmake_args=None, cmake_target=None, cmake_target_skip_unavailable=False, cmake_clean_cache=False, cmake_clean_first=False, cmake_force_configure=False, ament_cmake_args=None, catkin_cmake_args=None, catkin_skip_building_tests=False, mixin_files=None, mixin=None, verb_parser=<colcon_mixin.mixin.mixin_argument.MixinArgumentDecorator object at 0x7728da2a4530>, verb_extension=<colcon_core.verb.build.BuildVerb object at 0x7728da318530>, main=<bound method BuildVerb.main of <colcon_core.verb.build.BuildVerb object at 0x7728da318530>>, mixin_verb=('build',))
[0.091s] Level 1:colcon.colcon_core.package_discovery:discover_packages(colcon_meta) check parameters
[0.091s] Level 1:colcon.colcon_core.package_discovery:discover_packages(recursive) check parameters
[0.091s] Level 1:colcon.colcon_core.package_discovery:discover_packages(ignore) check parameters
[0.091s] Level 1:colcon.colcon_core.package_discovery:discover_packages(path) check parameters
[0.091s] Level 1:colcon.colcon_core.package_discovery:discover_packages(colcon_meta) discover
[0.091s] Level 1:colcon.colcon_core.package_discovery:discover_packages(recursive) discover
[0.091s] INFO:colcon.colcon_core.package_discovery:Crawling recursively for packages in '/home/lenovo/Desktop/mogi_ws'
[0.091s] Level 1:colcon.colcon_core.package_identification:_identify(.) by extensions ['ignore', 'ignore_ament_install']
[0.091s] Level 1:colcon.colcon_core.package_identification:_identify(.) by extension 'ignore'
[0.091s] Level 1:colcon.colcon_core.package_identification:_identify(.) by extension 'ignore_ament_install'
[0.091s] Level 1:colcon.colcon_core.package_identification:_identify(.) by extensions ['colcon_pkg']
[0.091s] Level 1:colcon.colcon_core.package_identification:_identify(.) by extension 'colcon_pkg'
[0.091s] Level 1:colcon.colcon_core.package_identification:_identify(.) by extensions ['colcon_meta']
[0.091s] Level 1:colcon.colcon_core.package_identification:_identify(.) by extension 'colcon_meta'
[0.091s] Level 1:colcon.colcon_core.package_identification:_identify(.) by extensions ['ros']
[0.092s] Level 1:colcon.colcon_core.package_identification:_identify(.) by extension 'ros'
[0.108s] Level 1:colcon.colcon_core.package_identification:_identify(.) by extensions ['cmake', 'python']
[0.108s] Level 1:colcon.colcon_core.package_identification:_identify(.) by extension 'cmake'
[0.108s] Level 1:colcon.colcon_core.package_identification:_identify(.) by extension 'python'
[0.108s] Level 1:colcon.colcon_core.package_identification:_identify(.) by extensions ['python_setup_py']
[0.108s] Level 1:colcon.colcon_core.package_identification:_identify(.) by extension 'python_setup_py'
[0.108s] Level 1:colcon.colcon_core.package_identification:_identify(build) by extensions ['ignore', 'ignore_ament_install']
[0.108s] Level 1:colcon.colcon_core.package_identification:_identify(build) by extension 'ignore'
[0.108s] Level 1:colcon.colcon_core.package_identification:_identify(build) ignored
[0.108s] Level 1:colcon.colcon_core.package_identification:_identify(install) by extensions ['ignore', 'ignore_ament_install']
[0.108s] Level 1:colcon.colcon_core.package_identification:_identify(install) by extension 'ignore'
[0.108s] Level 1:colcon.colcon_core.package_identification:_identify(install) ignored
[0.108s] Level 1:colcon.colcon_core.package_identification:_identify(log) by extensions ['ignore', 'ignore_ament_install']
[0.108s] Level 1:colcon.colcon_core.package_identification:_identify(log) by extension 'ignore'
[0.108s] Level 1:colcon.colcon_core.package_identification:_identify(log) ignored
[0.108s] Level 1:colcon.colcon_core.package_identification:_identify(src) by extensions ['ignore', 'ignore_ament_install']
[0.108s] Level 1:colcon.colcon_core.package_identification:_identify(src) by extension 'ignore'
[0.108s] Level 1:colcon.colcon_core.package_identification:_identify(src) by extension 'ignore_ament_install'
[0.108s] Level 1:colcon.colcon_core.package_identification:_identify(src) by extensions ['colcon_pkg']
[0.109s] Level 1:colcon.colcon_core.package_identification:_identify(src) by extension 'colcon_pkg'
[0.109s] Level 1:colcon.colcon_core.package_identification:_identify(src) by extensions ['colcon_meta']
[0.109s] Level 1:colcon.colcon_core.package_identification:_identify(src) by extension 'colcon_meta'
[0.109s] Level 1:colcon.colcon_core.package_identification:_identify(src) by extensions ['ros']
[0.109s] Level 1:colcon.colcon_core.package_identification:_identify(src) by extension 'ros'
[0.109s] Level 1:colcon.colcon_core.package_identification:_identify(src) by extensions ['cmake', 'python']
[0.109s] Level 1:colcon.colcon_core.package_identification:_identify(src) by extension 'cmake'
[0.109s] Level 1:colcon.colcon_core.package_identification:_identify(src) by extension 'python'
[0.109s] Level 1:colcon.colcon_core.package_identification:_identify(src) by extensions ['python_setup_py']
[0.109s] Level 1:colcon.colcon_core.package_identification:_identify(src) by extension 'python_setup_py'
[0.109s] Level 1:colcon.colcon_core.package_identification:_identify(src/ros2_tutorials_cpp) by extensions ['ignore', 'ignore_ament_install']
[0.109s] Level 1:colcon.colcon_core.package_identification:_identify(src/ros2_tutorials_cpp) by extension 'ignore'
[0.109s] Level 1:colcon.colcon_core.package_identification:_identify(src/ros2_tutorials_cpp) by extension 'ignore_ament_install'
[0.109s] Level 1:colcon.colcon_core.package_identification:_identify(src/ros2_tutorials_cpp) by extensions ['colcon_pkg']
[0.109s] Level 1:colcon.colcon_core.package_identification:_identify(src/ros2_tutorials_cpp) by extension 'colcon_pkg'
[0.109s] Level 1:colcon.colcon_core.package_identification:_identify(src/ros2_tutorials_cpp) by extensions ['colcon_meta']
[0.109s] Level 1:colcon.colcon_core.package_identification:_identify(src/ros2_tutorials_cpp) by extension 'colcon_meta'
[0.109s] Level 1:colcon.colcon_core.package_identification:_identify(src/ros2_tutorials_cpp) by extensions ['ros']
[0.109s] Level 1:colcon.colcon_core.package_identification:_identify(src/ros2_tutorials_cpp) by extension 'ros'
[0.110s] DEBUG:colcon.colcon_core.package_identification:Package 'src/ros2_tutorials_cpp' with type 'ros.ament_cmake' and name 'ros2_tutorials_cpp'
[0.110s] Level 1:colcon.colcon_core.package_identification:_identify(src/ros2_tutorials_py) by extensions ['ignore', 'ignore_ament_install']
[0.111s] Level 1:colcon.colcon_core.package_identification:_identify(src/ros2_tutorials_py) by extension 'ignore'
[0.111s] Level 1:colcon.colcon_core.package_identification:_identify(src/ros2_tutorials_py) by extension 'ignore_ament_install'
[0.111s] Level 1:colcon.colcon_core.package_identification:_identify(src/ros2_tutorials_py) by extensions ['colcon_pkg']
[0.111s] Level 1:colcon.colcon_core.package_identification:_identify(src/ros2_tutorials_py) by extension 'colcon_pkg'
[0.111s] Level 1:colcon.colcon_core.package_identification:_identify(src/ros2_tutorials_py) by extensions ['colcon_meta']
[0.111s] Level 1:colcon.colcon_core.package_identification:_identify(src/ros2_tutorials_py) by extension 'colcon_meta'
[0.111s] Level 1:colcon.colcon_core.package_identification:_identify(src/ros2_tutorials_py) by extensions ['ros']
[0.111s] Level 1:colcon.colcon_core.package_identification:_identify(src/ros2_tutorials_py) by extension 'ros'
[0.111s] DEBUG:colcon.colcon_core.package_identification:Package 'src/ros2_tutorials_py' with type 'ros.ament_python' and name 'ros2_tutorials_py'
[0.111s] Level 1:colcon.colcon_core.package_discovery:discover_packages(recursive) using defaults
[0.111s] Level 1:colcon.colcon_core.package_discovery:discover_packages(ignore) discover
[0.111s] Level 1:colcon.colcon_core.package_discovery:discover_packages(ignore) using defaults
[0.111s] Level 1:colcon.colcon_core.package_discovery:discover_packages(path) discover
[0.111s] Level 1:colcon.colcon_core.package_discovery:discover_packages(path) using defaults
[0.122s] Level 1:colcon.colcon_core.package_discovery:discover_packages(prefix_path) check parameters
[0.122s] Level 1:colcon.colcon_core.package_discovery:discover_packages(prefix_path) discover
[0.123s] DEBUG:colcon.colcon_installed_package_information.package_discovery:Found 2 installed packages in /home/lenovo/Desktop/mogi_ws/install
[0.123s] DEBUG:colcon.colcon_installed_package_information.package_discovery:Found 1 installed packages in /home/lenovo/Desktop/ws_camera/install
[0.123s] DEBUG:colcon.colcon_installed_package_information.package_discovery:Found 1 installed packages in /home/lenovo/Desktop/ros2_ws/install
[0.124s] DEBUG:colcon.colcon_installed_package_information.package_discovery:Found 361 installed packages in /opt/ros/jazzy
[0.125s] Level 1:colcon.colcon_core.package_discovery:discover_packages(prefix_path) using defaults
[0.150s] Level 5:colcon.colcon_core.verb:set package 'ros2_tutorials_cpp' build argument 'cmake_args' from command line to 'None'
[0.150s] Level 5:colcon.colcon_core.verb:set package 'ros2_tutorials_cpp' build argument 'cmake_target' from command line to 'None'
[0.150s] Level 5:colcon.colcon_core.verb:set package 'ros2_tutorials_cpp' build argument 'cmake_target_skip_unavailable' from command line to 'False'
[0.150s] Level 5:colcon.colcon_core.verb:set package 'ros2_tutorials_cpp' build argument 'cmake_clean_cache' from command line to 'False'
[0.150s] Level 5:colcon.colcon_core.verb:set package 'ros2_tutorials_cpp' build argument 'cmake_clean_first' from command line to 'False'
[0.150s] Level 5:colcon.colcon_core.verb:set package 'ros2_tutorials_cpp' build argument 'cmake_force_configure' from command line to 'False'
[0.150s] Level 5:colcon.colcon_core.verb:set package 'ros2_tutorials_cpp' build argument 'ament_cmake_args' from command line to 'None'
[0.150s] Level 5:colcon.colcon_core.verb:set package 'ros2_tutorials_cpp' build argument 'catkin_cmake_args' from command line to 'None'
[0.150s] Level 5:colcon.colcon_core.verb:set package 'ros2_tutorials_cpp' build argument 'catkin_skip_building_tests' from command line to 'False'
[0.150s] DEBUG:colcon.colcon_core.verb:Building package 'ros2_tutorials_cpp' with the following arguments: {'ament_cmake_args': None, 'build_base': '/home/lenovo/Desktop/mogi_ws/build/ros2_tutorials_cpp', 'catkin_cmake_args': None, 'catkin_skip_building_tests': False, 'cmake_args': None, 'cmake_clean_cache': False, 'cmake_clean_first': False, 'cmake_force_configure': False, 'cmake_target': None, 'cmake_target_skip_unavailable': False, 'install_base': '/home/lenovo/Desktop/mogi_ws/install/ros2_tutorials_cpp', 'merge_install': False, 'path': '/home/lenovo/Desktop/mogi_ws/src/ros2_tutorials_cpp', 'symlink_install': False, 'test_result_base': None}
[0.150s] Level 5:colcon.colcon_core.verb:set package 'ros2_tutorials_py' build argument 'cmake_args' from command line to 'None'
[0.150s] Level 5:colcon.colcon_core.verb:set package 'ros2_tutorials_py' build argument 'cmake_target' from command line to 'None'
[0.150s] Level 5:colcon.colcon_core.verb:set package 'ros2_tutorials_py' build argument 'cmake_target_skip_unavailable' from command line to 'False'
[0.150s] Level 5:colcon.colcon_core.verb:set package 'ros2_tutorials_py' build argument 'cmake_clean_cache' from command line to 'False'
[0.150s] Level 5:colcon.colcon_core.verb:set package 'ros2_tutorials_py' build argument 'cmake_clean_first' from command line to 'False'
[0.150s] Level 5:colcon.colcon_core.verb:set package 'ros2_tutorials_py' build argument 'cmake_force_configure' from command line to 'False'
[0.150s] Level 5:colcon.colcon_core.verb:set package 'ros2_tutorials_py' build argument 'ament_cmake_args' from command line to 'None'
[0.150s] Level 5:colcon.colcon_core.verb:set package 'ros2_tutorials_py' build argument 'catkin_cmake_args' from command line to 'None'
[0.150s] Level 5:colcon.colcon_core.verb:set package 'ros2_tutorials_py' build argument 'catkin_skip_building_tests' from command line to 'False'
[0.150s] DEBUG:colcon.colcon_core.verb:Building package 'ros2_tutorials_py' with the following arguments: {'ament_cmake_args': None, 'build_base': '/home/lenovo/Desktop/mogi_ws/build/ros2_tutorials_py', 'catkin_cmake_args': None, 'catkin_skip_building_tests': False, 'cmake_args': None, 'cmake_clean_cache': False, 'cmake_clean_first': False, 'cmake_force_configure': False, 'cmake_target': None, 'cmake_target_skip_unavailable': False, 'install_base': '/home/lenovo/Desktop/mogi_ws/install/ros2_tutorials_py', 'merge_install': False, 'path': '/home/lenovo/Desktop/mogi_ws/src/ros2_tutorials_py', 'symlink_install': False, 'test_result_base': None}
[0.150s] INFO:colcon.colcon_core.executor:Executing jobs using 'parallel' executor
[0.151s] DEBUG:colcon.colcon_parallel_executor.executor.parallel:run_until_complete
[0.151s] INFO:colcon.colcon_ros.task.ament_cmake.build:Building ROS package in '/home/lenovo/Desktop/mogi_ws/src/ros2_tutorials_cpp' with build type 'ament_cmake'
[0.151s] INFO:colcon.colcon_cmake.task.cmake.build:Building CMake package in '/home/lenovo/Desktop/mogi_ws/src/ros2_tutorials_cpp'
[0.152s] INFO:colcon.colcon_core.plugin_system:Skipping extension 'colcon_core.shell.bat': Not used on non-Windows systems
[0.153s] INFO:colcon.colcon_core.shell:Skip shell extension 'powershell' for command environment: Not usable outside of PowerShell
[0.153s] DEBUG:colcon.colcon_core.shell:Skip shell extension 'dsv' for command environment
[0.157s] INFO:colcon.colcon_ros.task.ament_python.build:Building ROS package in '/home/lenovo/Desktop/mogi_ws/src/ros2_tutorials_py' with build type 'ament_python'
[0.157s] Level 1:colcon.colcon_core.shell:create_environment_hook('ros2_tutorials_py', 'ament_prefix_path')
[0.158s] INFO:colcon.colcon_core.shell:Creating environment hook '/home/lenovo/Desktop/mogi_ws/install/ros2_tutorials_py/share/ros2_tutorials_py/hook/ament_prefix_path.ps1'
[0.158s] INFO:colcon.colcon_core.shell:Creating environment descriptor '/home/lenovo/Desktop/mogi_ws/install/ros2_tutorials_py/share/ros2_tutorials_py/hook/ament_prefix_path.dsv'
[0.159s] INFO:colcon.colcon_core.shell:Creating environment hook '/home/lenovo/Desktop/mogi_ws/install/ros2_tutorials_py/share/ros2_tutorials_py/hook/ament_prefix_path.sh'
[0.160s] INFO:colcon.colcon_core.shell:Skip shell extension 'powershell' for command environment: Not usable outside of PowerShell
[0.160s] DEBUG:colcon.colcon_core.shell:Skip shell extension 'dsv' for command environment
[0.171s] DEBUG:colcon.colcon_core.event_handler.log_command:Invoking command in '/home/lenovo/Desktop/mogi_ws/build/ros2_tutorials_cpp': CMAKE_PREFIX_PATH=${CMAKE_PREFIX_PATH}:/home/lenovo/Desktop/mogi_ws/install/ros2_tutorials_py:/home/lenovo/Desktop/ws_camera/install/ros2_opencv:/home/lenovo/Desktop/ros2_ws/install/my_py_pkg:/opt/ros/jazzy DEBUGINFOD_URLS=https://debuginfod.ubuntu.com /usr/bin/cmake --build /home/lenovo/Desktop/mogi_ws/build/ros2_tutorials_cpp -- -j12 -l12
[0.329s] INFO:colcon.colcon_core.task.python.build:Building Python package in '/home/lenovo/Desktop/mogi_ws/src/ros2_tutorials_py'
[0.330s] INFO:colcon.colcon_core.shell:Skip shell extension 'powershell' for command environment: Not usable outside of PowerShell
[0.330s] DEBUG:colcon.colcon_core.shell:Skip shell extension 'dsv' for command environment
[0.902s] DEBUG:colcon.colcon_core.event_handler.log_command:Invoking command in '/home/lenovo/Desktop/mogi_ws/src/ros2_tutorials_py': DEBUGINFOD_URLS=https://debuginfod.ubuntu.com PYTHONPATH=/home/lenovo/Desktop/mogi_ws/build/ros2_tutorials_py/prefix_override:/usr/lib/python3/dist-packages/colcon_core/task/python/colcon_distutils_commands:/home/lenovo/Desktop/mogi_ws/install/ros2_tutorials_py/lib/python3.12/site-packages:${PYTHONPATH} /usr/bin/python3 -W ignore:setup.py install is deprecated -W ignore:easy_install command is deprecated setup.py egg_info --egg-base ../../build/ros2_tutorials_py build --build-base /home/lenovo/Desktop/mogi_ws/build/ros2_tutorials_py/build install --record /home/lenovo/Desktop/mogi_ws/build/ros2_tutorials_py/install.log --single-version-externally-managed install_data
[1.362s] DEBUG:colcon.colcon_core.event_handler.log_command:Invoked command in '/home/lenovo/Desktop/mogi_ws/src/ros2_tutorials_py' returned '0': DEBUGINFOD_URLS=https://debuginfod.ubuntu.com PYTHONPATH=/home/lenovo/Desktop/mogi_ws/build/ros2_tutorials_py/prefix_override:/usr/lib/python3/dist-packages/colcon_core/task/python/colcon_distutils_commands:/home/lenovo/Desktop/mogi_ws/install/ros2_tutorials_py/lib/python3.12/site-packages:${PYTHONPATH} /usr/bin/python3 -W ignore:setup.py install is deprecated -W ignore:easy_install command is deprecated setup.py egg_info --egg-base ../../build/ros2_tutorials_py build --build-base /home/lenovo/Desktop/mogi_ws/build/ros2_tutorials_py/build install --record /home/lenovo/Desktop/mogi_ws/build/ros2_tutorials_py/install.log --single-version-externally-managed install_data
[1.364s] Level 1:colcon.colcon_core.environment:checking '/home/lenovo/Desktop/mogi_ws/install/ros2_tutorials_py' for CMake module files
[1.365s] Level 1:colcon.colcon_core.environment:checking '/home/lenovo/Desktop/mogi_ws/install/ros2_tutorials_py' for CMake config files
[1.366s] Level 1:colcon.colcon_core.environment:checking '/home/lenovo/Desktop/mogi_ws/install/ros2_tutorials_py/lib'
[1.366s] Level 1:colcon.colcon_core.environment:checking '/home/lenovo/Desktop/mogi_ws/install/ros2_tutorials_py/bin'
[1.366s] Level 1:colcon.colcon_core.environment:checking '/home/lenovo/Desktop/mogi_ws/install/ros2_tutorials_py/lib/pkgconfig/ros2_tutorials_py.pc'
[1.367s] Level 1:colcon.colcon_core.environment:checking '/home/lenovo/Desktop/mogi_ws/install/ros2_tutorials_py/lib/python3.12/site-packages'
[1.367s] Level 1:colcon.colcon_core.shell:create_environment_hook('ros2_tutorials_py', 'pythonpath')
[1.367s] INFO:colcon.colcon_core.shell:Creating environment hook '/home/lenovo/Desktop/mogi_ws/install/ros2_tutorials_py/share/ros2_tutorials_py/hook/pythonpath.ps1'
[1.368s] INFO:colcon.colcon_core.shell:Creating environment descriptor '/home/lenovo/Desktop/mogi_ws/install/ros2_tutorials_py/share/ros2_tutorials_py/hook/pythonpath.dsv'
[1.368s] INFO:colcon.colcon_core.shell:Creating environment hook '/home/lenovo/Desktop/mogi_ws/install/ros2_tutorials_py/share/ros2_tutorials_py/hook/pythonpath.sh'
[1.369s] Level 1:colcon.colcon_core.environment:checking '/home/lenovo/Desktop/mogi_ws/install/ros2_tutorials_py/bin'
[1.369s] Level 1:colcon.colcon_core.environment:create_environment_scripts_only(ros2_tutorials_py)
[1.370s] INFO:colcon.colcon_core.shell:Creating package script '/home/lenovo/Desktop/mogi_ws/install/ros2_tutorials_py/share/ros2_tutorials_py/package.ps1'
[1.370s] INFO:colcon.colcon_core.shell:Creating package descriptor '/home/lenovo/Desktop/mogi_ws/install/ros2_tutorials_py/share/ros2_tutorials_py/package.dsv'
[1.371s] INFO:colcon.colcon_core.shell:Creating package script '/home/lenovo/Desktop/mogi_ws/install/ros2_tutorials_py/share/ros2_tutorials_py/package.sh'
[1.371s] INFO:colcon.colcon_core.shell:Creating package script '/home/lenovo/Desktop/mogi_ws/install/ros2_tutorials_py/share/ros2_tutorials_py/package.bash'
[1.371s] INFO:colcon.colcon_core.shell:Creating package script '/home/lenovo/Desktop/mogi_ws/install/ros2_tutorials_py/share/ros2_tutorials_py/package.zsh'
[1.372s] Level 1:colcon.colcon_core.environment:create_file_with_runtime_dependencies(/home/lenovo/Desktop/mogi_ws/install/ros2_tutorials_py/share/colcon-core/packages/ros2_tutorials_py)
[4.395s] DEBUG:colcon.colcon_core.event_handler.log_command:Invoked command in '/home/lenovo/Desktop/mogi_ws/build/ros2_tutorials_cpp' returned '0': CMAKE_PREFIX_PATH=${CMAKE_PREFIX_PATH}:/home/lenovo/Desktop/mogi_ws/install/ros2_tutorials_py:/home/lenovo/Desktop/ws_camera/install/ros2_opencv:/home/lenovo/Desktop/ros2_ws/install/my_py_pkg:/opt/ros/jazzy DEBUGINFOD_URLS=https://debuginfod.ubuntu.com /usr/bin/cmake --build /home/lenovo/Desktop/mogi_ws/build/ros2_tutorials_cpp -- -j12 -l12
[4.407s] DEBUG:colcon.colcon_core.event_handler.log_command:Invoking command in '/home/lenovo/Desktop/mogi_ws/build/ros2_tutorials_cpp': CMAKE_PREFIX_PATH=${CMAKE_PREFIX_PATH}:/home/lenovo/Desktop/mogi_ws/install/ros2_tutorials_py:/home/lenovo/Desktop/ws_camera/install/ros2_opencv:/home/lenovo/Desktop/ros2_ws/install/my_py_pkg:/opt/ros/jazzy DEBUGINFOD_URLS=https://debuginfod.ubuntu.com /usr/bin/cmake --install /home/lenovo/Desktop/mogi_ws/build/ros2_tutorials_cpp
[4.425s] Level 1:colcon.colcon_core.environment:create_environment_scripts_only(ros2_tutorials_cpp)
[4.425s] Level 1:colcon.colcon_core.environment:checking '/home/lenovo/Desktop/mogi_ws/install/ros2_tutorials_cpp' for CMake module files
[4.426s] DEBUG:colcon.colcon_core.event_handler.log_command:Invoked command in '/home/lenovo/Desktop/mogi_ws/build/ros2_tutorials_cpp' returned '0': CMAKE_PREFIX_PATH=${CMAKE_PREFIX_PATH}:/home/lenovo/Desktop/mogi_ws/install/ros2_tutorials_py:/home/lenovo/Desktop/ws_camera/install/ros2_opencv:/home/lenovo/Desktop/ros2_ws/install/my_py_pkg:/opt/ros/jazzy DEBUGINFOD_URLS=https://debuginfod.ubuntu.com /usr/bin/cmake --install /home/lenovo/Desktop/mogi_ws/build/ros2_tutorials_cpp
[4.426s] Level 1:colcon.colcon_core.environment:checking '/home/lenovo/Desktop/mogi_ws/install/ros2_tutorials_cpp' for CMake config files
[4.426s] Level 1:colcon.colcon_core.shell:create_environment_hook('ros2_tutorials_cpp', 'cmake_prefix_path')
[4.426s] INFO:colcon.colcon_core.shell:Creating environment hook '/home/lenovo/Desktop/mogi_ws/install/ros2_tutorials_cpp/share/ros2_tutorials_cpp/hook/cmake_prefix_path.ps1'
[4.427s] INFO:colcon.colcon_core.shell:Creating environment descriptor '/home/lenovo/Desktop/mogi_ws/install/ros2_tutorials_cpp/share/ros2_tutorials_cpp/hook/cmake_prefix_path.dsv'
[4.427s] INFO:colcon.colcon_core.shell:Creating environment hook '/home/lenovo/Desktop/mogi_ws/install/ros2_tutorials_cpp/share/ros2_tutorials_cpp/hook/cmake_prefix_path.sh'
[4.427s] Level 1:colcon.colcon_core.environment:checking '/home/lenovo/Desktop/mogi_ws/install/ros2_tutorials_cpp/lib'
[4.427s] Level 1:colcon.colcon_core.environment:checking '/home/lenovo/Desktop/mogi_ws/install/ros2_tutorials_cpp/bin'
[4.427s] Level 1:colcon.colcon_core.environment:checking '/home/lenovo/Desktop/mogi_ws/install/ros2_tutorials_cpp/lib/pkgconfig/ros2_tutorials_cpp.pc'
[4.427s] Level 1:colcon.colcon_core.environment:checking '/home/lenovo/Desktop/mogi_ws/install/ros2_tutorials_cpp/lib/python3.12/site-packages'
[4.427s] Level 1:colcon.colcon_core.environment:checking '/home/lenovo/Desktop/mogi_ws/install/ros2_tutorials_cpp/bin'
[4.428s] INFO:colcon.colcon_core.shell:Creating package script '/home/lenovo/Desktop/mogi_ws/install/ros2_tutorials_cpp/share/ros2_tutorials_cpp/package.ps1'
[4.428s] INFO:colcon.colcon_core.shell:Creating package descriptor '/home/lenovo/Desktop/mogi_ws/install/ros2_tutorials_cpp/share/ros2_tutorials_cpp/package.dsv'
[4.428s] INFO:colcon.colcon_core.shell:Creating package script '/home/lenovo/Desktop/mogi_ws/install/ros2_tutorials_cpp/share/ros2_tutorials_cpp/package.sh'
[4.428s] INFO:colcon.colcon_core.shell:Creating package script '/home/lenovo/Desktop/mogi_ws/install/ros2_tutorials_cpp/share/ros2_tutorials_cpp/package.bash'
[4.428s] INFO:colcon.colcon_core.shell:Creating package script '/home/lenovo/Desktop/mogi_ws/install/ros2_tutorials_cpp/share/ros2_tutorials_cpp/package.zsh'
[4.429s] Level 1:colcon.colcon_core.environment:create_file_with_runtime_dependencies(/home/lenovo/Desktop/mogi_ws/install/ros2_tutorials_cpp/share/colcon-core/packages/ros2_tutorials_cpp)
[4.429s] Level 1:colcon.colcon_core.environment:create_environment_scripts_only(ros2_tutorials_cpp)
[4.429s] Level 1:colcon.colcon_core.environment:checking '/home/lenovo/Desktop/mogi_ws/install/ros2_tutorials_cpp' for CMake module files
[4.429s] Level 1:colcon.colcon_core.environment:checking '/home/lenovo/Desktop/mogi_ws/install/ros2_tutorials_cpp' for CMake config files
[4.429s] Level 1:colcon.colcon_core.shell:create_environment_hook('ros2_tutorials_cpp', 'cmake_prefix_path')
[4.429s] INFO:colcon.colcon_core.shell:Creating environment hook '/home/lenovo/Desktop/mogi_ws/install/ros2_tutorials_cpp/share/ros2_tutorials_cpp/hook/cmake_prefix_path.ps1'
[4.430s] INFO:colcon.colcon_core.shell:Creating environment descriptor '/home/lenovo/Desktop/mogi_ws/install/ros2_tutorials_cpp/share/ros2_tutorials_cpp/hook/cmake_prefix_path.dsv'
[4.430s] INFO:colcon.colcon_core.shell:Creating environment hook '/home/lenovo/Desktop/mogi_ws/install/ros2_tutorials_cpp/share/ros2_tutorials_cpp/hook/cmake_prefix_path.sh'
[4.430s] Level 1:colcon.colcon_core.environment:checking '/home/lenovo/Desktop/mogi_ws/install/ros2_tutorials_cpp/lib'
[4.430s] Level 1:colcon.colcon_core.environment:checking '/home/lenovo/Desktop/mogi_ws/install/ros2_tutorials_cpp/bin'
[4.430s] Level 1:colcon.colcon_core.environment:checking '/home/lenovo/Desktop/mogi_ws/install/ros2_tutorials_cpp/lib/pkgconfig/ros2_tutorials_cpp.pc'
[4.431s] Level 1:colcon.colcon_core.environment:checking '/home/lenovo/Desktop/mogi_ws/install/ros2_tutorials_cpp/lib/python3.12/site-packages'
[4.431s] Level 1:colcon.colcon_core.environment:checking '/home/lenovo/Desktop/mogi_ws/install/ros2_tutorials_cpp/bin'
[4.431s] INFO:colcon.colcon_core.shell:Creating package script '/home/lenovo/Desktop/mogi_ws/install/ros2_tutorials_cpp/share/ros2_tutorials_cpp/package.ps1'
[4.431s] INFO:colcon.colcon_core.shell:Creating package descriptor '/home/lenovo/Desktop/mogi_ws/install/ros2_tutorials_cpp/share/ros2_tutorials_cpp/package.dsv'
[4.432s] INFO:colcon.colcon_core.shell:Creating package script '/home/lenovo/Desktop/mogi_ws/install/ros2_tutorials_cpp/share/ros2_tutorials_cpp/package.sh'
[4.432s] INFO:colcon.colcon_core.shell:Creating package script '/home/lenovo/Desktop/mogi_ws/install/ros2_tutorials_cpp/share/ros2_tutorials_cpp/package.bash'
[4.432s] INFO:colcon.colcon_core.shell:Creating package script '/home/lenovo/Desktop/mogi_ws/install/ros2_tutorials_cpp/share/ros2_tutorials_cpp/package.zsh'
[4.432s] Level 1:colcon.colcon_core.environment:create_file_with_runtime_dependencies(/home/lenovo/Desktop/mogi_ws/install/ros2_tutorials_cpp/share/colcon-core/packages/ros2_tutorials_cpp)
[4.433s] DEBUG:colcon.colcon_parallel_executor.executor.parallel:closing loop
[4.433s] DEBUG:colcon.colcon_parallel_executor.executor.parallel:loop closed
[4.433s] DEBUG:colcon.colcon_parallel_executor.executor.parallel:run_until_complete finished with '0'
[4.433s] DEBUG:colcon.colcon_core.event_reactor:joining thread
[4.441s] INFO:colcon.colcon_core.plugin_system:Skipping extension 'colcon_notification.desktop_notification.terminal_notifier': Not used on non-Darwin systems
[4.441s] INFO:colcon.colcon_core.plugin_system:Skipping extension 'colcon_notification.desktop_notification.win32': Not used on non-Windows systems
[4.441s] INFO:colcon.colcon_notification.desktop_notification:Sending desktop notification using 'notify2'
[4.462s] DEBUG:colcon.colcon_core.event_reactor:joined thread
[4.462s] INFO:colcon.colcon_core.shell:Creating prefix script '/home/lenovo/Desktop/mogi_ws/install/local_setup.ps1'
[4.464s] INFO:colcon.colcon_core.shell:Creating prefix util module '/home/lenovo/Desktop/mogi_ws/install/_local_setup_util_ps1.py'
[4.465s] INFO:colcon.colcon_core.shell:Creating prefix chain script '/home/lenovo/Desktop/mogi_ws/install/setup.ps1'
[4.466s] INFO:colcon.colcon_core.shell:Creating prefix script '/home/lenovo/Desktop/mogi_ws/install/local_setup.sh'
[4.466s] INFO:colcon.colcon_core.shell:Creating prefix util module '/home/lenovo/Desktop/mogi_ws/install/_local_setup_util_sh.py'
[4.467s] INFO:colcon.colcon_core.shell:Creating prefix chain script '/home/lenovo/Desktop/mogi_ws/install/setup.sh'
[4.468s] INFO:colcon.colcon_core.shell:Creating prefix script '/home/lenovo/Desktop/mogi_ws/install/local_setup.bash'
[4.468s] INFO:colcon.colcon_core.shell:Creating prefix chain script '/home/lenovo/Desktop/mogi_ws/install/setup.bash'
[4.469s] INFO:colcon.colcon_core.shell:Creating prefix script '/home/lenovo/Desktop/mogi_ws/install/local_setup.zsh'
[4.469s] INFO:colcon.colcon_core.shell:Creating prefix chain script '/home/lenovo/Desktop/mogi_ws/install/setup.zsh'
