[ 50%] Built target publisher_cpp
[100%] Built target subscriber_cpp
-- Install configuration: ""
-- Up-to-date: /home/lenovo/Desktop/mogi_ws/install/ros2_tutorials_cpp/lib/ros2_tutorials_cpp/publisher_cpp
-- Up-to-date: /home/lenovo/Desktop/mogi_ws/install/ros2_tutorials_cpp/lib/ros2_tutorials_cpp/subscriber_cpp
-- Up-to-date: /home/lenovo/Desktop/mogi_ws/install/ros2_tutorials_cpp/share/ament_index/resource_index/package_run_dependencies/ros2_tutorials_cpp
-- Up-to-date: /home/lenovo/Desktop/mogi_ws/install/ros2_tutorials_cpp/share/ament_index/resource_index/parent_prefix_path/ros2_tutorials_cpp
-- Up-to-date: /home/lenovo/Desktop/mogi_ws/install/ros2_tutorials_cpp/share/ros2_tutorials_cpp/environment/ament_prefix_path.sh
-- Up-to-date: /home/lenovo/Desktop/mogi_ws/install/ros2_tutorials_cpp/share/ros2_tutorials_cpp/environment/ament_prefix_path.dsv
-- Up-to-date: /home/lenovo/Desktop/mogi_ws/install/ros2_tutorials_cpp/share/ros2_tutorials_cpp/environment/path.sh
-- Up-to-date: /home/lenovo/Desktop/mogi_ws/install/ros2_tutorials_cpp/share/ros2_tutorials_cpp/environment/path.dsv
-- Up-to-date: /home/lenovo/Desktop/mogi_ws/install/ros2_tutorials_cpp/share/ros2_tutorials_cpp/local_setup.bash
-- Up-to-date: /home/lenovo/Desktop/mogi_ws/install/ros2_tutorials_cpp/share/ros2_tutorials_cpp/local_setup.sh
-- Up-to-date: /home/lenovo/Desktop/mogi_ws/install/ros2_tutorials_cpp/share/ros2_tutorials_cpp/local_setup.zsh
-- Up-to-date: /home/lenovo/Desktop/mogi_ws/install/ros2_tutorials_cpp/share/ros2_tutorials_cpp/local_setup.dsv
-- Installing: /home/lenovo/Desktop/mogi_ws/install/ros2_tutorials_cpp/share/ros2_tutorials_cpp/package.dsv
-- Up-to-date: /home/lenovo/Desktop/mogi_ws/install/ros2_tutorials_cpp/share/ament_index/resource_index/packages/ros2_tutorials_cpp
-- Up-to-date: /home/lenovo/Desktop/mogi_ws/install/ros2_tutorials_cpp/share/ros2_tutorials_cpp/cmake/ros2_tutorials_cppConfig.cmake
-- Up-to-date: /home/lenovo/Desktop/mogi_ws/install/ros2_tutorials_cpp/share/ros2_tutorials_cpp/cmake/ros2_tutorials_cppConfig-version.cmake
-- Up-to-date: /home/lenovo/Desktop/mogi_ws/install/ros2_tutorials_cpp/share/ros2_tutorials_cpp/package.xml
