[0.075s] Invoking command in '/home/lenovo/Desktop/mogi_ws/build/ros2_tutorials_cpp': CMAKE_PREFIX_PATH=${CMAKE_PREFIX_PATH}:/home/lenovo/Desktop/mogi_ws/install/ros2_tutorials_py:/home/lenovo/Desktop/ws_camera/install/ros2_opencv:/home/lenovo/Desktop/ros2_ws/install/my_py_pkg:/opt/ros/jazzy DEBUGINFOD_URLS=https://debuginfod.ubuntu.com /usr/bin/cmake --build /home/lenovo/Desktop/mogi_ws/build/ros2_tutorials_cpp -- -j12 -l12
[0.201s] [ 75%] Built target subscriber_cpp
[0.201s] [100%] Built target publisher_cpp
[0.697s] Invoked command in '/home/lenovo/Desktop/mogi_ws/build/ros2_tutorials_cpp' returned '0': CMAKE_PREFIX_PATH=${CMAKE_PREFIX_PATH}:/home/lenovo/Desktop/mogi_ws/install/ros2_tutorials_py:/home/lenovo/Desktop/ws_camera/install/ros2_opencv:/home/lenovo/Desktop/ros2_ws/install/my_py_pkg:/opt/ros/jazzy DEBUGINFOD_URLS=https://debuginfod.ubuntu.com /usr/bin/cmake --build /home/lenovo/Desktop/mogi_ws/build/ros2_tutorials_cpp -- -j12 -l12
[0.699s] Invoking command in '/home/lenovo/Desktop/mogi_ws/build/ros2_tutorials_cpp': CMAKE_PREFIX_PATH=${CMAKE_PREFIX_PATH}:/home/lenovo/Desktop/mogi_ws/install/ros2_tutorials_py:/home/lenovo/Desktop/ws_camera/install/ros2_opencv:/home/lenovo/Desktop/ros2_ws/install/my_py_pkg:/opt/ros/jazzy DEBUGINFOD_URLS=https://debuginfod.ubuntu.com /usr/bin/cmake --install /home/lenovo/Desktop/mogi_ws/build/ros2_tutorials_cpp
[0.723s] -- Install configuration: ""
[0.724s] -- Up-to-date: /home/lenovo/Desktop/mogi_ws/install/ros2_tutorials_cpp/lib/ros2_tutorials_cpp/publisher_cpp
[0.724s] -- Up-to-date: /home/lenovo/Desktop/mogi_ws/install/ros2_tutorials_cpp/lib/ros2_tutorials_cpp/subscriber_cpp
[0.724s] -- Up-to-date: /home/lenovo/Desktop/mogi_ws/install/ros2_tutorials_cpp/share/ament_index/resource_index/package_run_dependencies/ros2_tutorials_cpp
[0.725s] -- Up-to-date: /home/lenovo/Desktop/mogi_ws/install/ros2_tutorials_cpp/share/ament_index/resource_index/parent_prefix_path/ros2_tutorials_cpp
[0.726s] -- Up-to-date: /home/lenovo/Desktop/mogi_ws/install/ros2_tutorials_cpp/share/ros2_tutorials_cpp/environment/ament_prefix_path.sh
[0.726s] -- Up-to-date: /home/lenovo/Desktop/mogi_ws/install/ros2_tutorials_cpp/share/ros2_tutorials_cpp/environment/ament_prefix_path.dsv
[0.726s] -- Up-to-date: /home/lenovo/Desktop/mogi_ws/install/ros2_tutorials_cpp/share/ros2_tutorials_cpp/environment/path.sh
[0.727s] -- Up-to-date: /home/lenovo/Desktop/mogi_ws/install/ros2_tutorials_cpp/share/ros2_tutorials_cpp/environment/path.dsv
[0.728s] -- Up-to-date: /home/lenovo/Desktop/mogi_ws/install/ros2_tutorials_cpp/share/ros2_tutorials_cpp/local_setup.bash
[0.728s] -- Up-to-date: /home/lenovo/Desktop/mogi_ws/install/ros2_tutorials_cpp/share/ros2_tutorials_cpp/local_setup.sh
[0.728s] -- Up-to-date: /home/lenovo/Desktop/mogi_ws/install/ros2_tutorials_cpp/share/ros2_tutorials_cpp/local_setup.zsh
[0.729s] -- Up-to-date: /home/lenovo/Desktop/mogi_ws/install/ros2_tutorials_cpp/share/ros2_tutorials_cpp/local_setup.dsv
[0.729s] -- Installing: /home/lenovo/Desktop/mogi_ws/install/ros2_tutorials_cpp/share/ros2_tutorials_cpp/package.dsv
[0.731s] -- Up-to-date: /home/lenovo/Desktop/mogi_ws/install/ros2_tutorials_cpp/share/ament_index/resource_index/packages/ros2_tutorials_cpp
[0.732s] -- Up-to-date: /home/lenovo/Desktop/mogi_ws/install/ros2_tutorials_cpp/share/ros2_tutorials_cpp/cmake/ros2_tutorials_cppConfig.cmake
[0.732s] -- Up-to-date: /home/lenovo/Desktop/mogi_ws/install/ros2_tutorials_cpp/share/ros2_tutorials_cpp/cmake/ros2_tutorials_cppConfig-version.cmake
[0.732s] -- Up-to-date: /home/lenovo/Desktop/mogi_ws/install/ros2_tutorials_cpp/share/ros2_tutorials_cpp/package.xml
[0.757s] Invoked command in '/home/lenovo/Desktop/mogi_ws/build/ros2_tutorials_cpp' returned '0': CMAKE_PREFIX_PATH=${CMAKE_PREFIX_PATH}:/home/lenovo/Desktop/mogi_ws/install/ros2_tutorials_py:/home/lenovo/Desktop/ws_camera/install/ros2_opencv:/home/lenovo/Desktop/ros2_ws/install/my_py_pkg:/opt/ros/jazzy DEBUGINFOD_URLS=https://debuginfod.ubuntu.com /usr/bin/cmake --install /home/lenovo/Desktop/mogi_ws/build/ros2_tutorials_cpp
