[0.491s] Invoking command in '/home/lenovo/Desktop/mogi_ws/src/ros2_tutorials_py': DEBUGINFOD_URLS=https://debuginfod.ubuntu.com PYTHONPATH=/home/lenovo/Desktop/mogi_ws/build/ros2_tutorials_py/prefix_override:/usr/lib/python3/dist-packages/colcon_core/task/python/colcon_distutils_commands:/home/lenovo/Desktop/mogi_ws/install/ros2_tutorials_py/lib/python3.12/site-packages:${PYTHONPATH} /usr/bin/python3 -W ignore:setup.py install is deprecated -W ignore:easy_install command is deprecated setup.py egg_info --egg-base ../../build/ros2_tutorials_py build --build-base /home/lenovo/Desktop/mogi_ws/build/ros2_tutorials_py/build install --record /home/lenovo/Desktop/mogi_ws/build/ros2_tutorials_py/install.log --single-version-externally-managed install_data
[0.654s] running egg_info
[0.654s] creating ../../build/ros2_tutorials_py/ros2_tutorials_py.egg-info
[0.663s] writing ../../build/ros2_tutorials_py/ros2_tutorials_py.egg-info/PKG-INFO
[0.663s] writing dependency_links to ../../build/ros2_tutorials_py/ros2_tutorials_py.egg-info/dependency_links.txt
[0.664s] writing entry points to ../../build/ros2_tutorials_py/ros2_tutorials_py.egg-info/entry_points.txt
[0.664s] writing requirements to ../../build/ros2_tutorials_py/ros2_tutorials_py.egg-info/requires.txt
[0.664s] writing top-level names to ../../build/ros2_tutorials_py/ros2_tutorials_py.egg-info/top_level.txt
[0.664s] writing manifest file '../../build/ros2_tutorials_py/ros2_tutorials_py.egg-info/SOURCES.txt'
[0.684s] reading manifest file '../../build/ros2_tutorials_py/ros2_tutorials_py.egg-info/SOURCES.txt'
[0.684s] writing manifest file '../../build/ros2_tutorials_py/ros2_tutorials_py.egg-info/SOURCES.txt'
[0.684s] running build
[0.684s] running build_py
[0.684s] creating /home/lenovo/Desktop/mogi_ws/build/ros2_tutorials_py/build
[0.684s] creating /home/lenovo/Desktop/mogi_ws/build/ros2_tutorials_py/build/lib
[0.684s] creating /home/lenovo/Desktop/mogi_ws/build/ros2_tutorials_py/build/lib/ros2_tutorials_py
[0.684s] copying ros2_tutorials_py/__init__.py -> /home/lenovo/Desktop/mogi_ws/build/ros2_tutorials_py/build/lib/ros2_tutorials_py
[0.685s] copying ros2_tutorials_py/publisher.py -> /home/lenovo/Desktop/mogi_ws/build/ros2_tutorials_py/build/lib/ros2_tutorials_py
[0.685s] running install
[0.688s] running install_lib
[0.698s] creating /home/lenovo/Desktop/mogi_ws/install/ros2_tutorials_py/lib/python3.12/site-packages/ros2_tutorials_py
[0.699s] copying /home/lenovo/Desktop/mogi_ws/build/ros2_tutorials_py/build/lib/ros2_tutorials_py/__init__.py -> /home/lenovo/Desktop/mogi_ws/install/ros2_tutorials_py/lib/python3.12/site-packages/ros2_tutorials_py
[0.699s] copying /home/lenovo/Desktop/mogi_ws/build/ros2_tutorials_py/build/lib/ros2_tutorials_py/publisher.py -> /home/lenovo/Desktop/mogi_ws/install/ros2_tutorials_py/lib/python3.12/site-packages/ros2_tutorials_py
[0.699s] byte-compiling /home/lenovo/Desktop/mogi_ws/install/ros2_tutorials_py/lib/python3.12/site-packages/ros2_tutorials_py/__init__.py to __init__.cpython-312.pyc
[0.699s] byte-compiling /home/lenovo/Desktop/mogi_ws/install/ros2_tutorials_py/lib/python3.12/site-packages/ros2_tutorials_py/publisher.py to publisher.cpython-312.pyc
[0.699s] running install_data
[0.699s] creating /home/lenovo/Desktop/mogi_ws/install/ros2_tutorials_py/share/ament_index
[0.699s] creating /home/lenovo/Desktop/mogi_ws/install/ros2_tutorials_py/share/ament_index/resource_index
[0.699s] creating /home/lenovo/Desktop/mogi_ws/install/ros2_tutorials_py/share/ament_index/resource_index/packages
[0.699s] copying resource/ros2_tutorials_py -> /home/lenovo/Desktop/mogi_ws/install/ros2_tutorials_py/share/ament_index/resource_index/packages
[0.699s] copying package.xml -> /home/lenovo/Desktop/mogi_ws/install/ros2_tutorials_py/share/ros2_tutorials_py
[0.699s] running install_egg_info
[0.713s] Copying ../../build/ros2_tutorials_py/ros2_tutorials_py.egg-info to /home/lenovo/Desktop/mogi_ws/install/ros2_tutorials_py/lib/python3.12/site-packages/ros2_tutorials_py-0.0.0-py3.12.egg-info
[0.714s] running install_scripts
[0.787s] Installing publisher_py script to /home/lenovo/Desktop/mogi_ws/install/ros2_tutorials_py/lib/ros2_tutorials_py
[0.787s] writing list of installed files to '/home/lenovo/Desktop/mogi_ws/build/ros2_tutorials_py/install.log'
[0.812s] Invoked command in '/home/lenovo/Desktop/mogi_ws/src/ros2_tutorials_py' returned '0': DEBUGINFOD_URLS=https://debuginfod.ubuntu.com PYTHONPATH=/home/lenovo/Desktop/mogi_ws/build/ros2_tutorials_py/prefix_override:/usr/lib/python3/dist-packages/colcon_core/task/python/colcon_distutils_commands:/home/lenovo/Desktop/mogi_ws/install/ros2_tutorials_py/lib/python3.12/site-packages:${PYTHONPATH} /usr/bin/python3 -W ignore:setup.py install is deprecated -W ignore:easy_install command is deprecated setup.py egg_info --egg-base ../../build/ros2_tutorials_py build --build-base /home/lenovo/Desktop/mogi_ws/build/ros2_tutorials_py/build install --record /home/lenovo/Desktop/mogi_ws/build/ros2_tutorials_py/install.log --single-version-externally-managed install_data
