[0.772s] Invoking command in '/home/lenovo/Desktop/mogi_ws/src/ros2_tutorials_py': DEBUGINFOD_URLS=https://debuginfod.ubuntu.com PYTHONPATH=/home/lenovo/Desktop/mogi_ws/build/ros2_tutorials_py/prefix_override:/usr/lib/python3/dist-packages/colcon_core/task/python/colcon_distutils_commands:/home/lenovo/Desktop/mogi_ws/install/ros2_tutorials_py/lib/python3.12/site-packages:${PYTHONPATH} /usr/bin/python3 -W ignore:setup.py install is deprecated -W ignore:easy_install command is deprecated setup.py egg_info --egg-base ../../build/ros2_tutorials_py build --build-base /home/lenovo/Desktop/mogi_ws/build/ros2_tutorials_py/build install --record /home/lenovo/Desktop/mogi_ws/build/ros2_tutorials_py/install.log --single-version-externally-managed install_data
[0.986s] running egg_info
[1.002s] writing ../../build/ros2_tutorials_py/ros2_tutorials_py.egg-info/PKG-INFO
[1.002s] writing dependency_links to ../../build/ros2_tutorials_py/ros2_tutorials_py.egg-info/dependency_links.txt
[1.003s] writing entry points to ../../build/ros2_tutorials_py/ros2_tutorials_py.egg-info/entry_points.txt
[1.003s] writing requirements to ../../build/ros2_tutorials_py/ros2_tutorials_py.egg-info/requires.txt
[1.003s] writing top-level names to ../../build/ros2_tutorials_py/ros2_tutorials_py.egg-info/top_level.txt
[1.035s] reading manifest file '../../build/ros2_tutorials_py/ros2_tutorials_py.egg-info/SOURCES.txt'
[1.036s] writing manifest file '../../build/ros2_tutorials_py/ros2_tutorials_py.egg-info/SOURCES.txt'
[1.036s] running build
[1.036s] running build_py
[1.036s] copying ros2_tutorials_py/subscriber.py -> /home/lenovo/Desktop/mogi_ws/build/ros2_tutorials_py/build/lib/ros2_tutorials_py
[1.036s] copying ros2_tutorials_py/publisher.py -> /home/lenovo/Desktop/mogi_ws/build/ros2_tutorials_py/build/lib/ros2_tutorials_py
[1.036s] running install
[1.041s] running install_lib
[1.053s] copying /home/lenovo/Desktop/mogi_ws/build/ros2_tutorials_py/build/lib/ros2_tutorials_py/subscriber.py -> /home/lenovo/Desktop/mogi_ws/install/ros2_tutorials_py/lib/python3.12/site-packages/ros2_tutorials_py
[1.053s] copying /home/lenovo/Desktop/mogi_ws/build/ros2_tutorials_py/build/lib/ros2_tutorials_py/publisher.py -> /home/lenovo/Desktop/mogi_ws/install/ros2_tutorials_py/lib/python3.12/site-packages/ros2_tutorials_py
[1.054s] byte-compiling /home/lenovo/Desktop/mogi_ws/install/ros2_tutorials_py/lib/python3.12/site-packages/ros2_tutorials_py/subscriber.py to subscriber.cpython-312.pyc
[1.054s] byte-compiling /home/lenovo/Desktop/mogi_ws/install/ros2_tutorials_py/lib/python3.12/site-packages/ros2_tutorials_py/publisher.py to publisher.cpython-312.pyc
[1.054s] running install_data
[1.055s] running install_egg_info
[1.069s] removing '/home/lenovo/Desktop/mogi_ws/install/ros2_tutorials_py/lib/python3.12/site-packages/ros2_tutorials_py-0.0.0-py3.12.egg-info' (and everything under it)
[1.069s] Copying ../../build/ros2_tutorials_py/ros2_tutorials_py.egg-info to /home/lenovo/Desktop/mogi_ws/install/ros2_tutorials_py/lib/python3.12/site-packages/ros2_tutorials_py-0.0.0-py3.12.egg-info
[1.069s] running install_scripts
[1.168s] Installing publisher_py script to /home/lenovo/Desktop/mogi_ws/install/ros2_tutorials_py/lib/ros2_tutorials_py
[1.168s] Installing subscriber_py script to /home/lenovo/Desktop/mogi_ws/install/ros2_tutorials_py/lib/ros2_tutorials_py
[1.168s] writing list of installed files to '/home/lenovo/Desktop/mogi_ws/build/ros2_tutorials_py/install.log'
[1.224s] Invoked command in '/home/lenovo/Desktop/mogi_ws/src/ros2_tutorials_py' returned '0': DEBUGINFOD_URLS=https://debuginfod.ubuntu.com PYTHONPATH=/home/lenovo/Desktop/mogi_ws/build/ros2_tutorials_py/prefix_override:/usr/lib/python3/dist-packages/colcon_core/task/python/colcon_distutils_commands:/home/lenovo/Desktop/mogi_ws/install/ros2_tutorials_py/lib/python3.12/site-packages:${PYTHONPATH} /usr/bin/python3 -W ignore:setup.py install is deprecated -W ignore:easy_install command is deprecated setup.py egg_info --egg-base ../../build/ros2_tutorials_py build --build-base /home/lenovo/Desktop/mogi_ws/build/ros2_tutorials_py/build install --record /home/lenovo/Desktop/mogi_ws/build/ros2_tutorials_py/install.log --single-version-externally-managed install_data
