[0.137s] DEBUG:colcon:Command line arguments: ['/usr/bin/colcon', 'build']
[0.138s] DEBUG:colcon:Parsed command line arguments: Namespace(log_base=None, log_level=None, verb_name='build', build_base='build', install_base='install', merge_install=False, symlink_install=False, test_result_base=None, continue_on_error=False, executor='parallel', parallel_workers=12, event_handlers=None, ignore_user_meta=False, metas=['./colcon.meta'], base_paths=['.'], packages_ignore=None, packages_ignore_regex=None, paths=None, packages_up_to=None, packages_up_to_regex=None, packages_above=None, packages_above_and_dependencies=None, packages_above_depth=None, packages_select_by_dep=None, packages_skip_by_dep=None, packages_skip_up_to=None, packages_select_build_failed=False, packages_skip_build_finished=False, packages_select_test_failures=False, packages_skip_test_passed=False, packages_select=None, packages_skip=None, packages_select_regex=None, packages_skip_regex=None, packages_start=None, packages_end=None, allow_overriding=[], cmake_args=None, cmake_target=None, cmake_target_skip_unavailable=False, cmake_clean_cache=False, cmake_clean_first=False, cmake_force_configure=False, ament_cmake_args=None, catkin_cmake_args=None, catkin_skip_building_tests=False, mixin_files=None, mixin=None, verb_parser=<colcon_mixin.mixin.mixin_argument.MixinArgumentDecorator object at 0x7f6151390680>, verb_extension=<colcon_core.verb.build.BuildVerb object at 0x7f61514045f0>, main=<bound method BuildVerb.main of <colcon_core.verb.build.BuildVerb object at 0x7f61514045f0>>, mixin_verb=('build',))
[0.199s] Level 1:colcon.colcon_core.package_discovery:discover_packages(colcon_meta) check parameters
[0.199s] Level 1:colcon.colcon_core.package_discovery:discover_packages(recursive) check parameters
[0.199s] Level 1:colcon.colcon_core.package_discovery:discover_packages(ignore) check parameters
[0.199s] Level 1:colcon.colcon_core.package_discovery:discover_packages(path) check parameters
[0.199s] Level 1:colcon.colcon_core.package_discovery:discover_packages(colcon_meta) discover
[0.200s] Level 1:colcon.colcon_core.package_discovery:discover_packages(recursive) discover
[0.200s] INFO:colcon.colcon_core.package_discovery:Crawling recursively for packages in '/home/lenovo/Desktop/mogi_ws'
[0.200s] Level 1:colcon.colcon_core.package_identification:_identify(.) by extensions ['ignore', 'ignore_ament_install']
[0.200s] Level 1:colcon.colcon_core.package_identification:_identify(.) by extension 'ignore'
[0.200s] Level 1:colcon.colcon_core.package_identification:_identify(.) by extension 'ignore_ament_install'
[0.200s] Level 1:colcon.colcon_core.package_identification:_identify(.) by extensions ['colcon_pkg']
[0.200s] Level 1:colcon.colcon_core.package_identification:_identify(.) by extension 'colcon_pkg'
[0.200s] Level 1:colcon.colcon_core.package_identification:_identify(.) by extensions ['colcon_meta']
[0.200s] Level 1:colcon.colcon_core.package_identification:_identify(.) by extension 'colcon_meta'
[0.200s] Level 1:colcon.colcon_core.package_identification:_identify(.) by extensions ['ros']
[0.201s] Level 1:colcon.colcon_core.package_identification:_identify(.) by extension 'ros'
[0.250s] Level 1:colcon.colcon_core.package_identification:_identify(.) by extensions ['cmake', 'python']
[0.251s] Level 1:colcon.colcon_core.package_identification:_identify(.) by extension 'cmake'
[0.251s] Level 1:colcon.colcon_core.package_identification:_identify(.) by extension 'python'
[0.251s] Level 1:colcon.colcon_core.package_identification:_identify(.) by extensions ['python_setup_py']
[0.251s] Level 1:colcon.colcon_core.package_identification:_identify(.) by extension 'python_setup_py'
[0.251s] Level 1:colcon.colcon_core.package_identification:_identify(build) by extensions ['ignore', 'ignore_ament_install']
[0.251s] Level 1:colcon.colcon_core.package_identification:_identify(build) by extension 'ignore'
[0.251s] Level 1:colcon.colcon_core.package_identification:_identify(build) ignored
[0.252s] Level 1:colcon.colcon_core.package_identification:_identify(install) by extensions ['ignore', 'ignore_ament_install']
[0.252s] Level 1:colcon.colcon_core.package_identification:_identify(install) by extension 'ignore'
[0.252s] Level 1:colcon.colcon_core.package_identification:_identify(install) ignored
[0.252s] Level 1:colcon.colcon_core.package_identification:_identify(log) by extensions ['ignore', 'ignore_ament_install']
[0.252s] Level 1:colcon.colcon_core.package_identification:_identify(log) by extension 'ignore'
[0.252s] Level 1:colcon.colcon_core.package_identification:_identify(log) ignored
[0.252s] Level 1:colcon.colcon_core.package_identification:_identify(src) by extensions ['ignore', 'ignore_ament_install']
[0.253s] Level 1:colcon.colcon_core.package_identification:_identify(src) by extension 'ignore'
[0.253s] Level 1:colcon.colcon_core.package_identification:_identify(src) by extension 'ignore_ament_install'
[0.253s] Level 1:colcon.colcon_core.package_identification:_identify(src) by extensions ['colcon_pkg']
[0.253s] Level 1:colcon.colcon_core.package_identification:_identify(src) by extension 'colcon_pkg'
[0.253s] Level 1:colcon.colcon_core.package_identification:_identify(src) by extensions ['colcon_meta']
[0.253s] Level 1:colcon.colcon_core.package_identification:_identify(src) by extension 'colcon_meta'
[0.253s] Level 1:colcon.colcon_core.package_identification:_identify(src) by extensions ['ros']
[0.253s] Level 1:colcon.colcon_core.package_identification:_identify(src) by extension 'ros'
[0.253s] Level 1:colcon.colcon_core.package_identification:_identify(src) by extensions ['cmake', 'python']
[0.253s] Level 1:colcon.colcon_core.package_identification:_identify(src) by extension 'cmake'
[0.253s] Level 1:colcon.colcon_core.package_identification:_identify(src) by extension 'python'
[0.253s] Level 1:colcon.colcon_core.package_identification:_identify(src) by extensions ['python_setup_py']
[0.253s] Level 1:colcon.colcon_core.package_identification:_identify(src) by extension 'python_setup_py'
[0.253s] Level 1:colcon.colcon_core.package_identification:_identify(src/ros2_tutorials_bringup) by extensions ['ignore', 'ignore_ament_install']
[0.254s] Level 1:colcon.colcon_core.package_identification:_identify(src/ros2_tutorials_bringup) by extension 'ignore'
[0.254s] Level 1:colcon.colcon_core.package_identification:_identify(src/ros2_tutorials_bringup) by extension 'ignore_ament_install'
[0.254s] Level 1:colcon.colcon_core.package_identification:_identify(src/ros2_tutorials_bringup) by extensions ['colcon_pkg']
[0.254s] Level 1:colcon.colcon_core.package_identification:_identify(src/ros2_tutorials_bringup) by extension 'colcon_pkg'
[0.254s] Level 1:colcon.colcon_core.package_identification:_identify(src/ros2_tutorials_bringup) by extensions ['colcon_meta']
[0.254s] Level 1:colcon.colcon_core.package_identification:_identify(src/ros2_tutorials_bringup) by extension 'colcon_meta'
[0.254s] Level 1:colcon.colcon_core.package_identification:_identify(src/ros2_tutorials_bringup) by extensions ['ros']
[0.254s] Level 1:colcon.colcon_core.package_identification:_identify(src/ros2_tutorials_bringup) by extension 'ros'
[0.259s] DEBUG:colcon.colcon_core.package_identification:Package 'src/ros2_tutorials_bringup' with type 'ros.ament_cmake' and name 'ros2_tutorials_bringup'
[0.259s] Level 1:colcon.colcon_core.package_identification:_identify(src/ros2_tutorials_cpp) by extensions ['ignore', 'ignore_ament_install']
[0.259s] Level 1:colcon.colcon_core.package_identification:_identify(src/ros2_tutorials_cpp) by extension 'ignore'
[0.259s] Level 1:colcon.colcon_core.package_identification:_identify(src/ros2_tutorials_cpp) by extension 'ignore_ament_install'
[0.259s] Level 1:colcon.colcon_core.package_identification:_identify(src/ros2_tutorials_cpp) by extensions ['colcon_pkg']
[0.259s] Level 1:colcon.colcon_core.package_identification:_identify(src/ros2_tutorials_cpp) by extension 'colcon_pkg'
[0.259s] Level 1:colcon.colcon_core.package_identification:_identify(src/ros2_tutorials_cpp) by extensions ['colcon_meta']
[0.259s] Level 1:colcon.colcon_core.package_identification:_identify(src/ros2_tutorials_cpp) by extension 'colcon_meta'
[0.259s] Level 1:colcon.colcon_core.package_identification:_identify(src/ros2_tutorials_cpp) by extensions ['ros']
[0.259s] Level 1:colcon.colcon_core.package_identification:_identify(src/ros2_tutorials_cpp) by extension 'ros'
[0.261s] DEBUG:colcon.colcon_core.package_identification:Package 'src/ros2_tutorials_cpp' with type 'ros.ament_cmake' and name 'ros2_tutorials_cpp'
[0.261s] Level 1:colcon.colcon_core.package_identification:_identify(src/ros2_tutorials_interfaces) by extensions ['ignore', 'ignore_ament_install']
[0.261s] Level 1:colcon.colcon_core.package_identification:_identify(src/ros2_tutorials_interfaces) by extension 'ignore'
[0.261s] Level 1:colcon.colcon_core.package_identification:_identify(src/ros2_tutorials_interfaces) by extension 'ignore_ament_install'
[0.261s] Level 1:colcon.colcon_core.package_identification:_identify(src/ros2_tutorials_interfaces) by extensions ['colcon_pkg']
[0.261s] Level 1:colcon.colcon_core.package_identification:_identify(src/ros2_tutorials_interfaces) by extension 'colcon_pkg'
[0.261s] Level 1:colcon.colcon_core.package_identification:_identify(src/ros2_tutorials_interfaces) by extensions ['colcon_meta']
[0.261s] Level 1:colcon.colcon_core.package_identification:_identify(src/ros2_tutorials_interfaces) by extension 'colcon_meta'
[0.261s] Level 1:colcon.colcon_core.package_identification:_identify(src/ros2_tutorials_interfaces) by extensions ['ros']
[0.261s] Level 1:colcon.colcon_core.package_identification:_identify(src/ros2_tutorials_interfaces) by extension 'ros'
[0.262s] DEBUG:colcon.colcon_core.package_identification:Package 'src/ros2_tutorials_interfaces' with type 'ros.ament_cmake' and name 'ros2_tutorials_interfaces'
[0.262s] Level 1:colcon.colcon_core.package_identification:_identify(src/ros2_tutorials_py) by extensions ['ignore', 'ignore_ament_install']
[0.262s] Level 1:colcon.colcon_core.package_identification:_identify(src/ros2_tutorials_py) by extension 'ignore'
[0.262s] Level 1:colcon.colcon_core.package_identification:_identify(src/ros2_tutorials_py) by extension 'ignore_ament_install'
[0.262s] Level 1:colcon.colcon_core.package_identification:_identify(src/ros2_tutorials_py) by extensions ['colcon_pkg']
[0.263s] Level 1:colcon.colcon_core.package_identification:_identify(src/ros2_tutorials_py) by extension 'colcon_pkg'
[0.263s] Level 1:colcon.colcon_core.package_identification:_identify(src/ros2_tutorials_py) by extensions ['colcon_meta']
[0.263s] Level 1:colcon.colcon_core.package_identification:_identify(src/ros2_tutorials_py) by extension 'colcon_meta'
[0.263s] Level 1:colcon.colcon_core.package_identification:_identify(src/ros2_tutorials_py) by extensions ['ros']
[0.263s] Level 1:colcon.colcon_core.package_identification:_identify(src/ros2_tutorials_py) by extension 'ros'
[0.263s] DEBUG:colcon.colcon_core.package_identification:Package 'src/ros2_tutorials_py' with type 'ros.ament_python' and name 'ros2_tutorials_py'
[0.264s] Level 1:colcon.colcon_core.package_discovery:discover_packages(recursive) using defaults
[0.264s] Level 1:colcon.colcon_core.package_discovery:discover_packages(ignore) discover
[0.264s] Level 1:colcon.colcon_core.package_discovery:discover_packages(ignore) using defaults
[0.264s] Level 1:colcon.colcon_core.package_discovery:discover_packages(path) discover
[0.264s] Level 1:colcon.colcon_core.package_discovery:discover_packages(path) using defaults
[0.291s] Level 1:colcon.colcon_core.package_discovery:discover_packages(prefix_path) check parameters
[0.291s] Level 1:colcon.colcon_core.package_discovery:discover_packages(prefix_path) discover
[0.293s] DEBUG:colcon.colcon_installed_package_information.package_discovery:Found 4 installed packages in /home/lenovo/Desktop/mogi_ws/install
[0.294s] DEBUG:colcon.colcon_installed_package_information.package_discovery:Found 1 installed packages in /home/lenovo/Desktop/ws_camera/install
[0.294s] DEBUG:colcon.colcon_installed_package_information.package_discovery:Found 1 installed packages in /home/lenovo/Desktop/ros2_ws/install
[0.297s] DEBUG:colcon.colcon_installed_package_information.package_discovery:Found 361 installed packages in /opt/ros/jazzy
[0.298s] Level 1:colcon.colcon_core.package_discovery:discover_packages(prefix_path) using defaults
[0.354s] Level 5:colcon.colcon_core.verb:set package 'ros2_tutorials_bringup' build argument 'cmake_args' from command line to 'None'
[0.354s] Level 5:colcon.colcon_core.verb:set package 'ros2_tutorials_bringup' build argument 'cmake_target' from command line to 'None'
[0.354s] Level 5:colcon.colcon_core.verb:set package 'ros2_tutorials_bringup' build argument 'cmake_target_skip_unavailable' from command line to 'False'
[0.354s] Level 5:colcon.colcon_core.verb:set package 'ros2_tutorials_bringup' build argument 'cmake_clean_cache' from command line to 'False'
[0.354s] Level 5:colcon.colcon_core.verb:set package 'ros2_tutorials_bringup' build argument 'cmake_clean_first' from command line to 'False'
[0.354s] Level 5:colcon.colcon_core.verb:set package 'ros2_tutorials_bringup' build argument 'cmake_force_configure' from command line to 'False'
[0.354s] Level 5:colcon.colcon_core.verb:set package 'ros2_tutorials_bringup' build argument 'ament_cmake_args' from command line to 'None'
[0.354s] Level 5:colcon.colcon_core.verb:set package 'ros2_tutorials_bringup' build argument 'catkin_cmake_args' from command line to 'None'
[0.354s] Level 5:colcon.colcon_core.verb:set package 'ros2_tutorials_bringup' build argument 'catkin_skip_building_tests' from command line to 'False'
[0.354s] DEBUG:colcon.colcon_core.verb:Building package 'ros2_tutorials_bringup' with the following arguments: {'ament_cmake_args': None, 'build_base': '/home/lenovo/Desktop/mogi_ws/build/ros2_tutorials_bringup', 'catkin_cmake_args': None, 'catkin_skip_building_tests': False, 'cmake_args': None, 'cmake_clean_cache': False, 'cmake_clean_first': False, 'cmake_force_configure': False, 'cmake_target': None, 'cmake_target_skip_unavailable': False, 'install_base': '/home/lenovo/Desktop/mogi_ws/install/ros2_tutorials_bringup', 'merge_install': False, 'path': '/home/lenovo/Desktop/mogi_ws/src/ros2_tutorials_bringup', 'symlink_install': False, 'test_result_base': None}
[0.355s] Level 5:colcon.colcon_core.verb:set package 'ros2_tutorials_cpp' build argument 'cmake_args' from command line to 'None'
[0.355s] Level 5:colcon.colcon_core.verb:set package 'ros2_tutorials_cpp' build argument 'cmake_target' from command line to 'None'
[0.355s] Level 5:colcon.colcon_core.verb:set package 'ros2_tutorials_cpp' build argument 'cmake_target_skip_unavailable' from command line to 'False'
[0.355s] Level 5:colcon.colcon_core.verb:set package 'ros2_tutorials_cpp' build argument 'cmake_clean_cache' from command line to 'False'
[0.355s] Level 5:colcon.colcon_core.verb:set package 'ros2_tutorials_cpp' build argument 'cmake_clean_first' from command line to 'False'
[0.355s] Level 5:colcon.colcon_core.verb:set package 'ros2_tutorials_cpp' build argument 'cmake_force_configure' from command line to 'False'
[0.355s] Level 5:colcon.colcon_core.verb:set package 'ros2_tutorials_cpp' build argument 'ament_cmake_args' from command line to 'None'
[0.355s] Level 5:colcon.colcon_core.verb:set package 'ros2_tutorials_cpp' build argument 'catkin_cmake_args' from command line to 'None'
[0.355s] Level 5:colcon.colcon_core.verb:set package 'ros2_tutorials_cpp' build argument 'catkin_skip_building_tests' from command line to 'False'
[0.355s] DEBUG:colcon.colcon_core.verb:Building package 'ros2_tutorials_cpp' with the following arguments: {'ament_cmake_args': None, 'build_base': '/home/lenovo/Desktop/mogi_ws/build/ros2_tutorials_cpp', 'catkin_cmake_args': None, 'catkin_skip_building_tests': False, 'cmake_args': None, 'cmake_clean_cache': False, 'cmake_clean_first': False, 'cmake_force_configure': False, 'cmake_target': None, 'cmake_target_skip_unavailable': False, 'install_base': '/home/lenovo/Desktop/mogi_ws/install/ros2_tutorials_cpp', 'merge_install': False, 'path': '/home/lenovo/Desktop/mogi_ws/src/ros2_tutorials_cpp', 'symlink_install': False, 'test_result_base': None}
[0.355s] Level 5:colcon.colcon_core.verb:set package 'ros2_tutorials_interfaces' build argument 'cmake_args' from command line to 'None'
[0.355s] Level 5:colcon.colcon_core.verb:set package 'ros2_tutorials_interfaces' build argument 'cmake_target' from command line to 'None'
[0.355s] Level 5:colcon.colcon_core.verb:set package 'ros2_tutorials_interfaces' build argument 'cmake_target_skip_unavailable' from command line to 'False'
[0.355s] Level 5:colcon.colcon_core.verb:set package 'ros2_tutorials_interfaces' build argument 'cmake_clean_cache' from command line to 'False'
[0.355s] Level 5:colcon.colcon_core.verb:set package 'ros2_tutorials_interfaces' build argument 'cmake_clean_first' from command line to 'False'
[0.355s] Level 5:colcon.colcon_core.verb:set package 'ros2_tutorials_interfaces' build argument 'cmake_force_configure' from command line to 'False'
[0.355s] Level 5:colcon.colcon_core.verb:set package 'ros2_tutorials_interfaces' build argument 'ament_cmake_args' from command line to 'None'
[0.355s] Level 5:colcon.colcon_core.verb:set package 'ros2_tutorials_interfaces' build argument 'catkin_cmake_args' from command line to 'None'
[0.355s] Level 5:colcon.colcon_core.verb:set package 'ros2_tutorials_interfaces' build argument 'catkin_skip_building_tests' from command line to 'False'
[0.355s] DEBUG:colcon.colcon_core.verb:Building package 'ros2_tutorials_interfaces' with the following arguments: {'ament_cmake_args': None, 'build_base': '/home/lenovo/Desktop/mogi_ws/build/ros2_tutorials_interfaces', 'catkin_cmake_args': None, 'catkin_skip_building_tests': False, 'cmake_args': None, 'cmake_clean_cache': False, 'cmake_clean_first': False, 'cmake_force_configure': False, 'cmake_target': None, 'cmake_target_skip_unavailable': False, 'install_base': '/home/lenovo/Desktop/mogi_ws/install/ros2_tutorials_interfaces', 'merge_install': False, 'path': '/home/lenovo/Desktop/mogi_ws/src/ros2_tutorials_interfaces', 'symlink_install': False, 'test_result_base': None}
[0.356s] Level 5:colcon.colcon_core.verb:set package 'ros2_tutorials_py' build argument 'cmake_args' from command line to 'None'
[0.356s] Level 5:colcon.colcon_core.verb:set package 'ros2_tutorials_py' build argument 'cmake_target' from command line to 'None'
[0.356s] Level 5:colcon.colcon_core.verb:set package 'ros2_tutorials_py' build argument 'cmake_target_skip_unavailable' from command line to 'False'
[0.356s] Level 5:colcon.colcon_core.verb:set package 'ros2_tutorials_py' build argument 'cmake_clean_cache' from command line to 'False'
[0.356s] Level 5:colcon.colcon_core.verb:set package 'ros2_tutorials_py' build argument 'cmake_clean_first' from command line to 'False'
[0.356s] Level 5:colcon.colcon_core.verb:set package 'ros2_tutorials_py' build argument 'cmake_force_configure' from command line to 'False'
[0.356s] Level 5:colcon.colcon_core.verb:set package 'ros2_tutorials_py' build argument 'ament_cmake_args' from command line to 'None'
[0.356s] Level 5:colcon.colcon_core.verb:set package 'ros2_tutorials_py' build argument 'catkin_cmake_args' from command line to 'None'
[0.356s] Level 5:colcon.colcon_core.verb:set package 'ros2_tutorials_py' build argument 'catkin_skip_building_tests' from command line to 'False'
[0.356s] DEBUG:colcon.colcon_core.verb:Building package 'ros2_tutorials_py' with the following arguments: {'ament_cmake_args': None, 'build_base': '/home/lenovo/Desktop/mogi_ws/build/ros2_tutorials_py', 'catkin_cmake_args': None, 'catkin_skip_building_tests': False, 'cmake_args': None, 'cmake_clean_cache': False, 'cmake_clean_first': False, 'cmake_force_configure': False, 'cmake_target': None, 'cmake_target_skip_unavailable': False, 'install_base': '/home/lenovo/Desktop/mogi_ws/install/ros2_tutorials_py', 'merge_install': False, 'path': '/home/lenovo/Desktop/mogi_ws/src/ros2_tutorials_py', 'symlink_install': False, 'test_result_base': None}
[0.356s] INFO:colcon.colcon_core.executor:Executing jobs using 'parallel' executor
[0.357s] DEBUG:colcon.colcon_parallel_executor.executor.parallel:run_until_complete
[0.358s] INFO:colcon.colcon_ros.task.ament_cmake.build:Building ROS package in '/home/lenovo/Desktop/mogi_ws/src/ros2_tutorials_bringup' with build type 'ament_cmake'
[0.358s] INFO:colcon.colcon_cmake.task.cmake.build:Building CMake package in '/home/lenovo/Desktop/mogi_ws/src/ros2_tutorials_bringup'
[0.363s] INFO:colcon.colcon_core.plugin_system:Skipping extension 'colcon_core.shell.bat': Not used on non-Windows systems
[0.364s] INFO:colcon.colcon_core.shell:Skip shell extension 'powershell' for command environment: Not usable outside of PowerShell
[0.364s] DEBUG:colcon.colcon_core.shell:Skip shell extension 'dsv' for command environment
[0.376s] INFO:colcon.colcon_ros.task.ament_cmake.build:Building ROS package in '/home/lenovo/Desktop/mogi_ws/src/ros2_tutorials_cpp' with build type 'ament_cmake'
[0.377s] INFO:colcon.colcon_cmake.task.cmake.build:Building CMake package in '/home/lenovo/Desktop/mogi_ws/src/ros2_tutorials_cpp'
[0.377s] INFO:colcon.colcon_core.shell:Skip shell extension 'powershell' for command environment: Not usable outside of PowerShell
[0.377s] DEBUG:colcon.colcon_core.shell:Skip shell extension 'dsv' for command environment
[0.390s] INFO:colcon.colcon_ros.task.ament_cmake.build:Building ROS package in '/home/lenovo/Desktop/mogi_ws/src/ros2_tutorials_interfaces' with build type 'ament_cmake'
[0.390s] INFO:colcon.colcon_cmake.task.cmake.build:Building CMake package in '/home/lenovo/Desktop/mogi_ws/src/ros2_tutorials_interfaces'
[0.391s] INFO:colcon.colcon_core.shell:Skip shell extension 'powershell' for command environment: Not usable outside of PowerShell
[0.391s] DEBUG:colcon.colcon_core.shell:Skip shell extension 'dsv' for command environment
[0.399s] INFO:colcon.colcon_ros.task.ament_python.build:Building ROS package in '/home/lenovo/Desktop/mogi_ws/src/ros2_tutorials_py' with build type 'ament_python'
[0.400s] Level 1:colcon.colcon_core.shell:create_environment_hook('ros2_tutorials_py', 'ament_prefix_path')
[0.400s] INFO:colcon.colcon_core.shell:Creating environment hook '/home/lenovo/Desktop/mogi_ws/install/ros2_tutorials_py/share/ros2_tutorials_py/hook/ament_prefix_path.ps1'
[0.403s] INFO:colcon.colcon_core.shell:Creating environment descriptor '/home/lenovo/Desktop/mogi_ws/install/ros2_tutorials_py/share/ros2_tutorials_py/hook/ament_prefix_path.dsv'
[0.404s] INFO:colcon.colcon_core.shell:Creating environment hook '/home/lenovo/Desktop/mogi_ws/install/ros2_tutorials_py/share/ros2_tutorials_py/hook/ament_prefix_path.sh'
[0.406s] INFO:colcon.colcon_core.shell:Skip shell extension 'powershell' for command environment: Not usable outside of PowerShell
[0.406s] DEBUG:colcon.colcon_core.shell:Skip shell extension 'dsv' for command environment
[0.442s] DEBUG:colcon.colcon_core.event_handler.log_command:Invoking command in '/home/lenovo/Desktop/mogi_ws/build/ros2_tutorials_bringup': CMAKE_PREFIX_PATH=${CMAKE_PREFIX_PATH}:/home/lenovo/Desktop/mogi_ws/install/ros2_tutorials_py:/home/lenovo/Desktop/ws_camera/install/ros2_opencv:/home/lenovo/Desktop/ros2_ws/install/my_py_pkg:/opt/ros/jazzy DEBUGINFOD_URLS=https://debuginfod.ubuntu.com /usr/bin/cmake --build /home/lenovo/Desktop/mogi_ws/build/ros2_tutorials_bringup -- -j12 -l12
[0.451s] DEBUG:colcon.colcon_core.event_handler.log_command:Invoking command in '/home/lenovo/Desktop/mogi_ws/build/ros2_tutorials_cpp': CMAKE_PREFIX_PATH=${CMAKE_PREFIX_PATH}:/home/lenovo/Desktop/mogi_ws/install/ros2_tutorials_py:/home/lenovo/Desktop/ws_camera/install/ros2_opencv:/home/lenovo/Desktop/ros2_ws/install/my_py_pkg:/opt/ros/jazzy DEBUGINFOD_URLS=https://debuginfod.ubuntu.com /usr/bin/cmake --build /home/lenovo/Desktop/mogi_ws/build/ros2_tutorials_cpp -- -j12 -l12
[0.459s] DEBUG:colcon.colcon_core.event_handler.log_command:Invoking command in '/home/lenovo/Desktop/mogi_ws/build/ros2_tutorials_interfaces': CMAKE_PREFIX_PATH=${CMAKE_PREFIX_PATH}:/home/lenovo/Desktop/mogi_ws/install/ros2_tutorials_py:/home/lenovo/Desktop/ws_camera/install/ros2_opencv:/home/lenovo/Desktop/ros2_ws/install/my_py_pkg:/opt/ros/jazzy DEBUGINFOD_URLS=https://debuginfod.ubuntu.com /usr/bin/cmake --build /home/lenovo/Desktop/mogi_ws/build/ros2_tutorials_interfaces -- -j12 -l12
[1.025s] INFO:colcon.colcon_core.task.python.build:Building Python package in '/home/lenovo/Desktop/mogi_ws/src/ros2_tutorials_py'
[1.025s] INFO:colcon.colcon_core.shell:Skip shell extension 'powershell' for command environment: Not usable outside of PowerShell
[1.025s] DEBUG:colcon.colcon_core.shell:Skip shell extension 'dsv' for command environment
[1.036s] DEBUG:colcon.colcon_core.event_handler.log_command:Invoked command in '/home/lenovo/Desktop/mogi_ws/build/ros2_tutorials_cpp' returned '0': CMAKE_PREFIX_PATH=${CMAKE_PREFIX_PATH}:/home/lenovo/Desktop/mogi_ws/install/ros2_tutorials_py:/home/lenovo/Desktop/ws_camera/install/ros2_opencv:/home/lenovo/Desktop/ros2_ws/install/my_py_pkg:/opt/ros/jazzy DEBUGINFOD_URLS=https://debuginfod.ubuntu.com /usr/bin/cmake --build /home/lenovo/Desktop/mogi_ws/build/ros2_tutorials_cpp -- -j12 -l12
[1.056s] DEBUG:colcon.colcon_core.event_handler.log_command:Invoking command in '/home/lenovo/Desktop/mogi_ws/build/ros2_tutorials_cpp': CMAKE_PREFIX_PATH=${CMAKE_PREFIX_PATH}:/home/lenovo/Desktop/mogi_ws/install/ros2_tutorials_py:/home/lenovo/Desktop/ws_camera/install/ros2_opencv:/home/lenovo/Desktop/ros2_ws/install/my_py_pkg:/opt/ros/jazzy DEBUGINFOD_URLS=https://debuginfod.ubuntu.com /usr/bin/cmake --install /home/lenovo/Desktop/mogi_ws/build/ros2_tutorials_cpp
[1.058s] DEBUG:colcon.colcon_core.event_handler.log_command:Invoked command in '/home/lenovo/Desktop/mogi_ws/build/ros2_tutorials_bringup' returned '0': CMAKE_PREFIX_PATH=${CMAKE_PREFIX_PATH}:/home/lenovo/Desktop/mogi_ws/install/ros2_tutorials_py:/home/lenovo/Desktop/ws_camera/install/ros2_opencv:/home/lenovo/Desktop/ros2_ws/install/my_py_pkg:/opt/ros/jazzy DEBUGINFOD_URLS=https://debuginfod.ubuntu.com /usr/bin/cmake --build /home/lenovo/Desktop/mogi_ws/build/ros2_tutorials_bringup -- -j12 -l12
[1.060s] DEBUG:colcon.colcon_core.event_handler.log_command:Invoking command in '/home/lenovo/Desktop/mogi_ws/build/ros2_tutorials_bringup': CMAKE_PREFIX_PATH=${CMAKE_PREFIX_PATH}:/home/lenovo/Desktop/mogi_ws/install/ros2_tutorials_py:/home/lenovo/Desktop/ws_camera/install/ros2_opencv:/home/lenovo/Desktop/ros2_ws/install/my_py_pkg:/opt/ros/jazzy DEBUGINFOD_URLS=https://debuginfod.ubuntu.com /usr/bin/cmake --install /home/lenovo/Desktop/mogi_ws/build/ros2_tutorials_bringup
[1.082s] Level 1:colcon.colcon_core.environment:create_environment_scripts_only(ros2_tutorials_cpp)
[1.083s] DEBUG:colcon.colcon_core.event_handler.log_command:Invoked command in '/home/lenovo/Desktop/mogi_ws/build/ros2_tutorials_cpp' returned '0': CMAKE_PREFIX_PATH=${CMAKE_PREFIX_PATH}:/home/lenovo/Desktop/mogi_ws/install/ros2_tutorials_py:/home/lenovo/Desktop/ws_camera/install/ros2_opencv:/home/lenovo/Desktop/ros2_ws/install/my_py_pkg:/opt/ros/jazzy DEBUGINFOD_URLS=https://debuginfod.ubuntu.com /usr/bin/cmake --install /home/lenovo/Desktop/mogi_ws/build/ros2_tutorials_cpp
[1.095s] Level 1:colcon.colcon_core.environment:checking '/home/lenovo/Desktop/mogi_ws/install/ros2_tutorials_cpp' for CMake module files
[1.097s] Level 1:colcon.colcon_core.environment:checking '/home/lenovo/Desktop/mogi_ws/install/ros2_tutorials_cpp' for CMake config files
[1.098s] Level 1:colcon.colcon_core.shell:create_environment_hook('ros2_tutorials_cpp', 'cmake_prefix_path')
[1.098s] INFO:colcon.colcon_core.shell:Creating environment hook '/home/lenovo/Desktop/mogi_ws/install/ros2_tutorials_cpp/share/ros2_tutorials_cpp/hook/cmake_prefix_path.ps1'
[1.099s] INFO:colcon.colcon_core.shell:Creating environment descriptor '/home/lenovo/Desktop/mogi_ws/install/ros2_tutorials_cpp/share/ros2_tutorials_cpp/hook/cmake_prefix_path.dsv'
[1.100s] INFO:colcon.colcon_core.shell:Creating environment hook '/home/lenovo/Desktop/mogi_ws/install/ros2_tutorials_cpp/share/ros2_tutorials_cpp/hook/cmake_prefix_path.sh'
[1.101s] Level 1:colcon.colcon_core.environment:checking '/home/lenovo/Desktop/mogi_ws/install/ros2_tutorials_cpp/lib'
[1.101s] Level 1:colcon.colcon_core.environment:checking '/home/lenovo/Desktop/mogi_ws/install/ros2_tutorials_cpp/bin'
[1.101s] Level 1:colcon.colcon_core.environment:checking '/home/lenovo/Desktop/mogi_ws/install/ros2_tutorials_cpp/lib/pkgconfig/ros2_tutorials_cpp.pc'
[1.102s] Level 1:colcon.colcon_core.environment:checking '/home/lenovo/Desktop/mogi_ws/install/ros2_tutorials_cpp/lib/python3.12/site-packages'
[1.102s] Level 1:colcon.colcon_core.environment:checking '/home/lenovo/Desktop/mogi_ws/install/ros2_tutorials_cpp/bin'
[1.103s] INFO:colcon.colcon_core.shell:Creating package script '/home/lenovo/Desktop/mogi_ws/install/ros2_tutorials_cpp/share/ros2_tutorials_cpp/package.ps1'
[1.104s] INFO:colcon.colcon_core.shell:Creating package descriptor '/home/lenovo/Desktop/mogi_ws/install/ros2_tutorials_cpp/share/ros2_tutorials_cpp/package.dsv'
[1.105s] INFO:colcon.colcon_core.shell:Creating package script '/home/lenovo/Desktop/mogi_ws/install/ros2_tutorials_cpp/share/ros2_tutorials_cpp/package.sh'
[1.106s] INFO:colcon.colcon_core.shell:Creating package script '/home/lenovo/Desktop/mogi_ws/install/ros2_tutorials_cpp/share/ros2_tutorials_cpp/package.bash'
[1.107s] INFO:colcon.colcon_core.shell:Creating package script '/home/lenovo/Desktop/mogi_ws/install/ros2_tutorials_cpp/share/ros2_tutorials_cpp/package.zsh'
[1.108s] Level 1:colcon.colcon_core.environment:create_file_with_runtime_dependencies(/home/lenovo/Desktop/mogi_ws/install/ros2_tutorials_cpp/share/colcon-core/packages/ros2_tutorials_cpp)
[1.109s] Level 1:colcon.colcon_core.environment:create_environment_scripts_only(ros2_tutorials_cpp)
[1.110s] Level 1:colcon.colcon_core.environment:checking '/home/lenovo/Desktop/mogi_ws/install/ros2_tutorials_cpp' for CMake module files
[1.111s] Level 1:colcon.colcon_core.environment:checking '/home/lenovo/Desktop/mogi_ws/install/ros2_tutorials_cpp' for CMake config files
[1.112s] Level 1:colcon.colcon_core.shell:create_environment_hook('ros2_tutorials_cpp', 'cmake_prefix_path')
[1.112s] INFO:colcon.colcon_core.shell:Creating environment hook '/home/lenovo/Desktop/mogi_ws/install/ros2_tutorials_cpp/share/ros2_tutorials_cpp/hook/cmake_prefix_path.ps1'
[1.113s] INFO:colcon.colcon_core.shell:Creating environment descriptor '/home/lenovo/Desktop/mogi_ws/install/ros2_tutorials_cpp/share/ros2_tutorials_cpp/hook/cmake_prefix_path.dsv'
[1.113s] INFO:colcon.colcon_core.shell:Creating environment hook '/home/lenovo/Desktop/mogi_ws/install/ros2_tutorials_cpp/share/ros2_tutorials_cpp/hook/cmake_prefix_path.sh'
[1.115s] Level 1:colcon.colcon_core.environment:checking '/home/lenovo/Desktop/mogi_ws/install/ros2_tutorials_cpp/lib'
[1.115s] Level 1:colcon.colcon_core.environment:checking '/home/lenovo/Desktop/mogi_ws/install/ros2_tutorials_cpp/bin'
[1.115s] Level 1:colcon.colcon_core.environment:checking '/home/lenovo/Desktop/mogi_ws/install/ros2_tutorials_cpp/lib/pkgconfig/ros2_tutorials_cpp.pc'
[1.116s] Level 1:colcon.colcon_core.environment:checking '/home/lenovo/Desktop/mogi_ws/install/ros2_tutorials_cpp/lib/python3.12/site-packages'
[1.116s] Level 1:colcon.colcon_core.environment:checking '/home/lenovo/Desktop/mogi_ws/install/ros2_tutorials_cpp/bin'
[1.117s] INFO:colcon.colcon_core.shell:Creating package script '/home/lenovo/Desktop/mogi_ws/install/ros2_tutorials_cpp/share/ros2_tutorials_cpp/package.ps1'
[1.118s] INFO:colcon.colcon_core.shell:Creating package descriptor '/home/lenovo/Desktop/mogi_ws/install/ros2_tutorials_cpp/share/ros2_tutorials_cpp/package.dsv'
[1.119s] INFO:colcon.colcon_core.shell:Creating package script '/home/lenovo/Desktop/mogi_ws/install/ros2_tutorials_cpp/share/ros2_tutorials_cpp/package.sh'
[1.119s] INFO:colcon.colcon_core.shell:Creating package script '/home/lenovo/Desktop/mogi_ws/install/ros2_tutorials_cpp/share/ros2_tutorials_cpp/package.bash'
[1.120s] INFO:colcon.colcon_core.shell:Creating package script '/home/lenovo/Desktop/mogi_ws/install/ros2_tutorials_cpp/share/ros2_tutorials_cpp/package.zsh'
[1.121s] Level 1:colcon.colcon_core.environment:create_file_with_runtime_dependencies(/home/lenovo/Desktop/mogi_ws/install/ros2_tutorials_cpp/share/colcon-core/packages/ros2_tutorials_cpp)
[1.123s] Level 1:colcon.colcon_core.environment:create_environment_scripts_only(ros2_tutorials_bringup)
[1.123s] Level 1:colcon.colcon_core.environment:checking '/home/lenovo/Desktop/mogi_ws/install/ros2_tutorials_bringup' for CMake module files
[1.124s] DEBUG:colcon.colcon_core.event_handler.log_command:Invoked command in '/home/lenovo/Desktop/mogi_ws/build/ros2_tutorials_bringup' returned '0': CMAKE_PREFIX_PATH=${CMAKE_PREFIX_PATH}:/home/lenovo/Desktop/mogi_ws/install/ros2_tutorials_py:/home/lenovo/Desktop/ws_camera/install/ros2_opencv:/home/lenovo/Desktop/ros2_ws/install/my_py_pkg:/opt/ros/jazzy DEBUGINFOD_URLS=https://debuginfod.ubuntu.com /usr/bin/cmake --install /home/lenovo/Desktop/mogi_ws/build/ros2_tutorials_bringup
[1.125s] Level 1:colcon.colcon_core.environment:checking '/home/lenovo/Desktop/mogi_ws/install/ros2_tutorials_bringup' for CMake config files
[1.125s] Level 1:colcon.colcon_core.shell:create_environment_hook('ros2_tutorials_bringup', 'cmake_prefix_path')
[1.126s] INFO:colcon.colcon_core.shell:Creating environment hook '/home/lenovo/Desktop/mogi_ws/install/ros2_tutorials_bringup/share/ros2_tutorials_bringup/hook/cmake_prefix_path.ps1'
[1.127s] INFO:colcon.colcon_core.shell:Creating environment descriptor '/home/lenovo/Desktop/mogi_ws/install/ros2_tutorials_bringup/share/ros2_tutorials_bringup/hook/cmake_prefix_path.dsv'
[1.127s] INFO:colcon.colcon_core.shell:Creating environment hook '/home/lenovo/Desktop/mogi_ws/install/ros2_tutorials_bringup/share/ros2_tutorials_bringup/hook/cmake_prefix_path.sh'
[1.129s] Level 1:colcon.colcon_core.environment:checking '/home/lenovo/Desktop/mogi_ws/install/ros2_tutorials_bringup/bin'
[1.129s] Level 1:colcon.colcon_core.environment:checking '/home/lenovo/Desktop/mogi_ws/install/ros2_tutorials_bringup/lib/pkgconfig/ros2_tutorials_bringup.pc'
[1.129s] Level 1:colcon.colcon_core.environment:checking '/home/lenovo/Desktop/mogi_ws/install/ros2_tutorials_bringup/lib/python3.12/site-packages'
[1.130s] Level 1:colcon.colcon_core.environment:checking '/home/lenovo/Desktop/mogi_ws/install/ros2_tutorials_bringup/bin'
[1.130s] INFO:colcon.colcon_core.shell:Creating package script '/home/lenovo/Desktop/mogi_ws/install/ros2_tutorials_bringup/share/ros2_tutorials_bringup/package.ps1'
[1.132s] INFO:colcon.colcon_core.shell:Creating package descriptor '/home/lenovo/Desktop/mogi_ws/install/ros2_tutorials_bringup/share/ros2_tutorials_bringup/package.dsv'
[1.133s] INFO:colcon.colcon_core.shell:Creating package script '/home/lenovo/Desktop/mogi_ws/install/ros2_tutorials_bringup/share/ros2_tutorials_bringup/package.sh'
[1.133s] INFO:colcon.colcon_core.shell:Creating package script '/home/lenovo/Desktop/mogi_ws/install/ros2_tutorials_bringup/share/ros2_tutorials_bringup/package.bash'
[1.134s] INFO:colcon.colcon_core.shell:Creating package script '/home/lenovo/Desktop/mogi_ws/install/ros2_tutorials_bringup/share/ros2_tutorials_bringup/package.zsh'
[1.135s] Level 1:colcon.colcon_core.environment:create_file_with_runtime_dependencies(/home/lenovo/Desktop/mogi_ws/install/ros2_tutorials_bringup/share/colcon-core/packages/ros2_tutorials_bringup)
[1.136s] Level 1:colcon.colcon_core.environment:create_environment_scripts_only(ros2_tutorials_bringup)
[1.136s] Level 1:colcon.colcon_core.environment:checking '/home/lenovo/Desktop/mogi_ws/install/ros2_tutorials_bringup' for CMake module files
[1.137s] Level 1:colcon.colcon_core.environment:checking '/home/lenovo/Desktop/mogi_ws/install/ros2_tutorials_bringup' for CMake config files
[1.137s] Level 1:colcon.colcon_core.shell:create_environment_hook('ros2_tutorials_bringup', 'cmake_prefix_path')
[1.138s] INFO:colcon.colcon_core.shell:Creating environment hook '/home/lenovo/Desktop/mogi_ws/install/ros2_tutorials_bringup/share/ros2_tutorials_bringup/hook/cmake_prefix_path.ps1'
[1.139s] INFO:colcon.colcon_core.shell:Creating environment descriptor '/home/lenovo/Desktop/mogi_ws/install/ros2_tutorials_bringup/share/ros2_tutorials_bringup/hook/cmake_prefix_path.dsv'
[1.139s] INFO:colcon.colcon_core.shell:Creating environment hook '/home/lenovo/Desktop/mogi_ws/install/ros2_tutorials_bringup/share/ros2_tutorials_bringup/hook/cmake_prefix_path.sh'
[1.141s] Level 1:colcon.colcon_core.environment:checking '/home/lenovo/Desktop/mogi_ws/install/ros2_tutorials_bringup/bin'
[1.141s] Level 1:colcon.colcon_core.environment:checking '/home/lenovo/Desktop/mogi_ws/install/ros2_tutorials_bringup/lib/pkgconfig/ros2_tutorials_bringup.pc'
[1.141s] Level 1:colcon.colcon_core.environment:checking '/home/lenovo/Desktop/mogi_ws/install/ros2_tutorials_bringup/lib/python3.12/site-packages'
[1.142s] Level 1:colcon.colcon_core.environment:checking '/home/lenovo/Desktop/mogi_ws/install/ros2_tutorials_bringup/bin'
[1.142s] INFO:colcon.colcon_core.shell:Creating package script '/home/lenovo/Desktop/mogi_ws/install/ros2_tutorials_bringup/share/ros2_tutorials_bringup/package.ps1'
[1.143s] INFO:colcon.colcon_core.shell:Creating package descriptor '/home/lenovo/Desktop/mogi_ws/install/ros2_tutorials_bringup/share/ros2_tutorials_bringup/package.dsv'
[1.144s] INFO:colcon.colcon_core.shell:Creating package script '/home/lenovo/Desktop/mogi_ws/install/ros2_tutorials_bringup/share/ros2_tutorials_bringup/package.sh'
[1.145s] INFO:colcon.colcon_core.shell:Creating package script '/home/lenovo/Desktop/mogi_ws/install/ros2_tutorials_bringup/share/ros2_tutorials_bringup/package.bash'
[1.146s] INFO:colcon.colcon_core.shell:Creating package script '/home/lenovo/Desktop/mogi_ws/install/ros2_tutorials_bringup/share/ros2_tutorials_bringup/package.zsh'
[1.147s] Level 1:colcon.colcon_core.environment:create_file_with_runtime_dependencies(/home/lenovo/Desktop/mogi_ws/install/ros2_tutorials_bringup/share/colcon-core/packages/ros2_tutorials_bringup)
[1.432s] DEBUG:colcon.colcon_core.event_handler.log_command:Invoked command in '/home/lenovo/Desktop/mogi_ws/build/ros2_tutorials_interfaces' returned '0': CMAKE_PREFIX_PATH=${CMAKE_PREFIX_PATH}:/home/lenovo/Desktop/mogi_ws/install/ros2_tutorials_py:/home/lenovo/Desktop/ws_camera/install/ros2_opencv:/home/lenovo/Desktop/ros2_ws/install/my_py_pkg:/opt/ros/jazzy DEBUGINFOD_URLS=https://debuginfod.ubuntu.com /usr/bin/cmake --build /home/lenovo/Desktop/mogi_ws/build/ros2_tutorials_interfaces -- -j12 -l12
[1.439s] DEBUG:colcon.colcon_core.event_handler.log_command:Invoking command in '/home/lenovo/Desktop/mogi_ws/build/ros2_tutorials_interfaces': CMAKE_PREFIX_PATH=${CMAKE_PREFIX_PATH}:/home/lenovo/Desktop/mogi_ws/install/ros2_tutorials_py:/home/lenovo/Desktop/ws_camera/install/ros2_opencv:/home/lenovo/Desktop/ros2_ws/install/my_py_pkg:/opt/ros/jazzy DEBUGINFOD_URLS=https://debuginfod.ubuntu.com /usr/bin/cmake --install /home/lenovo/Desktop/mogi_ws/build/ros2_tutorials_interfaces
[1.759s] Level 1:colcon.colcon_core.environment:create_environment_scripts_only(ros2_tutorials_interfaces)
[1.761s] Level 1:colcon.colcon_core.environment:checking '/home/lenovo/Desktop/mogi_ws/install/ros2_tutorials_interfaces' for CMake module files
[1.767s] Level 1:colcon.colcon_core.environment:checking '/home/lenovo/Desktop/mogi_ws/install/ros2_tutorials_interfaces' for CMake config files
[1.773s] DEBUG:colcon.colcon_core.event_handler.log_command:Invoked command in '/home/lenovo/Desktop/mogi_ws/build/ros2_tutorials_interfaces' returned '0': CMAKE_PREFIX_PATH=${CMAKE_PREFIX_PATH}:/home/lenovo/Desktop/mogi_ws/install/ros2_tutorials_py:/home/lenovo/Desktop/ws_camera/install/ros2_opencv:/home/lenovo/Desktop/ros2_ws/install/my_py_pkg:/opt/ros/jazzy DEBUGINFOD_URLS=https://debuginfod.ubuntu.com /usr/bin/cmake --install /home/lenovo/Desktop/mogi_ws/build/ros2_tutorials_interfaces
[1.775s] Level 1:colcon.colcon_core.shell:create_environment_hook('ros2_tutorials_interfaces', 'cmake_prefix_path')
[1.776s] INFO:colcon.colcon_core.shell:Creating environment hook '/home/lenovo/Desktop/mogi_ws/install/ros2_tutorials_interfaces/share/ros2_tutorials_interfaces/hook/cmake_prefix_path.ps1'
[1.779s] INFO:colcon.colcon_core.shell:Creating environment descriptor '/home/lenovo/Desktop/mogi_ws/install/ros2_tutorials_interfaces/share/ros2_tutorials_interfaces/hook/cmake_prefix_path.dsv'
[1.781s] INFO:colcon.colcon_core.shell:Creating environment hook '/home/lenovo/Desktop/mogi_ws/install/ros2_tutorials_interfaces/share/ros2_tutorials_interfaces/hook/cmake_prefix_path.sh'
[1.784s] Level 1:colcon.colcon_core.environment:checking '/home/lenovo/Desktop/mogi_ws/install/ros2_tutorials_interfaces/lib'
[1.785s] Level 1:colcon.colcon_core.shell:create_environment_hook('ros2_tutorials_interfaces', 'ld_library_path_lib')
[1.786s] INFO:colcon.colcon_core.shell:Creating environment hook '/home/lenovo/Desktop/mogi_ws/install/ros2_tutorials_interfaces/share/ros2_tutorials_interfaces/hook/ld_library_path_lib.ps1'
[1.788s] INFO:colcon.colcon_core.shell:Creating environment descriptor '/home/lenovo/Desktop/mogi_ws/install/ros2_tutorials_interfaces/share/ros2_tutorials_interfaces/hook/ld_library_path_lib.dsv'
[1.789s] INFO:colcon.colcon_core.shell:Creating environment hook '/home/lenovo/Desktop/mogi_ws/install/ros2_tutorials_interfaces/share/ros2_tutorials_interfaces/hook/ld_library_path_lib.sh'
[1.790s] Level 1:colcon.colcon_core.environment:checking '/home/lenovo/Desktop/mogi_ws/install/ros2_tutorials_interfaces/bin'
[1.791s] Level 1:colcon.colcon_core.environment:checking '/home/lenovo/Desktop/mogi_ws/install/ros2_tutorials_interfaces/lib/pkgconfig/ros2_tutorials_interfaces.pc'
[1.792s] Level 1:colcon.colcon_core.environment:checking '/home/lenovo/Desktop/mogi_ws/install/ros2_tutorials_interfaces/lib/python3.12/site-packages'
[1.792s] Level 1:colcon.colcon_core.shell:create_environment_hook('ros2_tutorials_interfaces', 'pythonpath')
[1.793s] INFO:colcon.colcon_core.shell:Creating environment hook '/home/lenovo/Desktop/mogi_ws/install/ros2_tutorials_interfaces/share/ros2_tutorials_interfaces/hook/pythonpath.ps1'
[1.794s] INFO:colcon.colcon_core.shell:Creating environment descriptor '/home/lenovo/Desktop/mogi_ws/install/ros2_tutorials_interfaces/share/ros2_tutorials_interfaces/hook/pythonpath.dsv'
[1.795s] INFO:colcon.colcon_core.shell:Creating environment hook '/home/lenovo/Desktop/mogi_ws/install/ros2_tutorials_interfaces/share/ros2_tutorials_interfaces/hook/pythonpath.sh'
[1.798s] Level 1:colcon.colcon_core.environment:checking '/home/lenovo/Desktop/mogi_ws/install/ros2_tutorials_interfaces/bin'
[1.800s] INFO:colcon.colcon_core.shell:Creating package script '/home/lenovo/Desktop/mogi_ws/install/ros2_tutorials_interfaces/share/ros2_tutorials_interfaces/package.ps1'
[1.802s] INFO:colcon.colcon_core.shell:Creating package descriptor '/home/lenovo/Desktop/mogi_ws/install/ros2_tutorials_interfaces/share/ros2_tutorials_interfaces/package.dsv'
[1.804s] INFO:colcon.colcon_core.shell:Creating package script '/home/lenovo/Desktop/mogi_ws/install/ros2_tutorials_interfaces/share/ros2_tutorials_interfaces/package.sh'
[1.805s] INFO:colcon.colcon_core.shell:Creating package script '/home/lenovo/Desktop/mogi_ws/install/ros2_tutorials_interfaces/share/ros2_tutorials_interfaces/package.bash'
[1.806s] INFO:colcon.colcon_core.shell:Creating package script '/home/lenovo/Desktop/mogi_ws/install/ros2_tutorials_interfaces/share/ros2_tutorials_interfaces/package.zsh'
[1.808s] Level 1:colcon.colcon_core.environment:create_file_with_runtime_dependencies(/home/lenovo/Desktop/mogi_ws/install/ros2_tutorials_interfaces/share/colcon-core/packages/ros2_tutorials_interfaces)
[1.809s] Level 1:colcon.colcon_core.environment:create_environment_scripts_only(ros2_tutorials_interfaces)
[1.810s] Level 1:colcon.colcon_core.environment:checking '/home/lenovo/Desktop/mogi_ws/install/ros2_tutorials_interfaces' for CMake module files
[1.812s] Level 1:colcon.colcon_core.environment:checking '/home/lenovo/Desktop/mogi_ws/install/ros2_tutorials_interfaces' for CMake config files
[1.813s] Level 1:colcon.colcon_core.shell:create_environment_hook('ros2_tutorials_interfaces', 'cmake_prefix_path')
[1.813s] INFO:colcon.colcon_core.shell:Creating environment hook '/home/lenovo/Desktop/mogi_ws/install/ros2_tutorials_interfaces/share/ros2_tutorials_interfaces/hook/cmake_prefix_path.ps1'
[1.814s] INFO:colcon.colcon_core.shell:Creating environment descriptor '/home/lenovo/Desktop/mogi_ws/install/ros2_tutorials_interfaces/share/ros2_tutorials_interfaces/hook/cmake_prefix_path.dsv'
[1.815s] INFO:colcon.colcon_core.shell:Creating environment hook '/home/lenovo/Desktop/mogi_ws/install/ros2_tutorials_interfaces/share/ros2_tutorials_interfaces/hook/cmake_prefix_path.sh'
[1.816s] Level 1:colcon.colcon_core.environment:checking '/home/lenovo/Desktop/mogi_ws/install/ros2_tutorials_interfaces/lib'
[1.816s] Level 1:colcon.colcon_core.shell:create_environment_hook('ros2_tutorials_interfaces', 'ld_library_path_lib')
[1.816s] INFO:colcon.colcon_core.shell:Creating environment hook '/home/lenovo/Desktop/mogi_ws/install/ros2_tutorials_interfaces/share/ros2_tutorials_interfaces/hook/ld_library_path_lib.ps1'
[1.817s] INFO:colcon.colcon_core.shell:Creating environment descriptor '/home/lenovo/Desktop/mogi_ws/install/ros2_tutorials_interfaces/share/ros2_tutorials_interfaces/hook/ld_library_path_lib.dsv'
[1.818s] INFO:colcon.colcon_core.shell:Creating environment hook '/home/lenovo/Desktop/mogi_ws/install/ros2_tutorials_interfaces/share/ros2_tutorials_interfaces/hook/ld_library_path_lib.sh'
[1.818s] Level 1:colcon.colcon_core.environment:checking '/home/lenovo/Desktop/mogi_ws/install/ros2_tutorials_interfaces/bin'
[1.819s] Level 1:colcon.colcon_core.environment:checking '/home/lenovo/Desktop/mogi_ws/install/ros2_tutorials_interfaces/lib/pkgconfig/ros2_tutorials_interfaces.pc'
[1.819s] Level 1:colcon.colcon_core.environment:checking '/home/lenovo/Desktop/mogi_ws/install/ros2_tutorials_interfaces/lib/python3.12/site-packages'
[1.819s] Level 1:colcon.colcon_core.shell:create_environment_hook('ros2_tutorials_interfaces', 'pythonpath')
[1.820s] INFO:colcon.colcon_core.shell:Creating environment hook '/home/lenovo/Desktop/mogi_ws/install/ros2_tutorials_interfaces/share/ros2_tutorials_interfaces/hook/pythonpath.ps1'
[1.821s] INFO:colcon.colcon_core.shell:Creating environment descriptor '/home/lenovo/Desktop/mogi_ws/install/ros2_tutorials_interfaces/share/ros2_tutorials_interfaces/hook/pythonpath.dsv'
[1.821s] INFO:colcon.colcon_core.shell:Creating environment hook '/home/lenovo/Desktop/mogi_ws/install/ros2_tutorials_interfaces/share/ros2_tutorials_interfaces/hook/pythonpath.sh'
[1.823s] Level 1:colcon.colcon_core.environment:checking '/home/lenovo/Desktop/mogi_ws/install/ros2_tutorials_interfaces/bin'
[1.823s] INFO:colcon.colcon_core.shell:Creating package script '/home/lenovo/Desktop/mogi_ws/install/ros2_tutorials_interfaces/share/ros2_tutorials_interfaces/package.ps1'
[1.825s] INFO:colcon.colcon_core.shell:Creating package descriptor '/home/lenovo/Desktop/mogi_ws/install/ros2_tutorials_interfaces/share/ros2_tutorials_interfaces/package.dsv'
[1.826s] INFO:colcon.colcon_core.shell:Creating package script '/home/lenovo/Desktop/mogi_ws/install/ros2_tutorials_interfaces/share/ros2_tutorials_interfaces/package.sh'
[1.827s] INFO:colcon.colcon_core.shell:Creating package script '/home/lenovo/Desktop/mogi_ws/install/ros2_tutorials_interfaces/share/ros2_tutorials_interfaces/package.bash'
[1.828s] INFO:colcon.colcon_core.shell:Creating package script '/home/lenovo/Desktop/mogi_ws/install/ros2_tutorials_interfaces/share/ros2_tutorials_interfaces/package.zsh'
[1.829s] Level 1:colcon.colcon_core.environment:create_file_with_runtime_dependencies(/home/lenovo/Desktop/mogi_ws/install/ros2_tutorials_interfaces/share/colcon-core/packages/ros2_tutorials_interfaces)
[2.364s] DEBUG:colcon.colcon_core.event_handler.log_command:Invoking command in '/home/lenovo/Desktop/mogi_ws/src/ros2_tutorials_py': DEBUGINFOD_URLS=https://debuginfod.ubuntu.com PYTHONPATH=/home/lenovo/Desktop/mogi_ws/build/ros2_tutorials_py/prefix_override:/usr/lib/python3/dist-packages/colcon_core/task/python/colcon_distutils_commands:/home/lenovo/Desktop/mogi_ws/install/ros2_tutorials_py/lib/python3.12/site-packages:${PYTHONPATH} /usr/bin/python3 -W ignore:setup.py install is deprecated -W ignore:easy_install command is deprecated setup.py egg_info --egg-base ../../build/ros2_tutorials_py build --build-base /home/lenovo/Desktop/mogi_ws/build/ros2_tutorials_py/build install --record /home/lenovo/Desktop/mogi_ws/build/ros2_tutorials_py/install.log --single-version-externally-managed install_data
[3.423s] Level 1:colcon.colcon_core.environment:checking '/home/lenovo/Desktop/mogi_ws/install/ros2_tutorials_py' for CMake module files
[3.424s] DEBUG:colcon.colcon_core.event_handler.log_command:Invoked command in '/home/lenovo/Desktop/mogi_ws/src/ros2_tutorials_py' returned '0': DEBUGINFOD_URLS=https://debuginfod.ubuntu.com PYTHONPATH=/home/lenovo/Desktop/mogi_ws/build/ros2_tutorials_py/prefix_override:/usr/lib/python3/dist-packages/colcon_core/task/python/colcon_distutils_commands:/home/lenovo/Desktop/mogi_ws/install/ros2_tutorials_py/lib/python3.12/site-packages:${PYTHONPATH} /usr/bin/python3 -W ignore:setup.py install is deprecated -W ignore:easy_install command is deprecated setup.py egg_info --egg-base ../../build/ros2_tutorials_py build --build-base /home/lenovo/Desktop/mogi_ws/build/ros2_tutorials_py/build install --record /home/lenovo/Desktop/mogi_ws/build/ros2_tutorials_py/install.log --single-version-externally-managed install_data
[3.424s] Level 1:colcon.colcon_core.environment:checking '/home/lenovo/Desktop/mogi_ws/install/ros2_tutorials_py' for CMake config files
[3.425s] Level 1:colcon.colcon_core.environment:checking '/home/lenovo/Desktop/mogi_ws/install/ros2_tutorials_py/lib'
[3.425s] Level 1:colcon.colcon_core.environment:checking '/home/lenovo/Desktop/mogi_ws/install/ros2_tutorials_py/bin'
[3.425s] Level 1:colcon.colcon_core.environment:checking '/home/lenovo/Desktop/mogi_ws/install/ros2_tutorials_py/lib/pkgconfig/ros2_tutorials_py.pc'
[3.426s] Level 1:colcon.colcon_core.environment:checking '/home/lenovo/Desktop/mogi_ws/install/ros2_tutorials_py/lib/python3.12/site-packages'
[3.426s] Level 1:colcon.colcon_core.shell:create_environment_hook('ros2_tutorials_py', 'pythonpath')
[3.426s] INFO:colcon.colcon_core.shell:Creating environment hook '/home/lenovo/Desktop/mogi_ws/install/ros2_tutorials_py/share/ros2_tutorials_py/hook/pythonpath.ps1'
[3.427s] INFO:colcon.colcon_core.shell:Creating environment descriptor '/home/lenovo/Desktop/mogi_ws/install/ros2_tutorials_py/share/ros2_tutorials_py/hook/pythonpath.dsv'
[3.427s] INFO:colcon.colcon_core.shell:Creating environment hook '/home/lenovo/Desktop/mogi_ws/install/ros2_tutorials_py/share/ros2_tutorials_py/hook/pythonpath.sh'
[3.428s] Level 1:colcon.colcon_core.environment:checking '/home/lenovo/Desktop/mogi_ws/install/ros2_tutorials_py/bin'
[3.428s] Level 1:colcon.colcon_core.environment:create_environment_scripts_only(ros2_tutorials_py)
[3.428s] INFO:colcon.colcon_core.shell:Creating package script '/home/lenovo/Desktop/mogi_ws/install/ros2_tutorials_py/share/ros2_tutorials_py/package.ps1'
[3.429s] INFO:colcon.colcon_core.shell:Creating package descriptor '/home/lenovo/Desktop/mogi_ws/install/ros2_tutorials_py/share/ros2_tutorials_py/package.dsv'
[3.430s] INFO:colcon.colcon_core.shell:Creating package script '/home/lenovo/Desktop/mogi_ws/install/ros2_tutorials_py/share/ros2_tutorials_py/package.sh'
[3.430s] INFO:colcon.colcon_core.shell:Creating package script '/home/lenovo/Desktop/mogi_ws/install/ros2_tutorials_py/share/ros2_tutorials_py/package.bash'
[3.431s] INFO:colcon.colcon_core.shell:Creating package script '/home/lenovo/Desktop/mogi_ws/install/ros2_tutorials_py/share/ros2_tutorials_py/package.zsh'
[3.431s] Level 1:colcon.colcon_core.environment:create_file_with_runtime_dependencies(/home/lenovo/Desktop/mogi_ws/install/ros2_tutorials_py/share/colcon-core/packages/ros2_tutorials_py)
[3.432s] DEBUG:colcon.colcon_parallel_executor.executor.parallel:closing loop
[3.432s] DEBUG:colcon.colcon_parallel_executor.executor.parallel:loop closed
[3.432s] DEBUG:colcon.colcon_parallel_executor.executor.parallel:run_until_complete finished with '0'
[3.432s] DEBUG:colcon.colcon_core.event_reactor:joining thread
[3.446s] INFO:colcon.colcon_core.plugin_system:Skipping extension 'colcon_notification.desktop_notification.terminal_notifier': Not used on non-Darwin systems
[3.447s] INFO:colcon.colcon_core.plugin_system:Skipping extension 'colcon_notification.desktop_notification.win32': Not used on non-Windows systems
[3.447s] INFO:colcon.colcon_notification.desktop_notification:Sending desktop notification using 'notify2'
[3.485s] DEBUG:colcon.colcon_core.event_reactor:joined thread
[3.486s] INFO:colcon.colcon_core.shell:Creating prefix script '/home/lenovo/Desktop/mogi_ws/install/local_setup.ps1'
[3.487s] INFO:colcon.colcon_core.shell:Creating prefix util module '/home/lenovo/Desktop/mogi_ws/install/_local_setup_util_ps1.py'
[3.489s] INFO:colcon.colcon_core.shell:Creating prefix chain script '/home/lenovo/Desktop/mogi_ws/install/setup.ps1'
[3.491s] INFO:colcon.colcon_core.shell:Creating prefix script '/home/lenovo/Desktop/mogi_ws/install/local_setup.sh'
[3.492s] INFO:colcon.colcon_core.shell:Creating prefix util module '/home/lenovo/Desktop/mogi_ws/install/_local_setup_util_sh.py'
[3.494s] INFO:colcon.colcon_core.shell:Creating prefix chain script '/home/lenovo/Desktop/mogi_ws/install/setup.sh'
[3.496s] INFO:colcon.colcon_core.shell:Creating prefix script '/home/lenovo/Desktop/mogi_ws/install/local_setup.bash'
[3.497s] INFO:colcon.colcon_core.shell:Creating prefix chain script '/home/lenovo/Desktop/mogi_ws/install/setup.bash'
[3.501s] INFO:colcon.colcon_core.shell:Creating prefix script '/home/lenovo/Desktop/mogi_ws/install/local_setup.zsh'
[3.502s] INFO:colcon.colcon_core.shell:Creating prefix chain script '/home/lenovo/Desktop/mogi_ws/install/setup.zsh'
