[0.136s] DEBUG:colcon:Command line arguments: ['/usr/bin/colcon', 'build']
[0.136s] DEBUG:colcon:Parsed command line arguments: Namespace(log_base=None, log_level=None, verb_name='build', build_base='build', install_base='install', merge_install=False, symlink_install=False, test_result_base=None, continue_on_error=False, executor='parallel', parallel_workers=12, event_handlers=None, ignore_user_meta=False, metas=['./colcon.meta'], base_paths=['.'], packages_ignore=None, packages_ignore_regex=None, paths=None, packages_up_to=None, packages_up_to_regex=None, packages_above=None, packages_above_and_dependencies=None, packages_above_depth=None, packages_select_by_dep=None, packages_skip_by_dep=None, packages_skip_up_to=None, packages_select_build_failed=False, packages_skip_build_finished=False, packages_select_test_failures=False, packages_skip_test_passed=False, packages_select=None, packages_skip=None, packages_select_regex=None, packages_skip_regex=None, packages_start=None, packages_end=None, allow_overriding=[], cmake_args=None, cmake_target=None, cmake_target_skip_unavailable=False, cmake_clean_cache=False, cmake_clean_first=False, cmake_force_configure=False, ament_cmake_args=None, catkin_cmake_args=None, catkin_skip_building_tests=False, mixin_files=None, mixin=None, verb_parser=<colcon_mixin.mixin.mixin_argument.MixinArgumentDecorator object at 0x7cd7f39a0770>, verb_extension=<colcon_core.verb.build.BuildVerb object at 0x7cd7f44b3680>, main=<bound method BuildVerb.main of <colcon_core.verb.build.BuildVerb object at 0x7cd7f44b3680>>, mixin_verb=('build',))
[0.202s] Level 1:colcon.colcon_core.package_discovery:discover_packages(colcon_meta) check parameters
[0.203s] Level 1:colcon.colcon_core.package_discovery:discover_packages(recursive) check parameters
[0.203s] Level 1:colcon.colcon_core.package_discovery:discover_packages(ignore) check parameters
[0.203s] Level 1:colcon.colcon_core.package_discovery:discover_packages(path) check parameters
[0.203s] Level 1:colcon.colcon_core.package_discovery:discover_packages(colcon_meta) discover
[0.203s] Level 1:colcon.colcon_core.package_discovery:discover_packages(recursive) discover
[0.203s] INFO:colcon.colcon_core.package_discovery:Crawling recursively for packages in '/home/lenovo/Desktop/mogi_ws'
[0.203s] Level 1:colcon.colcon_core.package_identification:_identify(.) by extensions ['ignore', 'ignore_ament_install']
[0.203s] Level 1:colcon.colcon_core.package_identification:_identify(.) by extension 'ignore'
[0.203s] Level 1:colcon.colcon_core.package_identification:_identify(.) by extension 'ignore_ament_install'
[0.204s] Level 1:colcon.colcon_core.package_identification:_identify(.) by extensions ['colcon_pkg']
[0.204s] Level 1:colcon.colcon_core.package_identification:_identify(.) by extension 'colcon_pkg'
[0.204s] Level 1:colcon.colcon_core.package_identification:_identify(.) by extensions ['colcon_meta']
[0.204s] Level 1:colcon.colcon_core.package_identification:_identify(.) by extension 'colcon_meta'
[0.204s] Level 1:colcon.colcon_core.package_identification:_identify(.) by extensions ['ros']
[0.204s] Level 1:colcon.colcon_core.package_identification:_identify(.) by extension 'ros'
[0.253s] Level 1:colcon.colcon_core.package_identification:_identify(.) by extensions ['cmake', 'python']
[0.253s] Level 1:colcon.colcon_core.package_identification:_identify(.) by extension 'cmake'
[0.254s] Level 1:colcon.colcon_core.package_identification:_identify(.) by extension 'python'
[0.254s] Level 1:colcon.colcon_core.package_identification:_identify(.) by extensions ['python_setup_py']
[0.254s] Level 1:colcon.colcon_core.package_identification:_identify(.) by extension 'python_setup_py'
[0.254s] Level 1:colcon.colcon_core.package_identification:_identify(build) by extensions ['ignore', 'ignore_ament_install']
[0.254s] Level 1:colcon.colcon_core.package_identification:_identify(build) by extension 'ignore'
[0.254s] Level 1:colcon.colcon_core.package_identification:_identify(build) ignored
[0.254s] Level 1:colcon.colcon_core.package_identification:_identify(install) by extensions ['ignore', 'ignore_ament_install']
[0.254s] Level 1:colcon.colcon_core.package_identification:_identify(install) by extension 'ignore'
[0.255s] Level 1:colcon.colcon_core.package_identification:_identify(install) ignored
[0.255s] Level 1:colcon.colcon_core.package_identification:_identify(log) by extensions ['ignore', 'ignore_ament_install']
[0.255s] Level 1:colcon.colcon_core.package_identification:_identify(log) by extension 'ignore'
[0.255s] Level 1:colcon.colcon_core.package_identification:_identify(log) ignored
[0.255s] Level 1:colcon.colcon_core.package_identification:_identify(src) by extensions ['ignore', 'ignore_ament_install']
[0.255s] Level 1:colcon.colcon_core.package_identification:_identify(src) by extension 'ignore'
[0.255s] Level 1:colcon.colcon_core.package_identification:_identify(src) by extension 'ignore_ament_install'
[0.255s] Level 1:colcon.colcon_core.package_identification:_identify(src) by extensions ['colcon_pkg']
[0.255s] Level 1:colcon.colcon_core.package_identification:_identify(src) by extension 'colcon_pkg'
[0.255s] Level 1:colcon.colcon_core.package_identification:_identify(src) by extensions ['colcon_meta']
[0.255s] Level 1:colcon.colcon_core.package_identification:_identify(src) by extension 'colcon_meta'
[0.255s] Level 1:colcon.colcon_core.package_identification:_identify(src) by extensions ['ros']
[0.255s] Level 1:colcon.colcon_core.package_identification:_identify(src) by extension 'ros'
[0.256s] Level 1:colcon.colcon_core.package_identification:_identify(src) by extensions ['cmake', 'python']
[0.256s] Level 1:colcon.colcon_core.package_identification:_identify(src) by extension 'cmake'
[0.256s] Level 1:colcon.colcon_core.package_identification:_identify(src) by extension 'python'
[0.256s] Level 1:colcon.colcon_core.package_identification:_identify(src) by extensions ['python_setup_py']
[0.256s] Level 1:colcon.colcon_core.package_identification:_identify(src) by extension 'python_setup_py'
[0.256s] Level 1:colcon.colcon_core.package_identification:_identify(src/ros2_tutorials_bringup) by extensions ['ignore', 'ignore_ament_install']
[0.256s] Level 1:colcon.colcon_core.package_identification:_identify(src/ros2_tutorials_bringup) by extension 'ignore'
[0.256s] Level 1:colcon.colcon_core.package_identification:_identify(src/ros2_tutorials_bringup) by extension 'ignore_ament_install'
[0.256s] Level 1:colcon.colcon_core.package_identification:_identify(src/ros2_tutorials_bringup) by extensions ['colcon_pkg']
[0.256s] Level 1:colcon.colcon_core.package_identification:_identify(src/ros2_tutorials_bringup) by extension 'colcon_pkg'
[0.256s] Level 1:colcon.colcon_core.package_identification:_identify(src/ros2_tutorials_bringup) by extensions ['colcon_meta']
[0.256s] Level 1:colcon.colcon_core.package_identification:_identify(src/ros2_tutorials_bringup) by extension 'colcon_meta'
[0.256s] Level 1:colcon.colcon_core.package_identification:_identify(src/ros2_tutorials_bringup) by extensions ['ros']
[0.256s] Level 1:colcon.colcon_core.package_identification:_identify(src/ros2_tutorials_bringup) by extension 'ros'
[0.260s] DEBUG:colcon.colcon_core.package_identification:Package 'src/ros2_tutorials_bringup' with type 'ros.ament_cmake' and name 'ros2_tutorials_bringup'
[0.260s] Level 1:colcon.colcon_core.package_identification:_identify(src/ros2_tutorials_cpp) by extensions ['ignore', 'ignore_ament_install']
[0.260s] Level 1:colcon.colcon_core.package_identification:_identify(src/ros2_tutorials_cpp) by extension 'ignore'
[0.261s] Level 1:colcon.colcon_core.package_identification:_identify(src/ros2_tutorials_cpp) by extension 'ignore_ament_install'
[0.261s] Level 1:colcon.colcon_core.package_identification:_identify(src/ros2_tutorials_cpp) by extensions ['colcon_pkg']
[0.261s] Level 1:colcon.colcon_core.package_identification:_identify(src/ros2_tutorials_cpp) by extension 'colcon_pkg'
[0.261s] Level 1:colcon.colcon_core.package_identification:_identify(src/ros2_tutorials_cpp) by extensions ['colcon_meta']
[0.261s] Level 1:colcon.colcon_core.package_identification:_identify(src/ros2_tutorials_cpp) by extension 'colcon_meta'
[0.261s] Level 1:colcon.colcon_core.package_identification:_identify(src/ros2_tutorials_cpp) by extensions ['ros']
[0.261s] Level 1:colcon.colcon_core.package_identification:_identify(src/ros2_tutorials_cpp) by extension 'ros'
[0.262s] DEBUG:colcon.colcon_core.package_identification:Package 'src/ros2_tutorials_cpp' with type 'ros.ament_cmake' and name 'ros2_tutorials_cpp'
[0.262s] Level 1:colcon.colcon_core.package_identification:_identify(src/ros2_tutorials_py) by extensions ['ignore', 'ignore_ament_install']
[0.262s] Level 1:colcon.colcon_core.package_identification:_identify(src/ros2_tutorials_py) by extension 'ignore'
[0.262s] Level 1:colcon.colcon_core.package_identification:_identify(src/ros2_tutorials_py) by extension 'ignore_ament_install'
[0.262s] Level 1:colcon.colcon_core.package_identification:_identify(src/ros2_tutorials_py) by extensions ['colcon_pkg']
[0.262s] Level 1:colcon.colcon_core.package_identification:_identify(src/ros2_tutorials_py) by extension 'colcon_pkg'
[0.262s] Level 1:colcon.colcon_core.package_identification:_identify(src/ros2_tutorials_py) by extensions ['colcon_meta']
[0.262s] Level 1:colcon.colcon_core.package_identification:_identify(src/ros2_tutorials_py) by extension 'colcon_meta'
[0.262s] Level 1:colcon.colcon_core.package_identification:_identify(src/ros2_tutorials_py) by extensions ['ros']
[0.263s] Level 1:colcon.colcon_core.package_identification:_identify(src/ros2_tutorials_py) by extension 'ros'
[0.263s] DEBUG:colcon.colcon_core.package_identification:Package 'src/ros2_tutorials_py' with type 'ros.ament_python' and name 'ros2_tutorials_py'
[0.263s] Level 1:colcon.colcon_core.package_discovery:discover_packages(recursive) using defaults
[0.263s] Level 1:colcon.colcon_core.package_discovery:discover_packages(ignore) discover
[0.263s] Level 1:colcon.colcon_core.package_discovery:discover_packages(ignore) using defaults
[0.263s] Level 1:colcon.colcon_core.package_discovery:discover_packages(path) discover
[0.263s] Level 1:colcon.colcon_core.package_discovery:discover_packages(path) using defaults
[0.290s] Level 1:colcon.colcon_core.package_discovery:discover_packages(prefix_path) check parameters
[0.290s] Level 1:colcon.colcon_core.package_discovery:discover_packages(prefix_path) discover
[0.292s] DEBUG:colcon.colcon_installed_package_information.package_discovery:Found 3 installed packages in /home/lenovo/Desktop/mogi_ws/install
[0.293s] DEBUG:colcon.colcon_installed_package_information.package_discovery:Found 1 installed packages in /home/lenovo/Desktop/ws_camera/install
[0.293s] DEBUG:colcon.colcon_installed_package_information.package_discovery:Found 1 installed packages in /home/lenovo/Desktop/ros2_ws/install
[0.295s] DEBUG:colcon.colcon_installed_package_information.package_discovery:Found 361 installed packages in /opt/ros/jazzy
[0.296s] Level 1:colcon.colcon_core.package_discovery:discover_packages(prefix_path) using defaults
[0.352s] Level 5:colcon.colcon_core.verb:set package 'ros2_tutorials_bringup' build argument 'cmake_args' from command line to 'None'
[0.352s] Level 5:colcon.colcon_core.verb:set package 'ros2_tutorials_bringup' build argument 'cmake_target' from command line to 'None'
[0.352s] Level 5:colcon.colcon_core.verb:set package 'ros2_tutorials_bringup' build argument 'cmake_target_skip_unavailable' from command line to 'False'
[0.352s] Level 5:colcon.colcon_core.verb:set package 'ros2_tutorials_bringup' build argument 'cmake_clean_cache' from command line to 'False'
[0.352s] Level 5:colcon.colcon_core.verb:set package 'ros2_tutorials_bringup' build argument 'cmake_clean_first' from command line to 'False'
[0.352s] Level 5:colcon.colcon_core.verb:set package 'ros2_tutorials_bringup' build argument 'cmake_force_configure' from command line to 'False'
[0.352s] Level 5:colcon.colcon_core.verb:set package 'ros2_tutorials_bringup' build argument 'ament_cmake_args' from command line to 'None'
[0.352s] Level 5:colcon.colcon_core.verb:set package 'ros2_tutorials_bringup' build argument 'catkin_cmake_args' from command line to 'None'
[0.352s] Level 5:colcon.colcon_core.verb:set package 'ros2_tutorials_bringup' build argument 'catkin_skip_building_tests' from command line to 'False'
[0.352s] DEBUG:colcon.colcon_core.verb:Building package 'ros2_tutorials_bringup' with the following arguments: {'ament_cmake_args': None, 'build_base': '/home/lenovo/Desktop/mogi_ws/build/ros2_tutorials_bringup', 'catkin_cmake_args': None, 'catkin_skip_building_tests': False, 'cmake_args': None, 'cmake_clean_cache': False, 'cmake_clean_first': False, 'cmake_force_configure': False, 'cmake_target': None, 'cmake_target_skip_unavailable': False, 'install_base': '/home/lenovo/Desktop/mogi_ws/install/ros2_tutorials_bringup', 'merge_install': False, 'path': '/home/lenovo/Desktop/mogi_ws/src/ros2_tutorials_bringup', 'symlink_install': False, 'test_result_base': None}
[0.352s] Level 5:colcon.colcon_core.verb:set package 'ros2_tutorials_cpp' build argument 'cmake_args' from command line to 'None'
[0.352s] Level 5:colcon.colcon_core.verb:set package 'ros2_tutorials_cpp' build argument 'cmake_target' from command line to 'None'
[0.352s] Level 5:colcon.colcon_core.verb:set package 'ros2_tutorials_cpp' build argument 'cmake_target_skip_unavailable' from command line to 'False'
[0.352s] Level 5:colcon.colcon_core.verb:set package 'ros2_tutorials_cpp' build argument 'cmake_clean_cache' from command line to 'False'
[0.352s] Level 5:colcon.colcon_core.verb:set package 'ros2_tutorials_cpp' build argument 'cmake_clean_first' from command line to 'False'
[0.353s] Level 5:colcon.colcon_core.verb:set package 'ros2_tutorials_cpp' build argument 'cmake_force_configure' from command line to 'False'
[0.353s] Level 5:colcon.colcon_core.verb:set package 'ros2_tutorials_cpp' build argument 'ament_cmake_args' from command line to 'None'
[0.353s] Level 5:colcon.colcon_core.verb:set package 'ros2_tutorials_cpp' build argument 'catkin_cmake_args' from command line to 'None'
[0.353s] Level 5:colcon.colcon_core.verb:set package 'ros2_tutorials_cpp' build argument 'catkin_skip_building_tests' from command line to 'False'
[0.353s] DEBUG:colcon.colcon_core.verb:Building package 'ros2_tutorials_cpp' with the following arguments: {'ament_cmake_args': None, 'build_base': '/home/lenovo/Desktop/mogi_ws/build/ros2_tutorials_cpp', 'catkin_cmake_args': None, 'catkin_skip_building_tests': False, 'cmake_args': None, 'cmake_clean_cache': False, 'cmake_clean_first': False, 'cmake_force_configure': False, 'cmake_target': None, 'cmake_target_skip_unavailable': False, 'install_base': '/home/lenovo/Desktop/mogi_ws/install/ros2_tutorials_cpp', 'merge_install': False, 'path': '/home/lenovo/Desktop/mogi_ws/src/ros2_tutorials_cpp', 'symlink_install': False, 'test_result_base': None}
[0.353s] Level 5:colcon.colcon_core.verb:set package 'ros2_tutorials_py' build argument 'cmake_args' from command line to 'None'
[0.353s] Level 5:colcon.colcon_core.verb:set package 'ros2_tutorials_py' build argument 'cmake_target' from command line to 'None'
[0.353s] Level 5:colcon.colcon_core.verb:set package 'ros2_tutorials_py' build argument 'cmake_target_skip_unavailable' from command line to 'False'
[0.353s] Level 5:colcon.colcon_core.verb:set package 'ros2_tutorials_py' build argument 'cmake_clean_cache' from command line to 'False'
[0.353s] Level 5:colcon.colcon_core.verb:set package 'ros2_tutorials_py' build argument 'cmake_clean_first' from command line to 'False'
[0.353s] Level 5:colcon.colcon_core.verb:set package 'ros2_tutorials_py' build argument 'cmake_force_configure' from command line to 'False'
[0.353s] Level 5:colcon.colcon_core.verb:set package 'ros2_tutorials_py' build argument 'ament_cmake_args' from command line to 'None'
[0.353s] Level 5:colcon.colcon_core.verb:set package 'ros2_tutorials_py' build argument 'catkin_cmake_args' from command line to 'None'
[0.353s] Level 5:colcon.colcon_core.verb:set package 'ros2_tutorials_py' build argument 'catkin_skip_building_tests' from command line to 'False'
[0.353s] DEBUG:colcon.colcon_core.verb:Building package 'ros2_tutorials_py' with the following arguments: {'ament_cmake_args': None, 'build_base': '/home/lenovo/Desktop/mogi_ws/build/ros2_tutorials_py', 'catkin_cmake_args': None, 'catkin_skip_building_tests': False, 'cmake_args': None, 'cmake_clean_cache': False, 'cmake_clean_first': False, 'cmake_force_configure': False, 'cmake_target': None, 'cmake_target_skip_unavailable': False, 'install_base': '/home/lenovo/Desktop/mogi_ws/install/ros2_tutorials_py', 'merge_install': False, 'path': '/home/lenovo/Desktop/mogi_ws/src/ros2_tutorials_py', 'symlink_install': False, 'test_result_base': None}
[0.353s] INFO:colcon.colcon_core.executor:Executing jobs using 'parallel' executor
[0.355s] DEBUG:colcon.colcon_parallel_executor.executor.parallel:run_until_complete
[0.355s] INFO:colcon.colcon_ros.task.ament_cmake.build:Building ROS package in '/home/lenovo/Desktop/mogi_ws/src/ros2_tutorials_bringup' with build type 'ament_cmake'
[0.355s] INFO:colcon.colcon_cmake.task.cmake.build:Building CMake package in '/home/lenovo/Desktop/mogi_ws/src/ros2_tutorials_bringup'
[0.358s] INFO:colcon.colcon_core.plugin_system:Skipping extension 'colcon_core.shell.bat': Not used on non-Windows systems
[0.359s] INFO:colcon.colcon_core.shell:Skip shell extension 'powershell' for command environment: Not usable outside of PowerShell
[0.359s] DEBUG:colcon.colcon_core.shell:Skip shell extension 'dsv' for command environment
[0.371s] INFO:colcon.colcon_ros.task.ament_cmake.build:Building ROS package in '/home/lenovo/Desktop/mogi_ws/src/ros2_tutorials_cpp' with build type 'ament_cmake'
[0.371s] INFO:colcon.colcon_cmake.task.cmake.build:Building CMake package in '/home/lenovo/Desktop/mogi_ws/src/ros2_tutorials_cpp'
[0.372s] INFO:colcon.colcon_core.shell:Skip shell extension 'powershell' for command environment: Not usable outside of PowerShell
[0.372s] DEBUG:colcon.colcon_core.shell:Skip shell extension 'dsv' for command environment
[0.383s] INFO:colcon.colcon_ros.task.ament_python.build:Building ROS package in '/home/lenovo/Desktop/mogi_ws/src/ros2_tutorials_py' with build type 'ament_python'
[0.383s] Level 1:colcon.colcon_core.shell:create_environment_hook('ros2_tutorials_py', 'ament_prefix_path')
[0.383s] INFO:colcon.colcon_core.shell:Creating environment hook '/home/lenovo/Desktop/mogi_ws/install/ros2_tutorials_py/share/ros2_tutorials_py/hook/ament_prefix_path.ps1'
[0.385s] INFO:colcon.colcon_core.shell:Creating environment descriptor '/home/lenovo/Desktop/mogi_ws/install/ros2_tutorials_py/share/ros2_tutorials_py/hook/ament_prefix_path.dsv'
[0.385s] INFO:colcon.colcon_core.shell:Creating environment hook '/home/lenovo/Desktop/mogi_ws/install/ros2_tutorials_py/share/ros2_tutorials_py/hook/ament_prefix_path.sh'
[0.386s] INFO:colcon.colcon_core.shell:Skip shell extension 'powershell' for command environment: Not usable outside of PowerShell
[0.386s] DEBUG:colcon.colcon_core.shell:Skip shell extension 'dsv' for command environment
[0.407s] DEBUG:colcon.colcon_core.event_handler.log_command:Invoking command in '/home/lenovo/Desktop/mogi_ws/build/ros2_tutorials_bringup': CMAKE_PREFIX_PATH=${CMAKE_PREFIX_PATH}:/home/lenovo/Desktop/mogi_ws/install/ros2_tutorials_py:/home/lenovo/Desktop/ws_camera/install/ros2_opencv:/home/lenovo/Desktop/ros2_ws/install/my_py_pkg:/opt/ros/jazzy DEBUGINFOD_URLS=https://debuginfod.ubuntu.com /usr/bin/cmake --build /home/lenovo/Desktop/mogi_ws/build/ros2_tutorials_bringup -- -j12 -l12
[0.421s] DEBUG:colcon.colcon_core.event_handler.log_command:Invoking command in '/home/lenovo/Desktop/mogi_ws/build/ros2_tutorials_cpp': CMAKE_PREFIX_PATH=${CMAKE_PREFIX_PATH}:/home/lenovo/Desktop/mogi_ws/install/ros2_tutorials_py:/home/lenovo/Desktop/ws_camera/install/ros2_opencv:/home/lenovo/Desktop/ros2_ws/install/my_py_pkg:/opt/ros/jazzy DEBUGINFOD_URLS=https://debuginfod.ubuntu.com /usr/bin/cmake --build /home/lenovo/Desktop/mogi_ws/build/ros2_tutorials_cpp -- -j12 -l12
[0.843s] INFO:colcon.colcon_core.task.python.build:Building Python package in '/home/lenovo/Desktop/mogi_ws/src/ros2_tutorials_py'
[0.844s] INFO:colcon.colcon_core.shell:Skip shell extension 'powershell' for command environment: Not usable outside of PowerShell
[0.844s] DEBUG:colcon.colcon_core.shell:Skip shell extension 'dsv' for command environment
[0.863s] DEBUG:colcon.colcon_core.event_handler.log_command:Invoked command in '/home/lenovo/Desktop/mogi_ws/build/ros2_tutorials_bringup' returned '0': CMAKE_PREFIX_PATH=${CMAKE_PREFIX_PATH}:/home/lenovo/Desktop/mogi_ws/install/ros2_tutorials_py:/home/lenovo/Desktop/ws_camera/install/ros2_opencv:/home/lenovo/Desktop/ros2_ws/install/my_py_pkg:/opt/ros/jazzy DEBUGINFOD_URLS=https://debuginfod.ubuntu.com /usr/bin/cmake --build /home/lenovo/Desktop/mogi_ws/build/ros2_tutorials_bringup -- -j12 -l12
[0.904s] DEBUG:colcon.colcon_core.event_handler.log_command:Invoking command in '/home/lenovo/Desktop/mogi_ws/build/ros2_tutorials_bringup': CMAKE_PREFIX_PATH=${CMAKE_PREFIX_PATH}:/home/lenovo/Desktop/mogi_ws/install/ros2_tutorials_py:/home/lenovo/Desktop/ws_camera/install/ros2_opencv:/home/lenovo/Desktop/ros2_ws/install/my_py_pkg:/opt/ros/jazzy DEBUGINFOD_URLS=https://debuginfod.ubuntu.com /usr/bin/cmake --install /home/lenovo/Desktop/mogi_ws/build/ros2_tutorials_bringup
[0.909s] DEBUG:colcon.colcon_core.event_handler.log_command:Invoked command in '/home/lenovo/Desktop/mogi_ws/build/ros2_tutorials_cpp' returned '0': CMAKE_PREFIX_PATH=${CMAKE_PREFIX_PATH}:/home/lenovo/Desktop/mogi_ws/install/ros2_tutorials_py:/home/lenovo/Desktop/ws_camera/install/ros2_opencv:/home/lenovo/Desktop/ros2_ws/install/my_py_pkg:/opt/ros/jazzy DEBUGINFOD_URLS=https://debuginfod.ubuntu.com /usr/bin/cmake --build /home/lenovo/Desktop/mogi_ws/build/ros2_tutorials_cpp -- -j12 -l12
[0.915s] DEBUG:colcon.colcon_core.event_handler.log_command:Invoking command in '/home/lenovo/Desktop/mogi_ws/build/ros2_tutorials_cpp': CMAKE_PREFIX_PATH=${CMAKE_PREFIX_PATH}:/home/lenovo/Desktop/mogi_ws/install/ros2_tutorials_py:/home/lenovo/Desktop/ws_camera/install/ros2_opencv:/home/lenovo/Desktop/ros2_ws/install/my_py_pkg:/opt/ros/jazzy DEBUGINFOD_URLS=https://debuginfod.ubuntu.com /usr/bin/cmake --install /home/lenovo/Desktop/mogi_ws/build/ros2_tutorials_cpp
[0.939s] Level 1:colcon.colcon_core.environment:create_environment_scripts_only(ros2_tutorials_bringup)
[0.943s] DEBUG:colcon.colcon_core.event_handler.log_command:Invoked command in '/home/lenovo/Desktop/mogi_ws/build/ros2_tutorials_bringup' returned '0': CMAKE_PREFIX_PATH=${CMAKE_PREFIX_PATH}:/home/lenovo/Desktop/mogi_ws/install/ros2_tutorials_py:/home/lenovo/Desktop/ws_camera/install/ros2_opencv:/home/lenovo/Desktop/ros2_ws/install/my_py_pkg:/opt/ros/jazzy DEBUGINFOD_URLS=https://debuginfod.ubuntu.com /usr/bin/cmake --install /home/lenovo/Desktop/mogi_ws/build/ros2_tutorials_bringup
[0.946s] Level 1:colcon.colcon_core.environment:checking '/home/lenovo/Desktop/mogi_ws/install/ros2_tutorials_bringup' for CMake module files
[0.947s] Level 1:colcon.colcon_core.environment:checking '/home/lenovo/Desktop/mogi_ws/install/ros2_tutorials_bringup' for CMake config files
[0.948s] Level 1:colcon.colcon_core.shell:create_environment_hook('ros2_tutorials_bringup', 'cmake_prefix_path')
[0.948s] INFO:colcon.colcon_core.shell:Creating environment hook '/home/lenovo/Desktop/mogi_ws/install/ros2_tutorials_bringup/share/ros2_tutorials_bringup/hook/cmake_prefix_path.ps1'
[0.949s] INFO:colcon.colcon_core.shell:Creating environment descriptor '/home/lenovo/Desktop/mogi_ws/install/ros2_tutorials_bringup/share/ros2_tutorials_bringup/hook/cmake_prefix_path.dsv'
[0.949s] INFO:colcon.colcon_core.shell:Creating environment hook '/home/lenovo/Desktop/mogi_ws/install/ros2_tutorials_bringup/share/ros2_tutorials_bringup/hook/cmake_prefix_path.sh'
[0.951s] Level 1:colcon.colcon_core.environment:checking '/home/lenovo/Desktop/mogi_ws/install/ros2_tutorials_bringup/bin'
[0.951s] Level 1:colcon.colcon_core.environment:checking '/home/lenovo/Desktop/mogi_ws/install/ros2_tutorials_bringup/lib/pkgconfig/ros2_tutorials_bringup.pc'
[0.951s] Level 1:colcon.colcon_core.environment:checking '/home/lenovo/Desktop/mogi_ws/install/ros2_tutorials_bringup/lib/python3.12/site-packages'
[0.952s] Level 1:colcon.colcon_core.environment:checking '/home/lenovo/Desktop/mogi_ws/install/ros2_tutorials_bringup/bin'
[0.952s] INFO:colcon.colcon_core.shell:Creating package script '/home/lenovo/Desktop/mogi_ws/install/ros2_tutorials_bringup/share/ros2_tutorials_bringup/package.ps1'
[0.953s] INFO:colcon.colcon_core.shell:Creating package descriptor '/home/lenovo/Desktop/mogi_ws/install/ros2_tutorials_bringup/share/ros2_tutorials_bringup/package.dsv'
[0.954s] INFO:colcon.colcon_core.shell:Creating package script '/home/lenovo/Desktop/mogi_ws/install/ros2_tutorials_bringup/share/ros2_tutorials_bringup/package.sh'
[0.955s] INFO:colcon.colcon_core.shell:Creating package script '/home/lenovo/Desktop/mogi_ws/install/ros2_tutorials_bringup/share/ros2_tutorials_bringup/package.bash'
[0.956s] INFO:colcon.colcon_core.shell:Creating package script '/home/lenovo/Desktop/mogi_ws/install/ros2_tutorials_bringup/share/ros2_tutorials_bringup/package.zsh'
[0.957s] Level 1:colcon.colcon_core.environment:create_file_with_runtime_dependencies(/home/lenovo/Desktop/mogi_ws/install/ros2_tutorials_bringup/share/colcon-core/packages/ros2_tutorials_bringup)
[0.958s] Level 1:colcon.colcon_core.environment:create_environment_scripts_only(ros2_tutorials_bringup)
[0.959s] Level 1:colcon.colcon_core.environment:checking '/home/lenovo/Desktop/mogi_ws/install/ros2_tutorials_bringup' for CMake module files
[0.959s] Level 1:colcon.colcon_core.environment:checking '/home/lenovo/Desktop/mogi_ws/install/ros2_tutorials_bringup' for CMake config files
[0.960s] Level 1:colcon.colcon_core.shell:create_environment_hook('ros2_tutorials_bringup', 'cmake_prefix_path')
[0.960s] INFO:colcon.colcon_core.shell:Creating environment hook '/home/lenovo/Desktop/mogi_ws/install/ros2_tutorials_bringup/share/ros2_tutorials_bringup/hook/cmake_prefix_path.ps1'
[0.961s] INFO:colcon.colcon_core.shell:Creating environment descriptor '/home/lenovo/Desktop/mogi_ws/install/ros2_tutorials_bringup/share/ros2_tutorials_bringup/hook/cmake_prefix_path.dsv'
[0.961s] INFO:colcon.colcon_core.shell:Creating environment hook '/home/lenovo/Desktop/mogi_ws/install/ros2_tutorials_bringup/share/ros2_tutorials_bringup/hook/cmake_prefix_path.sh'
[0.963s] Level 1:colcon.colcon_core.environment:checking '/home/lenovo/Desktop/mogi_ws/install/ros2_tutorials_bringup/bin'
[0.963s] Level 1:colcon.colcon_core.environment:checking '/home/lenovo/Desktop/mogi_ws/install/ros2_tutorials_bringup/lib/pkgconfig/ros2_tutorials_bringup.pc'
[0.964s] Level 1:colcon.colcon_core.environment:checking '/home/lenovo/Desktop/mogi_ws/install/ros2_tutorials_bringup/lib/python3.12/site-packages'
[0.964s] Level 1:colcon.colcon_core.environment:checking '/home/lenovo/Desktop/mogi_ws/install/ros2_tutorials_bringup/bin'
[0.965s] INFO:colcon.colcon_core.shell:Creating package script '/home/lenovo/Desktop/mogi_ws/install/ros2_tutorials_bringup/share/ros2_tutorials_bringup/package.ps1'
[0.966s] INFO:colcon.colcon_core.shell:Creating package descriptor '/home/lenovo/Desktop/mogi_ws/install/ros2_tutorials_bringup/share/ros2_tutorials_bringup/package.dsv'
[0.967s] INFO:colcon.colcon_core.shell:Creating package script '/home/lenovo/Desktop/mogi_ws/install/ros2_tutorials_bringup/share/ros2_tutorials_bringup/package.sh'
[0.968s] INFO:colcon.colcon_core.shell:Creating package script '/home/lenovo/Desktop/mogi_ws/install/ros2_tutorials_bringup/share/ros2_tutorials_bringup/package.bash'
[0.969s] INFO:colcon.colcon_core.shell:Creating package script '/home/lenovo/Desktop/mogi_ws/install/ros2_tutorials_bringup/share/ros2_tutorials_bringup/package.zsh'
[0.970s] Level 1:colcon.colcon_core.environment:create_file_with_runtime_dependencies(/home/lenovo/Desktop/mogi_ws/install/ros2_tutorials_bringup/share/colcon-core/packages/ros2_tutorials_bringup)
[0.970s] Level 1:colcon.colcon_core.environment:create_environment_scripts_only(ros2_tutorials_cpp)
[0.970s] Level 1:colcon.colcon_core.environment:checking '/home/lenovo/Desktop/mogi_ws/install/ros2_tutorials_cpp' for CMake module files
[0.973s] DEBUG:colcon.colcon_core.event_handler.log_command:Invoked command in '/home/lenovo/Desktop/mogi_ws/build/ros2_tutorials_cpp' returned '0': CMAKE_PREFIX_PATH=${CMAKE_PREFIX_PATH}:/home/lenovo/Desktop/mogi_ws/install/ros2_tutorials_py:/home/lenovo/Desktop/ws_camera/install/ros2_opencv:/home/lenovo/Desktop/ros2_ws/install/my_py_pkg:/opt/ros/jazzy DEBUGINFOD_URLS=https://debuginfod.ubuntu.com /usr/bin/cmake --install /home/lenovo/Desktop/mogi_ws/build/ros2_tutorials_cpp
[0.974s] Level 1:colcon.colcon_core.environment:checking '/home/lenovo/Desktop/mogi_ws/install/ros2_tutorials_cpp' for CMake config files
[0.974s] Level 1:colcon.colcon_core.shell:create_environment_hook('ros2_tutorials_cpp', 'cmake_prefix_path')
[0.975s] INFO:colcon.colcon_core.shell:Creating environment hook '/home/lenovo/Desktop/mogi_ws/install/ros2_tutorials_cpp/share/ros2_tutorials_cpp/hook/cmake_prefix_path.ps1'
[0.976s] INFO:colcon.colcon_core.shell:Creating environment descriptor '/home/lenovo/Desktop/mogi_ws/install/ros2_tutorials_cpp/share/ros2_tutorials_cpp/hook/cmake_prefix_path.dsv'
[0.977s] INFO:colcon.colcon_core.shell:Creating environment hook '/home/lenovo/Desktop/mogi_ws/install/ros2_tutorials_cpp/share/ros2_tutorials_cpp/hook/cmake_prefix_path.sh'
[0.978s] Level 1:colcon.colcon_core.environment:checking '/home/lenovo/Desktop/mogi_ws/install/ros2_tutorials_cpp/lib'
[0.978s] Level 1:colcon.colcon_core.environment:checking '/home/lenovo/Desktop/mogi_ws/install/ros2_tutorials_cpp/bin'
[0.978s] Level 1:colcon.colcon_core.environment:checking '/home/lenovo/Desktop/mogi_ws/install/ros2_tutorials_cpp/lib/pkgconfig/ros2_tutorials_cpp.pc'
[0.979s] Level 1:colcon.colcon_core.environment:checking '/home/lenovo/Desktop/mogi_ws/install/ros2_tutorials_cpp/lib/python3.12/site-packages'
[0.979s] Level 1:colcon.colcon_core.environment:checking '/home/lenovo/Desktop/mogi_ws/install/ros2_tutorials_cpp/bin'
[0.980s] INFO:colcon.colcon_core.shell:Creating package script '/home/lenovo/Desktop/mogi_ws/install/ros2_tutorials_cpp/share/ros2_tutorials_cpp/package.ps1'
[0.980s] INFO:colcon.colcon_core.shell:Creating package descriptor '/home/lenovo/Desktop/mogi_ws/install/ros2_tutorials_cpp/share/ros2_tutorials_cpp/package.dsv'
[0.981s] INFO:colcon.colcon_core.shell:Creating package script '/home/lenovo/Desktop/mogi_ws/install/ros2_tutorials_cpp/share/ros2_tutorials_cpp/package.sh'
[0.982s] INFO:colcon.colcon_core.shell:Creating package script '/home/lenovo/Desktop/mogi_ws/install/ros2_tutorials_cpp/share/ros2_tutorials_cpp/package.bash'
[0.983s] INFO:colcon.colcon_core.shell:Creating package script '/home/lenovo/Desktop/mogi_ws/install/ros2_tutorials_cpp/share/ros2_tutorials_cpp/package.zsh'
[0.984s] Level 1:colcon.colcon_core.environment:create_file_with_runtime_dependencies(/home/lenovo/Desktop/mogi_ws/install/ros2_tutorials_cpp/share/colcon-core/packages/ros2_tutorials_cpp)
[0.986s] Level 1:colcon.colcon_core.environment:create_environment_scripts_only(ros2_tutorials_cpp)
[0.986s] Level 1:colcon.colcon_core.environment:checking '/home/lenovo/Desktop/mogi_ws/install/ros2_tutorials_cpp' for CMake module files
[0.988s] Level 1:colcon.colcon_core.environment:checking '/home/lenovo/Desktop/mogi_ws/install/ros2_tutorials_cpp' for CMake config files
[0.988s] Level 1:colcon.colcon_core.shell:create_environment_hook('ros2_tutorials_cpp', 'cmake_prefix_path')
[0.989s] INFO:colcon.colcon_core.shell:Creating environment hook '/home/lenovo/Desktop/mogi_ws/install/ros2_tutorials_cpp/share/ros2_tutorials_cpp/hook/cmake_prefix_path.ps1'
[0.990s] INFO:colcon.colcon_core.shell:Creating environment descriptor '/home/lenovo/Desktop/mogi_ws/install/ros2_tutorials_cpp/share/ros2_tutorials_cpp/hook/cmake_prefix_path.dsv'
[0.992s] INFO:colcon.colcon_core.shell:Creating environment hook '/home/lenovo/Desktop/mogi_ws/install/ros2_tutorials_cpp/share/ros2_tutorials_cpp/hook/cmake_prefix_path.sh'
[0.994s] Level 1:colcon.colcon_core.environment:checking '/home/lenovo/Desktop/mogi_ws/install/ros2_tutorials_cpp/lib'
[0.995s] Level 1:colcon.colcon_core.environment:checking '/home/lenovo/Desktop/mogi_ws/install/ros2_tutorials_cpp/bin'
[0.995s] Level 1:colcon.colcon_core.environment:checking '/home/lenovo/Desktop/mogi_ws/install/ros2_tutorials_cpp/lib/pkgconfig/ros2_tutorials_cpp.pc'
[0.996s] Level 1:colcon.colcon_core.environment:checking '/home/lenovo/Desktop/mogi_ws/install/ros2_tutorials_cpp/lib/python3.12/site-packages'
[0.996s] Level 1:colcon.colcon_core.environment:checking '/home/lenovo/Desktop/mogi_ws/install/ros2_tutorials_cpp/bin'
[0.997s] INFO:colcon.colcon_core.shell:Creating package script '/home/lenovo/Desktop/mogi_ws/install/ros2_tutorials_cpp/share/ros2_tutorials_cpp/package.ps1'
[0.999s] INFO:colcon.colcon_core.shell:Creating package descriptor '/home/lenovo/Desktop/mogi_ws/install/ros2_tutorials_cpp/share/ros2_tutorials_cpp/package.dsv'
[1.000s] INFO:colcon.colcon_core.shell:Creating package script '/home/lenovo/Desktop/mogi_ws/install/ros2_tutorials_cpp/share/ros2_tutorials_cpp/package.sh'
[1.001s] INFO:colcon.colcon_core.shell:Creating package script '/home/lenovo/Desktop/mogi_ws/install/ros2_tutorials_cpp/share/ros2_tutorials_cpp/package.bash'
[1.002s] INFO:colcon.colcon_core.shell:Creating package script '/home/lenovo/Desktop/mogi_ws/install/ros2_tutorials_cpp/share/ros2_tutorials_cpp/package.zsh'
[1.003s] Level 1:colcon.colcon_core.environment:create_file_with_runtime_dependencies(/home/lenovo/Desktop/mogi_ws/install/ros2_tutorials_cpp/share/colcon-core/packages/ros2_tutorials_cpp)
[1.838s] DEBUG:colcon.colcon_core.event_handler.log_command:Invoking command in '/home/lenovo/Desktop/mogi_ws/src/ros2_tutorials_py': DEBUGINFOD_URLS=https://debuginfod.ubuntu.com PYTHONPATH=/home/lenovo/Desktop/mogi_ws/build/ros2_tutorials_py/prefix_override:/usr/lib/python3/dist-packages/colcon_core/task/python/colcon_distutils_commands:/home/lenovo/Desktop/mogi_ws/install/ros2_tutorials_py/lib/python3.12/site-packages:${PYTHONPATH} /usr/bin/python3 -W ignore:setup.py install is deprecated -W ignore:easy_install command is deprecated setup.py egg_info --egg-base ../../build/ros2_tutorials_py build --build-base /home/lenovo/Desktop/mogi_ws/build/ros2_tutorials_py/build install --record /home/lenovo/Desktop/mogi_ws/build/ros2_tutorials_py/install.log --single-version-externally-managed install_data
[2.653s] Level 1:colcon.colcon_core.environment:checking '/home/lenovo/Desktop/mogi_ws/install/ros2_tutorials_py' for CMake module files
[2.654s] DEBUG:colcon.colcon_core.event_handler.log_command:Invoked command in '/home/lenovo/Desktop/mogi_ws/src/ros2_tutorials_py' returned '0': DEBUGINFOD_URLS=https://debuginfod.ubuntu.com PYTHONPATH=/home/lenovo/Desktop/mogi_ws/build/ros2_tutorials_py/prefix_override:/usr/lib/python3/dist-packages/colcon_core/task/python/colcon_distutils_commands:/home/lenovo/Desktop/mogi_ws/install/ros2_tutorials_py/lib/python3.12/site-packages:${PYTHONPATH} /usr/bin/python3 -W ignore:setup.py install is deprecated -W ignore:easy_install command is deprecated setup.py egg_info --egg-base ../../build/ros2_tutorials_py build --build-base /home/lenovo/Desktop/mogi_ws/build/ros2_tutorials_py/build install --record /home/lenovo/Desktop/mogi_ws/build/ros2_tutorials_py/install.log --single-version-externally-managed install_data
[2.654s] Level 1:colcon.colcon_core.environment:checking '/home/lenovo/Desktop/mogi_ws/install/ros2_tutorials_py' for CMake config files
[2.655s] Level 1:colcon.colcon_core.environment:checking '/home/lenovo/Desktop/mogi_ws/install/ros2_tutorials_py/lib'
[2.655s] Level 1:colcon.colcon_core.environment:checking '/home/lenovo/Desktop/mogi_ws/install/ros2_tutorials_py/bin'
[2.655s] Level 1:colcon.colcon_core.environment:checking '/home/lenovo/Desktop/mogi_ws/install/ros2_tutorials_py/lib/pkgconfig/ros2_tutorials_py.pc'
[2.655s] Level 1:colcon.colcon_core.environment:checking '/home/lenovo/Desktop/mogi_ws/install/ros2_tutorials_py/lib/python3.12/site-packages'
[2.656s] Level 1:colcon.colcon_core.shell:create_environment_hook('ros2_tutorials_py', 'pythonpath')
[2.656s] INFO:colcon.colcon_core.shell:Creating environment hook '/home/lenovo/Desktop/mogi_ws/install/ros2_tutorials_py/share/ros2_tutorials_py/hook/pythonpath.ps1'
[2.656s] INFO:colcon.colcon_core.shell:Creating environment descriptor '/home/lenovo/Desktop/mogi_ws/install/ros2_tutorials_py/share/ros2_tutorials_py/hook/pythonpath.dsv'
[2.657s] INFO:colcon.colcon_core.shell:Creating environment hook '/home/lenovo/Desktop/mogi_ws/install/ros2_tutorials_py/share/ros2_tutorials_py/hook/pythonpath.sh'
[2.658s] Level 1:colcon.colcon_core.environment:checking '/home/lenovo/Desktop/mogi_ws/install/ros2_tutorials_py/bin'
[2.658s] Level 1:colcon.colcon_core.environment:create_environment_scripts_only(ros2_tutorials_py)
[2.658s] INFO:colcon.colcon_core.shell:Creating package script '/home/lenovo/Desktop/mogi_ws/install/ros2_tutorials_py/share/ros2_tutorials_py/package.ps1'
[2.659s] INFO:colcon.colcon_core.shell:Creating package descriptor '/home/lenovo/Desktop/mogi_ws/install/ros2_tutorials_py/share/ros2_tutorials_py/package.dsv'
[2.659s] INFO:colcon.colcon_core.shell:Creating package script '/home/lenovo/Desktop/mogi_ws/install/ros2_tutorials_py/share/ros2_tutorials_py/package.sh'
[2.660s] INFO:colcon.colcon_core.shell:Creating package script '/home/lenovo/Desktop/mogi_ws/install/ros2_tutorials_py/share/ros2_tutorials_py/package.bash'
[2.660s] INFO:colcon.colcon_core.shell:Creating package script '/home/lenovo/Desktop/mogi_ws/install/ros2_tutorials_py/share/ros2_tutorials_py/package.zsh'
[2.660s] Level 1:colcon.colcon_core.environment:create_file_with_runtime_dependencies(/home/lenovo/Desktop/mogi_ws/install/ros2_tutorials_py/share/colcon-core/packages/ros2_tutorials_py)
[2.661s] DEBUG:colcon.colcon_parallel_executor.executor.parallel:closing loop
[2.661s] DEBUG:colcon.colcon_parallel_executor.executor.parallel:loop closed
[2.661s] DEBUG:colcon.colcon_parallel_executor.executor.parallel:run_until_complete finished with '0'
[2.661s] DEBUG:colcon.colcon_core.event_reactor:joining thread
[2.674s] INFO:colcon.colcon_core.plugin_system:Skipping extension 'colcon_notification.desktop_notification.terminal_notifier': Not used on non-Darwin systems
[2.674s] INFO:colcon.colcon_core.plugin_system:Skipping extension 'colcon_notification.desktop_notification.win32': Not used on non-Windows systems
[2.674s] INFO:colcon.colcon_notification.desktop_notification:Sending desktop notification using 'notify2'
[2.713s] DEBUG:colcon.colcon_core.event_reactor:joined thread
[2.714s] INFO:colcon.colcon_core.shell:Creating prefix script '/home/lenovo/Desktop/mogi_ws/install/local_setup.ps1'
[2.716s] INFO:colcon.colcon_core.shell:Creating prefix util module '/home/lenovo/Desktop/mogi_ws/install/_local_setup_util_ps1.py'
[2.719s] INFO:colcon.colcon_core.shell:Creating prefix chain script '/home/lenovo/Desktop/mogi_ws/install/setup.ps1'
[2.724s] INFO:colcon.colcon_core.shell:Creating prefix script '/home/lenovo/Desktop/mogi_ws/install/local_setup.sh'
[2.726s] INFO:colcon.colcon_core.shell:Creating prefix util module '/home/lenovo/Desktop/mogi_ws/install/_local_setup_util_sh.py'
[2.728s] INFO:colcon.colcon_core.shell:Creating prefix chain script '/home/lenovo/Desktop/mogi_ws/install/setup.sh'
[2.733s] INFO:colcon.colcon_core.shell:Creating prefix script '/home/lenovo/Desktop/mogi_ws/install/local_setup.bash'
[2.734s] INFO:colcon.colcon_core.shell:Creating prefix chain script '/home/lenovo/Desktop/mogi_ws/install/setup.bash'
[2.738s] INFO:colcon.colcon_core.shell:Creating prefix script '/home/lenovo/Desktop/mogi_ws/install/local_setup.zsh'
[2.739s] INFO:colcon.colcon_core.shell:Creating prefix chain script '/home/lenovo/Desktop/mogi_ws/install/setup.zsh'
